[ 2015-04-17T08:49:38+08:00 ] 127.0.0.1 /DreamCMSCN/Template/Admin/bootstrap/Layout/Js/jquery.min.js
INFO: [ app_init ] --START--
INFO: Run Behavior\BuildLiteBehavior [ RunTime:0.000000s ]
INFO: [ app_init ] --END-- [ RunTime:0.001000s ]
INFO: [ app_begin ] --START--
INFO: Run Behavior\ReadHtmlCacheBehavior [ RunTime:0.001000s ]
INFO: Run Behavior\FlChkLangBehavior [ RunTime:0.001000s ]
INFO: [ app_begin ] --END-- [ RunTime:0.003000s ]
ERR: 无法加载控制器:Template

[ 2015-04-17T08:49:46+08:00 ] 127.0.0.1 /DreamCMSCN/Template/Admin/bootstrap/Layout/Js/jquery.min.js
INFO: [ app_init ] --START--
INFO: Run Behavior\BuildLiteBehavior [ RunTime:0.000000s ]
INFO: [ app_init ] --END-- [ RunTime:0.001001s ]
INFO: [ app_begin ] --START--
INFO: Run Behavior\ReadHtmlCacheBehavior [ RunTime:0.001000s ]
INFO: Run Behavior\FlChkLangBehavior [ RunTime:0.001000s ]
INFO: [ app_begin ] --END-- [ RunTime:0.002000s ]
ERR: 无法加载控制器:Template

[ 2015-04-17T08:49:58+08:00 ] 127.0.0.1 /DreamCMSCN/Template/Admin/bootstrap/Layout/Js/jquery.min.js
INFO: [ app_init ] --START--
INFO: Run Behavior\BuildLiteBehavior [ RunTime:0.000000s ]
INFO: [ app_init ] --END-- [ RunTime:0.002001s ]
INFO: [ app_begin ] --START--
INFO: Run Behavior\ReadHtmlCacheBehavior [ RunTime:0.002000s ]
INFO: Run Behavior\FlChkLangBehavior [ RunTime:0.001000s ]
INFO: [ app_begin ] --END-- [ RunTime:0.003000s ]
ERR: 无法加载控制器:Template

[ 2015-04-17T08:50:09+08:00 ] 127.0.0.1 /DreamCMSCN/Template/Admin/bootstrap/Layout/Js/jquery.min.js
INFO: [ app_init ] --START--
INFO: Run Behavior\BuildLiteBehavior [ RunTime:0.000000s ]
INFO: [ app_init ] --END-- [ RunTime:0.001000s ]
INFO: [ app_begin ] --START--
INFO: Run Behavior\ReadHtmlCacheBehavior [ RunTime:0.001000s ]
INFO: Run Behavior\FlChkLangBehavior [ RunTime:0.001000s ]
INFO: [ app_begin ] --END-- [ RunTime:0.002000s ]
ERR: 无法加载控制器:Template

[ 2015-04-17T08:50:23+08:00 ] 127.0.0.1 /DreamCMSCN/Template/Plugin/Test/Res/thumb.png
INFO: [ app_init ] --START--
INFO: Run Behavior\BuildLiteBehavior [ RunTime:0.000000s ]
INFO: [ app_init ] --END-- [ RunTime:0.001000s ]

[ 2015-04-17T08:50:27+08:00 ] 127.0.0.1 /DreamCMSCN/Template/Plugin/Test/Res/thumb.png
INFO: [ app_init ] --START--
INFO: Run Behavior\BuildLiteBehavior [ RunTime:0.000000s ]
INFO: [ app_init ] --END-- [ RunTime:0.000000s ]

[ 2015-04-17T08:50:30+08:00 ] 127.0.0.1 /DreamCMSCN/Template/Plugin/Test/Res/thumb.png
INFO: [ app_init ] --START--
INFO: Run Behavior\BuildLiteBehavior [ RunTime:0.000000s ]
INFO: [ app_init ] --END-- [ RunTime:0.001000s ]

[ 2015-04-17T08:50:34+08:00 ] 127.0.0.1 /DreamCMSCN/2/Collection/Admin/add.html
INFO: [ app_init ] --START--
INFO: Run Behavior\BuildLiteBehavior [ RunTime:0.000000s ]
INFO: [ app_init ] --END-- [ RunTime:0.001000s ]
INFO: [ app_begin ] --START--
INFO: Run Behavior\ReadHtmlCacheBehavior [ RunTime:0.001000s ]
INFO: Run Behavior\FlChkLangBehavior [ RunTime:0.001000s ]
INFO: [ app_begin ] --END-- [ RunTime:0.002000s ]
ERR: 无法加载控制器:2

[ 2015-04-17T08:50:42+08:00 ] 127.0.0.1 /DreamCMSCN/Template/Plugin/Test/Res/thumb.png
INFO: [ app_init ] --START--
INFO: Run Behavior\BuildLiteBehavior [ RunTime:0.000000s ]
INFO: [ app_init ] --END-- [ RunTime:0.000000s ]

[ 2015-04-17T08:50:42+08:00 ] 127.0.0.1 /DreamCMSCN/Template/Plugin/Test/Res/thumb.png
INFO: [ app_init ] --START--
INFO: Run Behavior\BuildLiteBehavior [ RunTime:0.000000s ]
INFO: [ app_init ] --END-- [ RunTime:0.000000s ]

[ 2015-04-17T09:01:09+08:00 ] 127.0.0.1 /DreamCMSCN/Template/Plugin/Test/Res/thumb.png
INFO: [ app_init ] --START--
INFO: Run Behavior\BuildLiteBehavior [ RunTime:0.000000s ]
INFO: [ app_init ] --END-- [ RunTime:0.001000s ]

[ 2015-04-17T09:01:11+08:00 ] 127.0.0.1 /DreamCMSCN/Template/Plugin/Test/Res/thumb.png
INFO: [ app_init ] --START--
INFO: Run Behavior\BuildLiteBehavior [ RunTime:0.000000s ]
INFO: [ app_init ] --END-- [ RunTime:0.001001s ]

[ 2015-04-17T09:01:28+08:00 ] 127.0.0.1 /DreamCMSCN/Template/Plugin/Test/Res/thumb.png
INFO: [ app_init ] --START--
INFO: Run Behavior\BuildLiteBehavior [ RunTime:0.000000s ]
INFO: [ app_init ] --END-- [ RunTime:0.001000s ]

[ 2015-04-17T09:02:02+08:00 ] 127.0.0.1 /DreamCMSCN/Template/Plugin/Test/Res/thumb.png
INFO: [ app_init ] --START--
INFO: Run Behavior\BuildLiteBehavior [ RunTime:0.000000s ]
INFO: [ app_init ] --END-- [ RunTime:0.001000s ]

[ 2015-04-17T09:03:14+08:00 ] 127.0.0.1 /DreamCMSCN/Template/Plugin/Test/Res/thumb.png
INFO: [ app_init ] --START--
INFO: Run Behavior\BuildLiteBehavior [ RunTime:0.000000s ]
INFO: [ app_init ] --END-- [ RunTime:0.002000s ]

[ 2015-04-17T09:03:15+08:00 ] 127.0.0.1 /DreamCMSCN/Template/Plugin/Test/Res/thumb.png
INFO: [ app_init ] --START--
INFO: Run Behavior\BuildLiteBehavior [ RunTime:0.000000s ]
INFO: [ app_init ] --END-- [ RunTime:0.001000s ]

[ 2015-04-17T09:13:53+08:00 ] 127.0.0.1 /DreamCMSCN/Template/Plugin/Test/Res/thumb.png
INFO: [ app_init ] --START--
INFO: Run Behavior\BuildLiteBehavior [ RunTime:0.000000s ]
INFO: [ app_init ] --END-- [ RunTime:0.000000s ]

[ 2015-04-17T09:13:54+08:00 ] 127.0.0.1 /DreamCMSCN/Template/Plugin/Test/Res/thumb.png
INFO: [ app_init ] --START--
INFO: Run Behavior\BuildLiteBehavior [ RunTime:0.000000s ]
INFO: [ app_init ] --END-- [ RunTime:0.003000s ]

[ 2015-04-17T09:14:38+08:00 ] 127.0.0.1 /DreamCMSCN/Template/Plugin/Test/Res/thumb.png
INFO: [ app_init ] --START--
INFO: Run Behavior\BuildLiteBehavior [ RunTime:0.001000s ]
INFO: [ app_init ] --END-- [ RunTime:0.001000s ]

[ 2015-04-17T09:14:39+08:00 ] 127.0.0.1 /DreamCMSCN/Template/Plugin/Test/Res/thumb.png
INFO: [ app_init ] --START--
INFO: Run Behavior\BuildLiteBehavior [ RunTime:0.000000s ]
INFO: [ app_init ] --END-- [ RunTime:0.001000s ]

[ 2015-04-17T09:15:17+08:00 ] 127.0.0.1 /DreamCMSCN/Template/Plugin/Test/Res/thumb.png
INFO: [ app_init ] --START--
INFO: Run Behavior\BuildLiteBehavior [ RunTime:0.000000s ]
INFO: [ app_init ] --END-- [ RunTime:0.000000s ]

[ 2015-04-17T09:15:17+08:00 ] 127.0.0.1 /DreamCMSCN/Template/Plugin/Test/Res/thumb.png
INFO: [ app_init ] --START--
INFO: Run Behavior\BuildLiteBehavior [ RunTime:0.000000s ]
INFO: [ app_init ] --END-- [ RunTime:0.001000s ]

[ 2015-04-17T09:33:55+08:00 ] 127.0.0.1 /DreamCMSCN/Template/Plugin/Test/Res/thumb.png
INFO: [ app_init ] --START--
INFO: Run Behavior\BuildLiteBehavior [ RunTime:0.000000s ]
INFO: [ app_init ] --END-- [ RunTime:0.001000s ]

[ 2015-04-17T10:13:17+08:00 ] 127.0.0.1 /DreamCMSCN/Template/Plugin/Test/Res/thumb.png
INFO: [ app_init ] --START--
INFO: Run Behavior\BuildLiteBehavior [ RunTime:0.000000s ]
INFO: [ app_init ] --END-- [ RunTime:0.001000s ]

[ 2015-04-17T10:13:17+08:00 ] 127.0.0.1 /DreamCMSCN/Template/Plugin/Test/Res/thumb.png
INFO: [ app_init ] --START--
INFO: Run Behavior\BuildLiteBehavior [ RunTime:0.000000s ]
INFO: [ app_init ] --END-- [ RunTime:0.001000s ]

[ 2015-04-17T10:13:35+08:00 ] 127.0.0.1 /DreamCMSCN/Template/Plugin/Test/Res/thumb.png
INFO: [ app_init ] --START--
INFO: Run Behavior\BuildLiteBehavior [ RunTime:0.000000s ]
INFO: [ app_init ] --END-- [ RunTime:0.001000s ]

[ 2015-04-17T10:13:35+08:00 ] 127.0.0.1 /DreamCMSCN/Template/Plugin/Test/Res/thumb.png
INFO: [ app_init ] --START--
INFO: Run Behavior\BuildLiteBehavior [ RunTime:0.000000s ]
INFO: [ app_init ] --END-- [ RunTime:0.000000s ]

[ 2015-04-17T10:15:54+08:00 ] 127.0.0.1 /DreamCMSCN/Template/Plugin/Test/Res/thumb.png
INFO: [ app_init ] --START--
INFO: Run Behavior\BuildLiteBehavior [ RunTime:0.001000s ]
INFO: [ app_init ] --END-- [ RunTime:0.001000s ]

[ 2015-04-17T10:15:54+08:00 ] 127.0.0.1 /DreamCMSCN/Template/Plugin/Test/Res/thumb.png
INFO: [ app_init ] --START--
INFO: Run Behavior\BuildLiteBehavior [ RunTime:0.000000s ]
INFO: [ app_init ] --END-- [ RunTime:0.001000s ]

[ 2015-04-17T10:16:13+08:00 ] 127.0.0.1 /DreamCMSCN/Template/Plugin/Test/Res/thumb.png
INFO: [ app_init ] --START--
INFO: Run Behavior\BuildLiteBehavior [ RunTime:0.000000s ]
INFO: [ app_init ] --END-- [ RunTime:0.001000s ]

[ 2015-04-17T10:16:13+08:00 ] 127.0.0.1 /DreamCMSCN/Template/Plugin/Test/Res/thumb.png
INFO: [ app_init ] --START--
INFO: Run Behavior\BuildLiteBehavior [ RunTime:0.000000s ]
INFO: [ app_init ] --END-- [ RunTime:0.001000s ]

[ 2015-04-17T10:28:06+08:00 ] 127.0.0.1 /DreamCMSCN/Template/Plugin/Test/Res/thumb.png
INFO: [ app_init ] --START--
INFO: Run Behavior\BuildLiteBehavior [ RunTime:0.000000s ]
INFO: [ app_init ] --END-- [ RunTime:0.001001s ]

[ 2015-04-17T10:28:07+08:00 ] 127.0.0.1 /DreamCMSCN/Template/Plugin/Test/Res/thumb.png
INFO: [ app_init ] --START--
INFO: Run Behavior\BuildLiteBehavior [ RunTime:0.000000s ]
INFO: [ app_init ] --END-- [ RunTime:0.001000s ]

[ 2015-04-17T10:29:53+08:00 ] 127.0.0.1 /DreamCMSCN/Template/Plugin/Test/Res/thumb.png
INFO: [ app_init ] --START--
INFO: Run Behavior\BuildLiteBehavior [ RunTime:0.000000s ]
INFO: [ app_init ] --END-- [ RunTime:0.001000s ]

[ 2015-04-17T10:29:53+08:00 ] 127.0.0.1 /DreamCMSCN/Template/Plugin/Test/Res/thumb.png
INFO: [ app_init ] --START--
INFO: Run Behavior\BuildLiteBehavior [ RunTime:0.000000s ]
INFO: [ app_init ] --END-- [ RunTime:0.001000s ]

[ 2015-04-17T10:48:03+08:00 ] 127.0.0.1 /DreamCMSCN/Template/Plugin/Test/Res/thumb.png
INFO: [ app_init ] --START--
INFO: Run Behavior\BuildLiteBehavior [ RunTime:0.000000s ]
INFO: [ app_init ] --END-- [ RunTime:0.001001s ]

[ 2015-04-17T10:48:53+08:00 ] 127.0.0.1 /DreamCMSCN/Template/Plugin/Test/Res/thumb.png
INFO: [ app_init ] --START--
INFO: Run Behavior\BuildLiteBehavior [ RunTime:0.000000s ]
INFO: [ app_init ] --END-- [ RunTime:0.001000s ]

[ 2015-04-17T10:48:53+08:00 ] 127.0.0.1 /DreamCMSCN/Template/Plugin/Test/Res/thumb.png
INFO: [ app_init ] --START--
INFO: Run Behavior\BuildLiteBehavior [ RunTime:0.000000s ]
INFO: [ app_init ] --END-- [ RunTime:0.001000s ]

[ 2015-04-17T10:49:21+08:00 ] 127.0.0.1 /DreamCMSCN/Template/Plugin/Test/Res/thumb.png
INFO: [ app_init ] --START--
INFO: Run Behavior\BuildLiteBehavior [ RunTime:0.000000s ]
INFO: [ app_init ] --END-- [ RunTime:0.001000s ]

[ 2015-04-17T10:49:21+08:00 ] 127.0.0.1 /DreamCMSCN/Template/Plugin/Test/Res/thumb.png
INFO: [ app_init ] --START--
INFO: Run Behavior\BuildLiteBehavior [ RunTime:0.000000s ]
INFO: [ app_init ] --END-- [ RunTime:0.000000s ]

[ 2015-04-17T10:50:51+08:00 ] 127.0.0.1 /DreamCMSCN/Template/Plugin/Test/Res/thumb.png
INFO: [ app_init ] --START--
INFO: Run Behavior\BuildLiteBehavior [ RunTime:0.000000s ]
INFO: [ app_init ] --END-- [ RunTime:0.001000s ]

[ 2015-04-17T10:50:52+08:00 ] 127.0.0.1 /DreamCMSCN/Template/Plugin/Test/Res/thumb.png
INFO: [ app_init ] --START--
INFO: Run Behavior\BuildLiteBehavior [ RunTime:0.000000s ]
INFO: [ app_init ] --END-- [ RunTime:0.001000s ]

[ 2015-04-17T10:51:21+08:00 ] 127.0.0.1 /DreamCMSCN/Template/Plugin/Test/Res/thumb.png
INFO: [ app_init ] --START--
INFO: Run Behavior\BuildLiteBehavior [ RunTime:0.000000s ]
INFO: [ app_init ] --END-- [ RunTime:0.000000s ]

[ 2015-04-17T10:51:21+08:00 ] 127.0.0.1 /DreamCMSCN/Template/Plugin/Test/Res/thumb.png
INFO: [ app_init ] --START--
INFO: Run Behavior\BuildLiteBehavior [ RunTime:0.001000s ]
INFO: [ app_init ] --END-- [ RunTime:0.001000s ]

[ 2015-04-17T10:52:52+08:00 ] 127.0.0.1 /DreamCMSCN/Template/Plugin/Test/Res/thumb.png
INFO: [ app_init ] --START--
INFO: Run Behavior\BuildLiteBehavior [ RunTime:0.000000s ]
INFO: [ app_init ] --END-- [ RunTime:0.001000s ]

[ 2015-04-17T10:52:53+08:00 ] 127.0.0.1 /DreamCMSCN/Template/Plugin/Test/Res/thumb.png
INFO: [ app_init ] --START--
INFO: Run Behavior\BuildLiteBehavior [ RunTime:0.000000s ]
INFO: [ app_init ] --END-- [ RunTime:0.001000s ]

[ 2015-04-17T11:08:07+08:00 ] 127.0.0.1 /DreamCMSCN/Template/Plugin/Test/Res/thumb.png
INFO: [ app_init ] --START--
INFO: Run Behavior\BuildLiteBehavior [ RunTime:0.000000s ]
INFO: [ app_init ] --END-- [ RunTime:0.001000s ]

[ 2015-04-17T11:08:07+08:00 ] 127.0.0.1 /DreamCMSCN/Template/Plugin/Test/Res/thumb.png
INFO: [ app_init ] --START--
INFO: Run Behavior\BuildLiteBehavior [ RunTime:0.000000s ]
INFO: [ app_init ] --END-- [ RunTime:0.001000s ]

[ 2015-04-17T11:23:10+08:00 ] 127.0.0.1 /DreamCMSCN/Template/Plugin/Test/Res/thumb.png
INFO: [ app_init ] --START--
INFO: Run Behavior\BuildLiteBehavior [ RunTime:0.000000s ]
INFO: [ app_init ] --END-- [ RunTime:0.001000s ]

[ 2015-04-17T11:23:41+08:00 ] 127.0.0.1 /DreamCMSCN/Template/Plugin/Test/Res/thumb.png
INFO: [ app_init ] --START--
INFO: Run Behavior\BuildLiteBehavior [ RunTime:0.000000s ]
INFO: [ app_init ] --END-- [ RunTime:0.000000s ]

[ 2015-04-17T11:23:41+08:00 ] 127.0.0.1 /DreamCMSCN/Template/Plugin/Test/Res/thumb.png
INFO: [ app_init ] --START--
INFO: Run Behavior\BuildLiteBehavior [ RunTime:0.001000s ]
INFO: [ app_init ] --END-- [ RunTime:0.001000s ]

[ 2015-04-17T11:24:48+08:00 ] 127.0.0.1 /DreamCMSCN/Template/Plugin/Test/Res/thumb.png
INFO: [ app_init ] --START--
INFO: Run Behavior\BuildLiteBehavior [ RunTime:0.000000s ]
INFO: [ app_init ] --END-- [ RunTime:0.001000s ]

[ 2015-04-17T11:24:48+08:00 ] 127.0.0.1 /DreamCMSCN/Template/Plugin/Test/Res/thumb.png
INFO: [ app_init ] --START--
INFO: Run Behavior\BuildLiteBehavior [ RunTime:0.000000s ]
INFO: [ app_init ] --END-- [ RunTime:0.001000s ]

[ 2015-04-17T11:25:13+08:00 ] 127.0.0.1 /DreamCMSCN/Template/Plugin/Test/Res/thumb.png
INFO: [ app_init ] --START--
INFO: Run Behavior\BuildLiteBehavior [ RunTime:0.000000s ]
INFO: [ app_init ] --END-- [ RunTime:0.001000s ]

[ 2015-04-17T11:25:13+08:00 ] 127.0.0.1 /DreamCMSCN/Template/Plugin/Test/Res/thumb.png
INFO: [ app_init ] --START--
INFO: Run Behavior\BuildLiteBehavior [ RunTime:0.001000s ]
INFO: [ app_init ] --END-- [ RunTime:0.001000s ]

[ 2015-04-17T11:25:52+08:00 ] 127.0.0.1 /DreamCMSCN/Template/Plugin/Test/Res/thumb.png
INFO: [ app_init ] --START--
INFO: Run Behavior\BuildLiteBehavior [ RunTime:0.000000s ]
INFO: [ app_init ] --END-- [ RunTime:0.001000s ]

[ 2015-04-17T11:25:52+08:00 ] 127.0.0.1 /DreamCMSCN/Template/Plugin/Test/Res/thumb.png
INFO: [ app_init ] --START--
INFO: Run Behavior\BuildLiteBehavior [ RunTime:0.001000s ]
INFO: [ app_init ] --END-- [ RunTime:0.001000s ]

[ 2015-04-17T11:29:09+08:00 ] 127.0.0.1 /DreamCMSCN/Template/Plugin/Test/Res/thumb.png
INFO: [ app_init ] --START--
INFO: Run Behavior\BuildLiteBehavior [ RunTime:0.000000s ]
INFO: [ app_init ] --END-- [ RunTime:0.001000s ]

[ 2015-04-17T11:29:09+08:00 ] 127.0.0.1 /DreamCMSCN/Template/Plugin/Test/Res/thumb.png
INFO: [ app_init ] --START--
INFO: Run Behavior\BuildLiteBehavior [ RunTime:0.000000s ]
INFO: [ app_init ] --END-- [ RunTime:0.001000s ]

[ 2015-04-17T11:35:45+08:00 ] 127.0.0.1 /DreamCMSCN/Template/Plugin/Test/Res/thumb.png
INFO: [ app_init ] --START--
INFO: Run Behavior\BuildLiteBehavior [ RunTime:0.000000s ]
INFO: [ app_init ] --END-- [ RunTime:0.001000s ]

[ 2015-04-17T11:35:45+08:00 ] 127.0.0.1 /DreamCMSCN/Template/Plugin/Test/Res/thumb.png
INFO: [ app_init ] --START--
INFO: Run Behavior\BuildLiteBehavior [ RunTime:0.000000s ]
INFO: [ app_init ] --END-- [ RunTime:0.001000s ]

[ 2015-04-17T11:36:04+08:00 ] 127.0.0.1 /DreamCMSCN/Template/Plugin/Test/Res/thumb.png
INFO: [ app_init ] --START--
INFO: Run Behavior\BuildLiteBehavior [ RunTime:0.000000s ]
INFO: [ app_init ] --END-- [ RunTime:0.001000s ]

[ 2015-04-17T11:36:05+08:00 ] 127.0.0.1 /DreamCMSCN/Template/Plugin/Test/Res/thumb.png
INFO: [ app_init ] --START--
INFO: Run Behavior\BuildLiteBehavior [ RunTime:0.000000s ]
INFO: [ app_init ] --END-- [ RunTime:0.001000s ]

[ 2015-04-17T11:36:08+08:00 ] 127.0.0.1 /DreamCMSCN/Template/Plugin/Test/Res/thumb.png
INFO: [ app_init ] --START--
INFO: Run Behavior\BuildLiteBehavior [ RunTime:0.000000s ]
INFO: [ app_init ] --END-- [ RunTime:0.001000s ]

[ 2015-04-17T11:36:08+08:00 ] 127.0.0.1 /DreamCMSCN/Template/Plugin/Test/Res/thumb.png
INFO: [ app_init ] --START--
INFO: Run Behavior\BuildLiteBehavior [ RunTime:0.001000s ]
INFO: [ app_init ] --END-- [ RunTime:0.001000s ]

[ 2015-04-17T11:36:12+08:00 ] 127.0.0.1 /DreamCMSCN/Template/Plugin/Test/Res/thumb.png
INFO: [ app_init ] --START--
INFO: Run Behavior\BuildLiteBehavior [ RunTime:0.000000s ]
INFO: [ app_init ] --END-- [ RunTime:0.001000s ]

[ 2015-04-17T11:36:13+08:00 ] 127.0.0.1 /DreamCMSCN/Template/Plugin/Test/Res/thumb.png
INFO: [ app_init ] --START--
INFO: Run Behavior\BuildLiteBehavior [ RunTime:0.000000s ]
INFO: [ app_init ] --END-- [ RunTime:0.000000s ]

[ 2015-04-17T11:37:24+08:00 ] 127.0.0.1 /DreamCMSCN/Template/Plugin/Test/Res/thumb.png
INFO: [ app_init ] --START--
INFO: Run Behavior\BuildLiteBehavior [ RunTime:0.001000s ]
INFO: [ app_init ] --END-- [ RunTime:0.001000s ]

[ 2015-04-17T11:37:24+08:00 ] 127.0.0.1 /DreamCMSCN/Template/Plugin/Test/Res/thumb.png
INFO: [ app_init ] --START--
INFO: Run Behavior\BuildLiteBehavior [ RunTime:0.000000s ]
INFO: [ app_init ] --END-- [ RunTime:0.001000s ]

[ 2015-04-17T11:37:59+08:00 ] 127.0.0.1 /DreamCMSCN/Template/Plugin/Test/Res/thumb.png
INFO: [ app_init ] --START--
INFO: Run Behavior\BuildLiteBehavior [ RunTime:0.000000s ]
INFO: [ app_init ] --END-- [ RunTime:0.001000s ]

[ 2015-04-17T11:38:00+08:00 ] 127.0.0.1 /DreamCMSCN/Template/Plugin/Test/Res/thumb.png
INFO: [ app_init ] --START--
INFO: Run Behavior\BuildLiteBehavior [ RunTime:0.000000s ]
INFO: [ app_init ] --END-- [ RunTime:0.001000s ]

[ 2015-04-17T11:38:40+08:00 ] 127.0.0.1 /DreamCMSCN/Template/Plugin/Test/Res/thumb.png
INFO: [ app_init ] --START--
INFO: Run Behavior\BuildLiteBehavior [ RunTime:0.000000s ]
INFO: [ app_init ] --END-- [ RunTime:0.001000s ]

[ 2015-04-17T11:38:41+08:00 ] 127.0.0.1 /DreamCMSCN/Template/Plugin/Test/Res/thumb.png
INFO: [ app_init ] --START--
INFO: Run Behavior\BuildLiteBehavior [ RunTime:0.000000s ]
INFO: [ app_init ] --END-- [ RunTime:0.001000s ]

[ 2015-04-17T13:38:17+08:00 ] 127.0.0.1 /DreamCMSCN/Template/Plugin/Test/Res/thumb.png
INFO: [ app_init ] --START--
INFO: Run Behavior\BuildLiteBehavior [ RunTime:0.000000s ]
INFO: [ app_init ] --END-- [ RunTime:0.009010s ]

[ 2015-04-17T13:38:18+08:00 ] 127.0.0.1 /DreamCMSCN/Template/Plugin/Test/Res/thumb.png
INFO: [ app_init ] --START--
INFO: Run Behavior\BuildLiteBehavior [ RunTime:0.000000s ]
INFO: [ app_init ] --END-- [ RunTime:0.000000s ]

[ 2015-04-17T13:38:19+08:00 ] 127.0.0.1 /DreamCMSCN/Template/Plugin/Test/Res/thumb.png
INFO: [ app_init ] --START--
INFO: Run Behavior\BuildLiteBehavior [ RunTime:0.000000s ]
INFO: [ app_init ] --END-- [ RunTime:0.002002s ]

[ 2015-04-17T13:38:20+08:00 ] 127.0.0.1 /DreamCMSCN/Template/Plugin/Test/Res/thumb.png
INFO: [ app_init ] --START--
INFO: Run Behavior\BuildLiteBehavior [ RunTime:0.000000s ]
INFO: [ app_init ] --END-- [ RunTime:0.002002s ]

[ 2015-04-17T13:40:11+08:00 ] 127.0.0.1 /DreamCMSCN/Template/Plugin/Test/Res/thumb.png
INFO: [ app_init ] --START--
INFO: Run Behavior\BuildLiteBehavior [ RunTime:0.000000s ]
INFO: [ app_init ] --END-- [ RunTime:0.000000s ]

[ 2015-04-17T13:40:12+08:00 ] 127.0.0.1 /DreamCMSCN/Template/Plugin/Test/Res/thumb.png
INFO: [ app_init ] --START--
INFO: Run Behavior\BuildLiteBehavior [ RunTime:0.000000s ]
INFO: [ app_init ] --END-- [ RunTime:0.001000s ]

[ 2015-04-17T13:43:03+08:00 ] 127.0.0.1 /DreamCMSCN/Template/Plugin/Test/Res/thumb.png
INFO: [ app_init ] --START--
INFO: Run Behavior\BuildLiteBehavior [ RunTime:0.000000s ]
INFO: [ app_init ] --END-- [ RunTime:0.001000s ]

[ 2015-04-17T13:43:03+08:00 ] 127.0.0.1 /DreamCMSCN/Template/Plugin/Test/Res/thumb.png
INFO: [ app_init ] --START--
INFO: Run Behavior\BuildLiteBehavior [ RunTime:0.000000s ]
INFO: [ app_init ] --END-- [ RunTime:0.001001s ]

[ 2015-04-17T13:43:09+08:00 ] 127.0.0.1 /DreamCMSCN/Template/Plugin/Test/Res/thumb.png
INFO: [ app_init ] --START--
INFO: Run Behavior\BuildLiteBehavior [ RunTime:0.000000s ]
INFO: [ app_init ] --END-- [ RunTime:0.001001s ]

[ 2015-04-17T13:44:57+08:00 ] 127.0.0.1 /DreamCMSCN/Template/Plugin/Test/Res/thumb.png
INFO: [ app_init ] --START--
INFO: Run Behavior\BuildLiteBehavior [ RunTime:0.000000s ]
INFO: [ app_init ] --END-- [ RunTime:0.001000s ]

[ 2015-04-17T13:45:25+08:00 ] 127.0.0.1 /DreamCMSCN/Template/Plugin/Test/Res/thumb.png
INFO: [ app_init ] --START--
INFO: Run Behavior\BuildLiteBehavior [ RunTime:0.000000s ]
INFO: [ app_init ] --END-- [ RunTime:0.001000s ]

[ 2015-04-17T13:45:25+08:00 ] 127.0.0.1 /DreamCMSCN/Template/Plugin/Test/Res/thumb.png
INFO: [ app_init ] --START--
INFO: Run Behavior\BuildLiteBehavior [ RunTime:0.000000s ]
INFO: [ app_init ] --END-- [ RunTime:0.001001s ]

[ 2015-04-17T13:47:17+08:00 ] 127.0.0.1 /DreamCMSCN/Template/Plugin/Test/Res/thumb.png
INFO: [ app_init ] --START--
INFO: Run Behavior\BuildLiteBehavior [ RunTime:0.001000s ]
INFO: [ app_init ] --END-- [ RunTime:0.001000s ]

[ 2015-04-17T13:47:18+08:00 ] 127.0.0.1 /DreamCMSCN/Template/Plugin/Test/Res/thumb.png
INFO: [ app_init ] --START--
INFO: Run Behavior\BuildLiteBehavior [ RunTime:0.000000s ]
INFO: [ app_init ] --END-- [ RunTime:0.001000s ]

[ 2015-04-17T13:48:03+08:00 ] 127.0.0.1 /DreamCMSCN/Template/Plugin/Test/Res/thumb.png
INFO: [ app_init ] --START--
INFO: Run Behavior\BuildLiteBehavior [ RunTime:0.000000s ]
INFO: [ app_init ] --END-- [ RunTime:0.001000s ]

[ 2015-04-17T13:48:03+08:00 ] 127.0.0.1 /DreamCMSCN/Template/Plugin/Test/Res/thumb.png
INFO: [ app_init ] --START--
INFO: Run Behavior\BuildLiteBehavior [ RunTime:0.000000s ]
INFO: [ app_init ] --END-- [ RunTime:0.001000s ]

[ 2015-04-17T13:48:38+08:00 ] 127.0.0.1 /DreamCMSCN/Template/Plugin/Test/Res/thumb.png
INFO: [ app_init ] --START--
INFO: Run Behavior\BuildLiteBehavior [ RunTime:0.000000s ]
INFO: [ app_init ] --END-- [ RunTime:0.001001s ]

[ 2015-04-17T13:48:38+08:00 ] 127.0.0.1 /DreamCMSCN/Template/Plugin/Test/Res/thumb.png
INFO: [ app_init ] --START--
INFO: Run Behavior\BuildLiteBehavior [ RunTime:0.000000s ]
INFO: [ app_init ] --END-- [ RunTime:0.001000s ]

[ 2015-04-17T13:49:15+08:00 ] 127.0.0.1 /DreamCMSCN/Template/Plugin/Test/Res/thumb.png
INFO: [ app_init ] --START--
INFO: Run Behavior\BuildLiteBehavior [ RunTime:0.000000s ]
INFO: [ app_init ] --END-- [ RunTime:0.000000s ]

[ 2015-04-17T13:49:15+08:00 ] 127.0.0.1 /DreamCMSCN/Template/Plugin/Test/Res/thumb.png
INFO: [ app_init ] --START--
INFO: Run Behavior\BuildLiteBehavior [ RunTime:0.000000s ]
INFO: [ app_init ] --END-- [ RunTime:0.001001s ]

[ 2015-04-17T14:19:45+08:00 ] 127.0.0.1 /DreamCMSCN/Template/Plugin/Test/Res/thumb.png
INFO: [ app_init ] --START--
INFO: Run Behavior\BuildLiteBehavior [ RunTime:0.000000s ]
INFO: [ app_init ] --END-- [ RunTime:0.001000s ]

[ 2015-04-17T14:19:46+08:00 ] 127.0.0.1 /DreamCMSCN/Template/Plugin/Test/Res/thumb.png
INFO: [ app_init ] --START--
INFO: Run Behavior\BuildLiteBehavior [ RunTime:0.000000s ]
INFO: [ app_init ] --END-- [ RunTime:0.001000s ]

[ 2015-04-17T14:29:27+08:00 ] 127.0.0.1 /DreamCMSCN/Template/Plugin/Test/Res/thumb.png
INFO: [ app_init ] --START--
INFO: Run Behavior\BuildLiteBehavior [ RunTime:0.000000s ]
INFO: [ app_init ] --END-- [ RunTime:0.001000s ]

[ 2015-04-17T14:29:27+08:00 ] 127.0.0.1 /DreamCMSCN/Template/Plugin/Test/Res/thumb.png
INFO: [ app_init ] --START--
INFO: Run Behavior\BuildLiteBehavior [ RunTime:0.000000s ]
INFO: [ app_init ] --END-- [ RunTime:0.001000s ]

[ 2015-04-17T14:39:36+08:00 ] 127.0.0.1 /DreamCMSCN/Template/Plugin/Test/Res/thumb.png
INFO: [ app_init ] --START--
INFO: Run Behavior\BuildLiteBehavior [ RunTime:0.000000s ]
INFO: [ app_init ] --END-- [ RunTime:0.000000s ]

[ 2015-04-17T15:02:32+08:00 ] 127.0.0.1 /DreamCMSCN/Template/Plugin/Test/Res/thumb.png
INFO: [ app_init ] --START--
INFO: Run Behavior\BuildLiteBehavior [ RunTime:0.001000s ]
INFO: [ app_init ] --END-- [ RunTime:0.001000s ]

[ 2015-04-17T15:06:40+08:00 ] 127.0.0.1 /DreamCMSCN/Template/Plugin/Test/Res/thumb.png
INFO: [ app_init ] --START--
INFO: Run Behavior\BuildLiteBehavior [ RunTime:0.000000s ]
INFO: [ app_init ] --END-- [ RunTime:0.001000s ]

[ 2015-04-17T15:06:40+08:00 ] 127.0.0.1 /DreamCMSCN/Template/Plugin/Test/Res/thumb.png
INFO: [ app_init ] --START--
INFO: Run Behavior\BuildLiteBehavior [ RunTime:0.000000s ]
INFO: [ app_init ] --END-- [ RunTime:0.001000s ]

[ 2015-04-17T15:12:48+08:00 ] 127.0.0.1 /DreamCMSCN/Template/Plugin/Test/Res/thumb.png
INFO: [ app_init ] --START--
INFO: Run Behavior\BuildLiteBehavior [ RunTime:0.000000s ]
INFO: [ app_init ] --END-- [ RunTime:0.000000s ]

[ 2015-04-17T15:12:48+08:00 ] 127.0.0.1 /DreamCMSCN/Template/Plugin/Test/Res/thumb.png
INFO: [ app_init ] --START--
INFO: Run Behavior\BuildLiteBehavior [ RunTime:0.000000s ]
INFO: [ app_init ] --END-- [ RunTime:0.001000s ]

[ 2015-04-17T15:13:09+08:00 ] 127.0.0.1 /DreamCMSCN/Template/Plugin/Test/Res/thumb.png
INFO: [ app_init ] --START--
INFO: Run Behavior\BuildLiteBehavior [ RunTime:0.000000s ]
INFO: [ app_init ] --END-- [ RunTime:0.000000s ]

[ 2015-04-17T15:13:09+08:00 ] 127.0.0.1 /DreamCMSCN/Template/Plugin/Test/Res/thumb.png
INFO: [ app_init ] --START--
INFO: Run Behavior\BuildLiteBehavior [ RunTime:0.000000s ]
INFO: [ app_init ] --END-- [ RunTime:0.001000s ]

[ 2015-04-17T15:16:34+08:00 ] 127.0.0.1 /DreamCMSCN/Template/Plugin/Test/Res/thumb.png
INFO: [ app_init ] --START--
INFO: Run Behavior\BuildLiteBehavior [ RunTime:0.000000s ]
INFO: [ app_init ] --END-- [ RunTime:0.001000s ]

[ 2015-04-17T15:16:34+08:00 ] 127.0.0.1 /DreamCMSCN/Template/Plugin/Test/Res/thumb.png
INFO: [ app_init ] --START--
INFO: Run Behavior\BuildLiteBehavior [ RunTime:0.000000s ]
INFO: [ app_init ] --END-- [ RunTime:0.001000s ]

[ 2015-04-17T15:34:57+08:00 ] 127.0.0.1 /DreamCMSCN/Template/Plugin/Test/Res/thumb.png
INFO: [ app_init ] --START--
INFO: Run Behavior\BuildLiteBehavior [ RunTime:0.000000s ]
INFO: [ app_init ] --END-- [ RunTime:0.000999s ]

[ 2015-04-17T15:36:28+08:00 ] 127.0.0.1 /DreamCMSCN/Template/Plugin/Test/Res/thumb.png
INFO: [ app_init ] --START--
INFO: Run Behavior\BuildLiteBehavior [ RunTime:0.000000s ]
INFO: [ app_init ] --END-- [ RunTime:0.001000s ]

[ 2015-04-17T15:36:29+08:00 ] 127.0.0.1 /DreamCMSCN/Template/Plugin/Test/Res/thumb.png
INFO: [ app_init ] --START--
INFO: Run Behavior\BuildLiteBehavior [ RunTime:0.000000s ]
INFO: [ app_init ] --END-- [ RunTime:0.001000s ]

[ 2015-04-17T15:36:45+08:00 ] 127.0.0.1 /DreamCMSCN/Template/Plugin/Test/Res/thumb.png
INFO: [ app_init ] --START--
INFO: Run Behavior\BuildLiteBehavior [ RunTime:0.000000s ]
INFO: [ app_init ] --END-- [ RunTime:0.001000s ]

[ 2015-04-17T15:36:45+08:00 ] 127.0.0.1 /DreamCMSCN/Template/Plugin/Test/Res/thumb.png
INFO: [ app_init ] --START--
INFO: Run Behavior\BuildLiteBehavior [ RunTime:0.000000s ]
INFO: [ app_init ] --END-- [ RunTime:0.000999s ]

[ 2015-04-17T15:37:21+08:00 ] 127.0.0.1 /DreamCMSCN/Template/Plugin/Test/Res/thumb.png
INFO: [ app_init ] --START--
INFO: Run Behavior\BuildLiteBehavior [ RunTime:0.000000s ]
INFO: [ app_init ] --END-- [ RunTime:0.001000s ]

[ 2015-04-17T15:37:21+08:00 ] 127.0.0.1 /DreamCMSCN/Template/Plugin/Test/Res/thumb.png
INFO: [ app_init ] --START--
INFO: Run Behavior\BuildLiteBehavior [ RunTime:0.000000s ]
INFO: [ app_init ] --END-- [ RunTime:0.001000s ]

[ 2015-04-17T15:41:49+08:00 ] 127.0.0.1 /DreamCMSCN/Template/Plugin/Test/Res/thumb.png
INFO: [ app_init ] --START--
INFO: Run Behavior\BuildLiteBehavior [ RunTime:0.000000s ]
INFO: [ app_init ] --END-- [ RunTime:0.001000s ]

[ 2015-04-17T15:41:50+08:00 ] 127.0.0.1 /DreamCMSCN/Template/Plugin/Test/Res/thumb.png
INFO: [ app_init ] --START--
INFO: Run Behavior\BuildLiteBehavior [ RunTime:0.000000s ]
INFO: [ app_init ] --END-- [ RunTime:0.001000s ]

[ 2015-04-17T15:42:23+08:00 ] 127.0.0.1 /DreamCMSCN/Template/Plugin/Test/Res/thumb.png
INFO: [ app_init ] --START--
INFO: Run Behavior\BuildLiteBehavior [ RunTime:0.000000s ]
INFO: [ app_init ] --END-- [ RunTime:0.001000s ]

[ 2015-04-17T15:42:24+08:00 ] 127.0.0.1 /DreamCMSCN/Template/Plugin/Test/Res/thumb.png
INFO: [ app_init ] --START--
INFO: Run Behavior\BuildLiteBehavior [ RunTime:0.000000s ]
INFO: [ app_init ] --END-- [ RunTime:0.001000s ]

[ 2015-04-17T15:47:43+08:00 ] 127.0.0.1 /DreamCMSCN/Template/Plugin/Test/Res/thumb.png
INFO: [ app_init ] --START--
INFO: Run Behavior\BuildLiteBehavior [ RunTime:0.000000s ]
INFO: [ app_init ] --END-- [ RunTime:0.001000s ]

[ 2015-04-17T15:47:44+08:00 ] 127.0.0.1 /DreamCMSCN/Template/Plugin/Test/Res/thumb.png
INFO: [ app_init ] --START--
INFO: Run Behavior\BuildLiteBehavior [ RunTime:0.000000s ]
INFO: [ app_init ] --END-- [ RunTime:0.001000s ]

[ 2015-04-17T16:08:19+08:00 ] 127.0.0.1 /DreamCMSCN/Template/Plugin/Test/Res/thumb.png
INFO: [ app_init ] --START--
INFO: Run Behavior\BuildLiteBehavior [ RunTime:0.000000s ]
INFO: [ app_init ] --END-- [ RunTime:0.001000s ]

[ 2015-04-17T16:08:19+08:00 ] 127.0.0.1 /DreamCMSCN/Template/Plugin/Test/Res/thumb.png
INFO: [ app_init ] --START--
INFO: Run Behavior\BuildLiteBehavior [ RunTime:0.000000s ]
INFO: [ app_init ] --END-- [ RunTime:0.001000s ]

[ 2015-04-17T16:17:25+08:00 ] 127.0.0.1 /DreamCMSCN/Template/Plugin/Test/Res/thumb.png
INFO: [ app_init ] --START--
INFO: Run Behavior\BuildLiteBehavior [ RunTime:0.000000s ]
INFO: [ app_init ] --END-- [ RunTime:0.001000s ]

[ 2015-04-17T16:17:25+08:00 ] 127.0.0.1 /DreamCMSCN/Template/Plugin/Test/Res/thumb.png
INFO: [ app_init ] --START--
INFO: Run Behavior\BuildLiteBehavior [ RunTime:0.000000s ]
INFO: [ app_init ] --END-- [ RunTime:0.001000s ]

[ 2015-04-17T16:27:54+08:00 ] 127.0.0.1 /DreamCMSCN/Template/Plugin/Test/Res/thumb.png
INFO: [ app_init ] --START--
INFO: Run Behavior\BuildLiteBehavior [ RunTime:0.001000s ]
INFO: [ app_init ] --END-- [ RunTime:0.001000s ]

[ 2015-04-17T16:27:54+08:00 ] 127.0.0.1 /DreamCMSCN/Template/Plugin/Test/Res/thumb.png
INFO: [ app_init ] --START--
INFO: Run Behavior\BuildLiteBehavior [ RunTime:0.000000s ]
INFO: [ app_init ] --END-- [ RunTime:0.000000s ]

[ 2015-04-17T17:11:59+08:00 ] 127.0.0.1 /DreamCMSCN/Template/Plugin/Test/Res/thumb.png
INFO: [ app_init ] --START--
INFO: Run Behavior\BuildLiteBehavior [ RunTime:0.000000s ]
INFO: [ app_init ] --END-- [ RunTime:0.001000s ]

[ 2015-04-17T17:12:52+08:00 ] 127.0.0.1 /DreamCMSCN/Template/Plugin/Test/Res/thumb.png
INFO: [ app_init ] --START--
INFO: Run Behavior\BuildLiteBehavior [ RunTime:0.000000s ]
INFO: [ app_init ] --END-- [ RunTime:0.001000s ]

[ 2015-04-17T17:12:52+08:00 ] 127.0.0.1 /DreamCMSCN/Template/Plugin/Test/Res/thumb.png
INFO: [ app_init ] --START--
INFO: Run Behavior\BuildLiteBehavior [ RunTime:0.000000s ]
INFO: [ app_init ] --END-- [ RunTime:0.001000s ]

