[ 2015-04-16T16:56:24+08:00 ] 127.0.0.1 /DreamCMSCN/admin.php/System/Webset/index.html
INFO: [ app_init ] --START--
INFO: Run Behavior\BuildLiteBehavior [ RunTime:0.000000s ]
INFO: [ app_init ] --END-- [ RunTime:0.001000s ]
INFO: [ app_begin ] --START--
INFO: Run Behavior\ReadHtmlCacheBehavior [ RunTime:0.001000s ]
INFO: Run Behavior\FlChkLangBehavior [ RunTime:0.002000s ]
INFO: [ app_begin ] --END-- [ RunTime:0.003000s ]
NOTIC: [2048] Declaration of Auth\Controller\AuthbaseController::display() should be compatible with Think\Controller::display($templateFile = '', $charset = '', $contentType = '', $content = '', $prefix = '') D:\xampp\htdocs\DreamCMSCN\Admin\Auth\Controller\AuthbaseController.class.php 第 8 行.
NOTIC: [8] Use of undefined constant TMPL_PATH - assumed 'TMPL_PATH' D:\xampp\htdocs\DreamCMSCN\Admin\Common\Controller\AdminbaseController.class.php 第 14 行.
SQL: SHOW COLUMNS FROM `ur7_admin_auth_group` [ RunTime:0.0040s ]
SQL: SELECT * FROM `ur7_admin_auth_group` ORDER BY sort  [ RunTime:0.0010s ]
SQL: SHOW COLUMNS FROM `ur7_admin_auth_action` [ RunTime:0.0040s ]
SQL: SELECT * FROM `ur7_admin_auth_action` WHERE `group` = 'System' AND `controller` = 'Webset' AND `action` = 'index' LIMIT 1   [ RunTime:0.0010s ]
NOTIC: [2] include(Template/Admin/bootstrap/System/Webset/index.php): failed to open stream: No such file or directory D:\xampp\htdocs\DreamCMSCN\Template\Admin\bootstrap\Layout\layout.php 第 229 行.
NOTIC: [2] include(): Failed opening 'Template/Admin/bootstrap/System/Webset/index.php' for inclusion (include_path='.;\xampp\php\PEAR') D:\xampp\htdocs\DreamCMSCN\Template\Admin\bootstrap\Layout\layout.php 第 229 行.
INFO: [ view_filter ] --START--
INFO: Run Behavior\WriteHtmlCacheBehavior [ RunTime:0.000000s ]
INFO: [ view_filter ] --END-- [ RunTime:0.001000s ]
INFO: [ app_end ] --START--
INFO: Run Behavior\ShowPageTraceBehavior [ RunTime:0.001000s ]
INFO: [ app_end ] --END-- [ RunTime:0.002000s ]

[ 2015-04-16T17:00:53+08:00 ] 127.0.0.1 /DreamCMSCN/admin.php/System/Webset/index.html
INFO: [ app_init ] --START--
INFO: Run Behavior\BuildLiteBehavior [ RunTime:0.000000s ]
INFO: [ app_init ] --END-- [ RunTime:0.001000s ]
INFO: [ app_begin ] --START--
INFO: Run Behavior\ReadHtmlCacheBehavior [ RunTime:0.001000s ]
INFO: Run Behavior\FlChkLangBehavior [ RunTime:0.002000s ]
INFO: [ app_begin ] --END-- [ RunTime:0.003000s ]
NOTIC: [2048] Declaration of Auth\Controller\AuthbaseController::display() should be compatible with Think\Controller::display($templateFile = '', $charset = '', $contentType = '', $content = '', $prefix = '') D:\xampp\htdocs\DreamCMSCN\Admin\Auth\Controller\AuthbaseController.class.php 第 8 行.
NOTIC: [8] Use of undefined constant TMPL_PATH - assumed 'TMPL_PATH' D:\xampp\htdocs\DreamCMSCN\Admin\Common\Controller\AdminbaseController.class.php 第 14 行.
SQL: SHOW COLUMNS FROM `ur7_admin_auth_group` [ RunTime:0.0040s ]
SQL: SELECT * FROM `ur7_admin_auth_group` ORDER BY sort  [ RunTime:0.0000s ]
SQL: SHOW COLUMNS FROM `ur7_admin_auth_action` [ RunTime:0.0040s ]
NOTIC: [2] include(Template/Admin/bootstrap/System/Webset/index.php): failed to open stream: No such file or directory D:\xampp\htdocs\DreamCMSCN\Template\Admin\bootstrap\Layout\layout.php 第 229 行.
NOTIC: [2] include(): Failed opening 'Template/Admin/bootstrap/System/Webset/index.php' for inclusion (include_path='.;\xampp\php\PEAR') D:\xampp\htdocs\DreamCMSCN\Template\Admin\bootstrap\Layout\layout.php 第 229 行.
INFO: [ view_filter ] --START--
INFO: Run Behavior\WriteHtmlCacheBehavior [ RunTime:0.000000s ]
INFO: [ view_filter ] --END-- [ RunTime:0.000000s ]
INFO: [ app_end ] --START--
INFO: Run Behavior\ShowPageTraceBehavior [ RunTime:0.001000s ]
INFO: [ app_end ] --END-- [ RunTime:0.001000s ]

[ 2015-04-16T17:14:11+08:00 ] 127.0.0.1 /DreamCMSCN/admin.php/System/Webset/index.html
INFO: [ app_init ] --START--
INFO: Run Behavior\BuildLiteBehavior [ RunTime:0.000000s ]
INFO: [ app_init ] --END-- [ RunTime:0.001000s ]
INFO: [ app_begin ] --START--
INFO: Run Behavior\ReadHtmlCacheBehavior [ RunTime:0.001000s ]
INFO: Run Behavior\FlChkLangBehavior [ RunTime:0.002000s ]
INFO: [ app_begin ] --END-- [ RunTime:0.004000s ]
NOTIC: [2048] Declaration of Auth\Controller\AuthbaseController::display() should be compatible with Think\Controller::display($templateFile = '', $charset = '', $contentType = '', $content = '', $prefix = '') D:\xampp\htdocs\DreamCMSCN\Admin\Auth\Controller\AuthbaseController.class.php 第 8 行.
NOTIC: [8] Use of undefined constant TMPL_PATH - assumed 'TMPL_PATH' D:\xampp\htdocs\DreamCMSCN\Admin\Common\Controller\AdminbaseController.class.php 第 14 行.
SQL: SHOW COLUMNS FROM `ur7_admin_auth_group` [ RunTime:0.0040s ]
SQL: SELECT * FROM `ur7_admin_auth_group` ORDER BY sort  [ RunTime:0.0000s ]
SQL: SHOW COLUMNS FROM `ur7_admin_auth_action` [ RunTime:0.0060s ]
INFO: [ view_filter ] --START--
INFO: Run Behavior\WriteHtmlCacheBehavior [ RunTime:0.000000s ]
INFO: [ view_filter ] --END-- [ RunTime:0.001000s ]
INFO: [ app_end ] --START--
INFO: Run Behavior\ShowPageTraceBehavior [ RunTime:0.001001s ]
INFO: [ app_end ] --END-- [ RunTime:0.001001s ]

[ 2015-04-16T17:14:17+08:00 ] 127.0.0.1 /DreamCMSCN/admin.php/System/Webset/index.html
INFO: [ app_init ] --START--
INFO: Run Behavior\BuildLiteBehavior [ RunTime:0.000000s ]
INFO: [ app_init ] --END-- [ RunTime:0.001000s ]
INFO: [ app_begin ] --START--
INFO: Run Behavior\ReadHtmlCacheBehavior [ RunTime:0.000000s ]
INFO: Run Behavior\FlChkLangBehavior [ RunTime:0.002000s ]
INFO: [ app_begin ] --END-- [ RunTime:0.004001s ]
NOTIC: [2048] Declaration of Auth\Controller\AuthbaseController::display() should be compatible with Think\Controller::display($templateFile = '', $charset = '', $contentType = '', $content = '', $prefix = '') D:\xampp\htdocs\DreamCMSCN\Admin\Auth\Controller\AuthbaseController.class.php 第 8 行.
NOTIC: [8] Use of undefined constant TMPL_PATH - assumed 'TMPL_PATH' D:\xampp\htdocs\DreamCMSCN\Admin\Common\Controller\AdminbaseController.class.php 第 14 行.
SQL: SHOW COLUMNS FROM `ur7_admin_auth_group` [ RunTime:0.0040s ]
SQL: SELECT * FROM `ur7_admin_auth_group` ORDER BY sort  [ RunTime:0.0000s ]
SQL: SHOW COLUMNS FROM `ur7_admin_auth_action` [ RunTime:0.0040s ]
INFO: [ view_filter ] --START--
INFO: Run Behavior\WriteHtmlCacheBehavior [ RunTime:0.000000s ]
INFO: [ view_filter ] --END-- [ RunTime:0.002000s ]
INFO: [ app_end ] --START--
INFO: Run Behavior\ShowPageTraceBehavior [ RunTime:0.001000s ]
INFO: [ app_end ] --END-- [ RunTime:0.001000s ]

