[ 2015-04-17T08:49:37+08:00 ] 127.0.0.1 /DreamCMSCN/Admin.php/Auth/Login/Login.html
INFO: [ app_init ] --START--
INFO: Run Behavior\BuildLiteBehavior [ RunTime:0.000000s ]
INFO: [ app_init ] --END-- [ RunTime:0.001000s ]
INFO: [ app_begin ] --START--
INFO: Run Behavior\ReadHtmlCacheBehavior [ RunTime:0.001000s ]
INFO: Run Behavior\FlChkLangBehavior [ RunTime:0.007001s ]
INFO: [ app_begin ] --END-- [ RunTime:0.008001s ]
NOTIC: [8] Use of undefined constant TMPL_PATH - assumed 'TMPL_PATH' D:\xampp\htdocs\DreamCMSCN\Admin\Common\Controller\AdminbaseController.class.php 第 14 行.
INFO: [ view_filter ] --START--
INFO: Run Behavior\WriteHtmlCacheBehavior [ RunTime:0.063006s ]
INFO: [ view_filter ] --END-- [ RunTime:0.064006s ]
INFO: [ app_end ] --START--
INFO: Run Behavior\ShowPageTraceBehavior [ RunTime:0.017002s ]
INFO: [ app_end ] --END-- [ RunTime:0.017002s ]

[ 2015-04-17T08:49:38+08:00 ] 127.0.0.1 /DreamCMSCN/Admin.php/Auth/Login/verify.html
INFO: [ app_init ] --START--
INFO: Run Behavior\BuildLiteBehavior [ RunTime:0.000000s ]
INFO: [ app_init ] --END-- [ RunTime:0.001000s ]
INFO: [ app_begin ] --START--
INFO: Run Behavior\ReadHtmlCacheBehavior [ RunTime:0.001000s ]
INFO: Run Behavior\FlChkLangBehavior [ RunTime:0.002000s ]
INFO: [ app_begin ] --END-- [ RunTime:0.003000s ]
NOTIC: [8] Use of undefined constant TMPL_PATH - assumed 'TMPL_PATH' D:\xampp\htdocs\DreamCMSCN\Admin\Common\Controller\AdminbaseController.class.php 第 14 行.
INFO: [ app_end ] --START--
INFO: Run Behavior\ShowPageTraceBehavior [ RunTime:0.002000s ]
INFO: [ app_end ] --END-- [ RunTime:0.002000s ]

[ 2015-04-17T08:49:43+08:00 ] 127.0.0.1 /DreamCMSCN/Admin.php/Auth/Login/Login.html
INFO: [ app_init ] --START--
INFO: Run Behavior\BuildLiteBehavior [ RunTime:0.000000s ]
INFO: [ app_init ] --END-- [ RunTime:0.001000s ]
INFO: [ app_begin ] --START--
INFO: Run Behavior\ReadHtmlCacheBehavior [ RunTime:0.001000s ]
INFO: Run Behavior\FlChkLangBehavior [ RunTime:0.002000s ]
INFO: [ app_begin ] --END-- [ RunTime:0.003000s ]
NOTIC: [8] Use of undefined constant TMPL_PATH - assumed 'TMPL_PATH' D:\xampp\htdocs\DreamCMSCN\Admin\Common\Controller\AdminbaseController.class.php 第 14 行.
INFO: [ view_filter ] --START--
INFO: Run Behavior\WriteHtmlCacheBehavior [ RunTime:0.002000s ]
INFO: [ view_filter ] --END-- [ RunTime:0.003000s ]

[ 2015-04-17T08:49:46+08:00 ] 127.0.0.1 /DreamCMSCN/Admin.php/Auth/Login/verify.html
INFO: [ app_init ] --START--
INFO: Run Behavior\BuildLiteBehavior [ RunTime:0.000000s ]
INFO: [ app_init ] --END-- [ RunTime:0.001000s ]
INFO: [ app_begin ] --START--
INFO: Run Behavior\ReadHtmlCacheBehavior [ RunTime:0.002001s ]
INFO: Run Behavior\FlChkLangBehavior [ RunTime:0.003000s ]
INFO: [ app_begin ] --END-- [ RunTime:0.005001s ]
NOTIC: [8] Use of undefined constant TMPL_PATH - assumed 'TMPL_PATH' D:\xampp\htdocs\DreamCMSCN\Admin\Common\Controller\AdminbaseController.class.php 第 14 行.
INFO: [ app_end ] --START--
INFO: Run Behavior\ShowPageTraceBehavior [ RunTime:0.002000s ]
INFO: [ app_end ] --END-- [ RunTime:0.002000s ]

[ 2015-04-17T08:49:50+08:00 ] 127.0.0.1 /DreamCMSCN/Admin.php/Auth/Login/Login.html
INFO: [ app_init ] --START--
INFO: Run Behavior\BuildLiteBehavior [ RunTime:0.000000s ]
INFO: [ app_init ] --END-- [ RunTime:0.001000s ]
INFO: [ app_begin ] --START--
INFO: Run Behavior\ReadHtmlCacheBehavior [ RunTime:0.001000s ]
INFO: Run Behavior\FlChkLangBehavior [ RunTime:0.003000s ]
INFO: [ app_begin ] --END-- [ RunTime:0.004000s ]
NOTIC: [8] Use of undefined constant TMPL_PATH - assumed 'TMPL_PATH' D:\xampp\htdocs\DreamCMSCN\Admin\Common\Controller\AdminbaseController.class.php 第 14 行.
INFO: [ view_filter ] --START--
INFO: Run Behavior\WriteHtmlCacheBehavior [ RunTime:0.000000s ]
INFO: [ view_filter ] --END-- [ RunTime:0.002000s ]

[ 2015-04-17T08:49:58+08:00 ] 127.0.0.1 /DreamCMSCN/Admin.php/Auth/Login/Login.html
INFO: [ app_init ] --START--
INFO: Run Behavior\BuildLiteBehavior [ RunTime:0.000000s ]
INFO: [ app_init ] --END-- [ RunTime:0.001000s ]
INFO: [ app_begin ] --START--
INFO: Run Behavior\ReadHtmlCacheBehavior [ RunTime:0.001000s ]
INFO: Run Behavior\FlChkLangBehavior [ RunTime:0.001000s ]
INFO: [ app_begin ] --END-- [ RunTime:0.002000s ]
NOTIC: [8] Use of undefined constant TMPL_PATH - assumed 'TMPL_PATH' D:\xampp\htdocs\DreamCMSCN\Admin\Common\Controller\AdminbaseController.class.php 第 14 行.
INFO: [ view_filter ] --START--
INFO: Run Behavior\WriteHtmlCacheBehavior [ RunTime:0.000000s ]
INFO: [ view_filter ] --END-- [ RunTime:0.001000s ]
INFO: [ app_end ] --START--
INFO: Run Behavior\ShowPageTraceBehavior [ RunTime:0.001000s ]
INFO: [ app_end ] --END-- [ RunTime:0.001000s ]

[ 2015-04-17T08:49:58+08:00 ] 127.0.0.1 /DreamCMSCN/Admin.php/Auth/Login/verify.html
INFO: [ app_init ] --START--
INFO: Run Behavior\BuildLiteBehavior [ RunTime:0.000000s ]
INFO: [ app_init ] --END-- [ RunTime:0.001000s ]
INFO: [ app_begin ] --START--
INFO: Run Behavior\ReadHtmlCacheBehavior [ RunTime:0.001000s ]
INFO: Run Behavior\FlChkLangBehavior [ RunTime:0.001000s ]
INFO: [ app_begin ] --END-- [ RunTime:0.004001s ]
NOTIC: [8] Use of undefined constant TMPL_PATH - assumed 'TMPL_PATH' D:\xampp\htdocs\DreamCMSCN\Admin\Common\Controller\AdminbaseController.class.php 第 14 行.
INFO: [ app_end ] --START--
INFO: Run Behavior\ShowPageTraceBehavior [ RunTime:0.001000s ]
INFO: [ app_end ] --END-- [ RunTime:0.001000s ]

[ 2015-04-17T08:50:02+08:00 ] 127.0.0.1 /DreamCMSCN/Admin.php/Auth/Login/Login.html
INFO: [ app_init ] --START--
INFO: Run Behavior\BuildLiteBehavior [ RunTime:0.000000s ]
INFO: [ app_init ] --END-- [ RunTime:0.001000s ]
INFO: [ app_begin ] --START--
INFO: Run Behavior\ReadHtmlCacheBehavior [ RunTime:0.001001s ]
INFO: Run Behavior\FlChkLangBehavior [ RunTime:0.002000s ]
INFO: [ app_begin ] --END-- [ RunTime:0.003001s ]
NOTIC: [8] Use of undefined constant TMPL_PATH - assumed 'TMPL_PATH' D:\xampp\htdocs\DreamCMSCN\Admin\Common\Controller\AdminbaseController.class.php 第 14 行.
INFO: [ view_filter ] --START--
INFO: Run Behavior\WriteHtmlCacheBehavior [ RunTime:0.000000s ]
INFO: [ view_filter ] --END-- [ RunTime:0.001000s ]

[ 2015-04-17T08:50:09+08:00 ] 127.0.0.1 /DreamCMSCN/Admin.php/Auth/Login/Login.html
INFO: [ app_init ] --START--
INFO: Run Behavior\BuildLiteBehavior [ RunTime:0.000000s ]
INFO: [ app_init ] --END-- [ RunTime:0.000000s ]
INFO: [ app_begin ] --START--
INFO: Run Behavior\ReadHtmlCacheBehavior [ RunTime:0.000000s ]
INFO: Run Behavior\FlChkLangBehavior [ RunTime:0.001000s ]
INFO: [ app_begin ] --END-- [ RunTime:0.003000s ]
NOTIC: [8] Use of undefined constant TMPL_PATH - assumed 'TMPL_PATH' D:\xampp\htdocs\DreamCMSCN\Admin\Common\Controller\AdminbaseController.class.php 第 14 行.
INFO: [ view_filter ] --START--
INFO: Run Behavior\WriteHtmlCacheBehavior [ RunTime:0.001000s ]
INFO: [ view_filter ] --END-- [ RunTime:0.001000s ]
INFO: [ app_end ] --START--
INFO: Run Behavior\ShowPageTraceBehavior [ RunTime:0.001000s ]
INFO: [ app_end ] --END-- [ RunTime:0.002000s ]

[ 2015-04-17T08:50:09+08:00 ] 127.0.0.1 /DreamCMSCN/Admin.php/Auth/Login/verify.html
INFO: [ app_init ] --START--
INFO: Run Behavior\BuildLiteBehavior [ RunTime:0.000000s ]
INFO: [ app_init ] --END-- [ RunTime:0.000000s ]
INFO: [ app_begin ] --START--
INFO: Run Behavior\ReadHtmlCacheBehavior [ RunTime:0.000000s ]
INFO: Run Behavior\FlChkLangBehavior [ RunTime:0.002000s ]
INFO: [ app_begin ] --END-- [ RunTime:0.004000s ]
NOTIC: [8] Use of undefined constant TMPL_PATH - assumed 'TMPL_PATH' D:\xampp\htdocs\DreamCMSCN\Admin\Common\Controller\AdminbaseController.class.php 第 14 行.
INFO: [ app_end ] --START--
INFO: Run Behavior\ShowPageTraceBehavior [ RunTime:0.001000s ]
INFO: [ app_end ] --END-- [ RunTime:0.001000s ]

[ 2015-04-17T08:50:15+08:00 ] 127.0.0.1 /DreamCMSCN/Admin.php/Auth/Login/Login.html
INFO: [ app_init ] --START--
INFO: Run Behavior\BuildLiteBehavior [ RunTime:0.000000s ]
INFO: [ app_init ] --END-- [ RunTime:0.002000s ]
INFO: [ app_begin ] --START--
INFO: Run Behavior\ReadHtmlCacheBehavior [ RunTime:0.001000s ]
INFO: Run Behavior\FlChkLangBehavior [ RunTime:0.002000s ]
INFO: [ app_begin ] --END-- [ RunTime:0.005000s ]
NOTIC: [8] Use of undefined constant TMPL_PATH - assumed 'TMPL_PATH' D:\xampp\htdocs\DreamCMSCN\Admin\Common\Controller\AdminbaseController.class.php 第 14 行.
SQL: SHOW COLUMNS FROM `ur7_admin` [ RunTime:0.2280s ]
SQL: SELECT * FROM `ur7_admin` WHERE `username` = 'admin' LIMIT 1   [ RunTime:0.0140s ]
NOTIC: [8] Undefined offset: 1 D:\xampp\htdocs\DreamCMSCN\Core\Library\Think\Model\AdvModel.class.php 第 277 行.

[ 2015-04-17T15:46:55+08:00 ] 127.0.0.1 /DreamCMSCN/admin.php/Auth/Admin/rolelist.html
INFO: [ app_init ] --START--
INFO: Run Behavior\BuildLiteBehavior [ RunTime:0.000000s ]
INFO: [ app_init ] --END-- [ RunTime:0.001000s ]
INFO: [ app_begin ] --START--
INFO: Run Behavior\ReadHtmlCacheBehavior [ RunTime:0.001000s ]
INFO: Run Behavior\FlChkLangBehavior [ RunTime:0.018000s ]
INFO: [ app_begin ] --END-- [ RunTime:0.019000s ]
NOTIC: [2048] Declaration of Auth\Controller\AuthbaseController::display() should be compatible with Think\Controller::display($templateFile = '', $charset = '', $contentType = '', $content = '', $prefix = '') D:\xampp\htdocs\DreamCMSCN\Admin\Auth\Controller\AuthbaseController.class.php 第 8 行.
NOTIC: [8] Use of undefined constant TMPL_PATH - assumed 'TMPL_PATH' D:\xampp\htdocs\DreamCMSCN\Admin\Common\Controller\AdminbaseController.class.php 第 14 行.
SQL: SHOW COLUMNS FROM `ur7_admin_auth_group` [ RunTime:0.0040s ]
SQL: SELECT * FROM `ur7_admin_auth_group` ORDER BY sort  [ RunTime:0.0000s ]
SQL: SHOW COLUMNS FROM `ur7_admin_auth_action` [ RunTime:0.0030s ]
SQL: SHOW COLUMNS FROM `ur7_admin_group` [ RunTime:0.0180s ]
SQL: SELECT * FROM `ur7_admin_group`  [ RunTime:0.0140s ]
INFO: [ view_filter ] --START--
INFO: Run Behavior\WriteHtmlCacheBehavior [ RunTime:0.000000s ]
INFO: [ view_filter ] --END-- [ RunTime:0.001000s ]
INFO: [ app_end ] --START--
INFO: Run Behavior\ShowPageTraceBehavior [ RunTime:0.001000s ]
INFO: [ app_end ] --END-- [ RunTime:0.002000s ]

[ 2015-04-17T15:46:56+08:00 ] 127.0.0.1 /DreamCMSCN/admin.php/Auth/Admin/addrole.html
INFO: [ app_init ] --START--
INFO: Run Behavior\BuildLiteBehavior [ RunTime:0.000000s ]
INFO: [ app_init ] --END-- [ RunTime:0.000000s ]
INFO: [ app_begin ] --START--
INFO: Run Behavior\ReadHtmlCacheBehavior [ RunTime:0.000000s ]
INFO: Run Behavior\FlChkLangBehavior [ RunTime:0.001000s ]
INFO: [ app_begin ] --END-- [ RunTime:0.004000s ]
NOTIC: [2048] Declaration of Auth\Controller\AuthbaseController::display() should be compatible with Think\Controller::display($templateFile = '', $charset = '', $contentType = '', $content = '', $prefix = '') D:\xampp\htdocs\DreamCMSCN\Admin\Auth\Controller\AuthbaseController.class.php 第 8 行.
NOTIC: [8] Use of undefined constant TMPL_PATH - assumed 'TMPL_PATH' D:\xampp\htdocs\DreamCMSCN\Admin\Common\Controller\AdminbaseController.class.php 第 14 行.
SQL: SHOW COLUMNS FROM `ur7_admin_auth_group` [ RunTime:0.0050s ]
SQL: SELECT * FROM `ur7_admin_auth_group` ORDER BY sort  [ RunTime:0.0010s ]
SQL: SHOW COLUMNS FROM `ur7_admin_auth_action` [ RunTime:0.0040s ]
SQL: SELECT * FROM `ur7_admin_auth_group` ORDER BY sort  [ RunTime:0.0000s ]
NOTIC: [2048] Declaration of Model\AdminAuthControllerModel::add() should be compatible with Think\Model::add($data = '', $options = Array, $replace = false) D:\xampp\htdocs\DreamCMSCN\Model\AdminAuthControllerModel.class.php 第 74 行.
SQL: SHOW COLUMNS FROM `ur7_admin_auth_controller` [ RunTime:0.0070s ]
SQL: SELECT * FROM `ur7_admin_auth_controller`  [ RunTime:0.0010s ]
SQL: SELECT * FROM `ur7_admin_auth_action`  [ RunTime:0.0010s ]
NOTIC: [8] Undefined index: langconf D:\xampp\htdocs\DreamCMSCN\Template\Admin\bootstrap\Auth\Admin\addrole.php 第 123 行.
NOTIC: [8] Array to string conversion D:\xampp\htdocs\DreamCMSCN\Template\Admin\bootstrap\Auth\Admin\addrole.php 第 123 行.
NOTIC: [8] Undefined index: langconf D:\xampp\htdocs\DreamCMSCN\Template\Admin\bootstrap\Auth\Admin\addrole.php 第 123 行.
NOTIC: [8] Array to string conversion D:\xampp\htdocs\DreamCMSCN\Template\Admin\bootstrap\Auth\Admin\addrole.php 第 123 行.
NOTIC: [8] Undefined index: langconf D:\xampp\htdocs\DreamCMSCN\Template\Admin\bootstrap\Auth\Admin\addrole.php 第 123 行.
NOTIC: [8] Array to string conversion D:\xampp\htdocs\DreamCMSCN\Template\Admin\bootstrap\Auth\Admin\addrole.php 第 123 行.
NOTIC: [8] Undefined index: langconf D:\xampp\htdocs\DreamCMSCN\Template\Admin\bootstrap\Auth\Admin\addrole.php 第 123 行.
NOTIC: [8] Array to string conversion D:\xampp\htdocs\DreamCMSCN\Template\Admin\bootstrap\Auth\Admin\addrole.php 第 123 行.
NOTIC: [8] Undefined index: langconf D:\xampp\htdocs\DreamCMSCN\Template\Admin\bootstrap\Auth\Admin\addrole.php 第 123 行.
NOTIC: [8] Array to string conversion D:\xampp\htdocs\DreamCMSCN\Template\Admin\bootstrap\Auth\Admin\addrole.php 第 123 行.
NOTIC: [8] Undefined index: langconf D:\xampp\htdocs\DreamCMSCN\Template\Admin\bootstrap\Auth\Admin\addrole.php 第 123 行.
NOTIC: [8] Array to string conversion D:\xampp\htdocs\DreamCMSCN\Template\Admin\bootstrap\Auth\Admin\addrole.php 第 123 行.
NOTIC: [8] Undefined index: langconf D:\xampp\htdocs\DreamCMSCN\Template\Admin\bootstrap\Auth\Admin\addrole.php 第 123 行.
NOTIC: [8] Array to string conversion D:\xampp\htdocs\DreamCMSCN\Template\Admin\bootstrap\Auth\Admin\addrole.php 第 123 行.
NOTIC: [8] Undefined index: langconf D:\xampp\htdocs\DreamCMSCN\Template\Admin\bootstrap\Auth\Admin\addrole.php 第 123 行.
NOTIC: [8] Array to string conversion D:\xampp\htdocs\DreamCMSCN\Template\Admin\bootstrap\Auth\Admin\addrole.php 第 123 行.
NOTIC: [8] Undefined index: langconf D:\xampp\htdocs\DreamCMSCN\Template\Admin\bootstrap\Auth\Admin\addrole.php 第 123 行.
NOTIC: [8] Array to string conversion D:\xampp\htdocs\DreamCMSCN\Template\Admin\bootstrap\Auth\Admin\addrole.php 第 123 行.
NOTIC: [8] Undefined index: langconf D:\xampp\htdocs\DreamCMSCN\Template\Admin\bootstrap\Auth\Admin\addrole.php 第 123 行.
NOTIC: [8] Array to string conversion D:\xampp\htdocs\DreamCMSCN\Template\Admin\bootstrap\Auth\Admin\addrole.php 第 123 行.
NOTIC: [8] Undefined index: langconf D:\xampp\htdocs\DreamCMSCN\Template\Admin\bootstrap\Auth\Admin\addrole.php 第 123 行.
NOTIC: [8] Array to string conversion D:\xampp\htdocs\DreamCMSCN\Template\Admin\bootstrap\Auth\Admin\addrole.php 第 123 行.
NOTIC: [8] Undefined index: langconf D:\xampp\htdocs\DreamCMSCN\Template\Admin\bootstrap\Auth\Admin\addrole.php 第 123 行.
NOTIC: [8] Array to string conversion D:\xampp\htdocs\DreamCMSCN\Template\Admin\bootstrap\Auth\Admin\addrole.php 第 123 行.
NOTIC: [8] Undefined index: langconf D:\xampp\htdocs\DreamCMSCN\Template\Admin\bootstrap\Auth\Admin\addrole.php 第 123 行.
NOTIC: [8] Array to string conversion D:\xampp\htdocs\DreamCMSCN\Template\Admin\bootstrap\Auth\Admin\addrole.php 第 123 行.
NOTIC: [8] Undefined index: langconf D:\xampp\htdocs\DreamCMSCN\Template\Admin\bootstrap\Auth\Admin\addrole.php 第 123 行.
NOTIC: [8] Array to string conversion D:\xampp\htdocs\DreamCMSCN\Template\Admin\bootstrap\Auth\Admin\addrole.php 第 123 行.
NOTIC: [8] Undefined index: langconf D:\xampp\htdocs\DreamCMSCN\Template\Admin\bootstrap\Auth\Admin\addrole.php 第 123 行.
NOTIC: [8] Array to string conversion D:\xampp\htdocs\DreamCMSCN\Template\Admin\bootstrap\Auth\Admin\addrole.php 第 123 行.
NOTIC: [8] Undefined index: langconf D:\xampp\htdocs\DreamCMSCN\Template\Admin\bootstrap\Auth\Admin\addrole.php 第 123 行.
NOTIC: [8] Array to string conversion D:\xampp\htdocs\DreamCMSCN\Template\Admin\bootstrap\Auth\Admin\addrole.php 第 123 行.
NOTIC: [8] Undefined index: langconf D:\xampp\htdocs\DreamCMSCN\Template\Admin\bootstrap\Auth\Admin\addrole.php 第 123 行.
NOTIC: [8] Array to string conversion D:\xampp\htdocs\DreamCMSCN\Template\Admin\bootstrap\Auth\Admin\addrole.php 第 123 行.
NOTIC: [8] Undefined index: langconf D:\xampp\htdocs\DreamCMSCN\Template\Admin\bootstrap\Auth\Admin\addrole.php 第 123 行.
NOTIC: [8] Array to string conversion D:\xampp\htdocs\DreamCMSCN\Template\Admin\bootstrap\Auth\Admin\addrole.php 第 123 行.
NOTIC: [8] Undefined index: langconf D:\xampp\htdocs\DreamCMSCN\Template\Admin\bootstrap\Auth\Admin\addrole.php 第 123 行.
NOTIC: [8] Array to string conversion D:\xampp\htdocs\DreamCMSCN\Template\Admin\bootstrap\Auth\Admin\addrole.php 第 123 行.
NOTIC: [8] Undefined index: langconf D:\xampp\htdocs\DreamCMSCN\Template\Admin\bootstrap\Auth\Admin\addrole.php 第 123 行.
NOTIC: [8] Array to string conversion D:\xampp\htdocs\DreamCMSCN\Template\Admin\bootstrap\Auth\Admin\addrole.php 第 123 行.
NOTIC: [8] Undefined index: langconf D:\xampp\htdocs\DreamCMSCN\Template\Admin\bootstrap\Auth\Admin\addrole.php 第 123 行.
NOTIC: [8] Array to string conversion D:\xampp\htdocs\DreamCMSCN\Template\Admin\bootstrap\Auth\Admin\addrole.php 第 123 行.
NOTIC: [8] Undefined index: langconf D:\xampp\htdocs\DreamCMSCN\Template\Admin\bootstrap\Auth\Admin\addrole.php 第 123 行.
NOTIC: [8] Array to string conversion D:\xampp\htdocs\DreamCMSCN\Template\Admin\bootstrap\Auth\Admin\addrole.php 第 123 行.
NOTIC: [8] Undefined index: langconf D:\xampp\htdocs\DreamCMSCN\Template\Admin\bootstrap\Auth\Admin\addrole.php 第 123 行.
NOTIC: [8] Array to string conversion D:\xampp\htdocs\DreamCMSCN\Template\Admin\bootstrap\Auth\Admin\addrole.php 第 123 行.
NOTIC: [8] Undefined index: langconf D:\xampp\htdocs\DreamCMSCN\Template\Admin\bootstrap\Auth\Admin\addrole.php 第 123 行.
NOTIC: [8] Array to string conversion D:\xampp\htdocs\DreamCMSCN\Template\Admin\bootstrap\Auth\Admin\addrole.php 第 123 行.
NOTIC: [8] Undefined index: langconf D:\xampp\htdocs\DreamCMSCN\Template\Admin\bootstrap\Auth\Admin\addrole.php 第 123 行.
NOTIC: [8] Array to string conversion D:\xampp\htdocs\DreamCMSCN\Template\Admin\bootstrap\Auth\Admin\addrole.php 第 123 行.
NOTIC: [8] Undefined index: langconf D:\xampp\htdocs\DreamCMSCN\Template\Admin\bootstrap\Auth\Admin\addrole.php 第 123 行.
NOTIC: [8] Array to string conversion D:\xampp\htdocs\DreamCMSCN\Template\Admin\bootstrap\Auth\Admin\addrole.php 第 123 行.
NOTIC: [8] Undefined index: langconf D:\xampp\htdocs\DreamCMSCN\Template\Admin\bootstrap\Auth\Admin\addrole.php 第 123 行.
NOTIC: [8] Array to string conversion D:\xampp\htdocs\DreamCMSCN\Template\Admin\bootstrap\Auth\Admin\addrole.php 第 123 行.
NOTIC: [8] Undefined index: langconf D:\xampp\htdocs\DreamCMSCN\Template\Admin\bootstrap\Auth\Admin\addrole.php 第 123 行.
NOTIC: [8] Array to string conversion D:\xampp\htdocs\DreamCMSCN\Template\Admin\bootstrap\Auth\Admin\addrole.php 第 123 行.
NOTIC: [8] Undefined index: langconf D:\xampp\htdocs\DreamCMSCN\Template\Admin\bootstrap\Auth\Admin\addrole.php 第 123 行.
NOTIC: [8] Array to string conversion D:\xampp\htdocs\DreamCMSCN\Template\Admin\bootstrap\Auth\Admin\addrole.php 第 123 行.
NOTIC: [8] Undefined index: langconf D:\xampp\htdocs\DreamCMSCN\Template\Admin\bootstrap\Auth\Admin\addrole.php 第 123 行.
NOTIC: [8] Array to string conversion D:\xampp\htdocs\DreamCMSCN\Template\Admin\bootstrap\Auth\Admin\addrole.php 第 123 行.
NOTIC: [8] Undefined index: langconf D:\xampp\htdocs\DreamCMSCN\Template\Admin\bootstrap\Auth\Admin\addrole.php 第 123 行.
NOTIC: [8] Array to string conversion D:\xampp\htdocs\DreamCMSCN\Template\Admin\bootstrap\Auth\Admin\addrole.php 第 123 行.
NOTIC: [8] Undefined index: langconf D:\xampp\htdocs\DreamCMSCN\Template\Admin\bootstrap\Auth\Admin\addrole.php 第 123 行.
NOTIC: [8] Array to string conversion D:\xampp\htdocs\DreamCMSCN\Template\Admin\bootstrap\Auth\Admin\addrole.php 第 123 行.
NOTIC: [8] Undefined index: langconf D:\xampp\htdocs\DreamCMSCN\Template\Admin\bootstrap\Auth\Admin\addrole.php 第 123 行.
NOTIC: [8] Array to string conversion D:\xampp\htdocs\DreamCMSCN\Template\Admin\bootstrap\Auth\Admin\addrole.php 第 123 行.
NOTIC: [8] Undefined index: langconf D:\xampp\htdocs\DreamCMSCN\Template\Admin\bootstrap\Auth\Admin\addrole.php 第 123 行.
NOTIC: [8] Array to string conversion D:\xampp\htdocs\DreamCMSCN\Template\Admin\bootstrap\Auth\Admin\addrole.php 第 123 行.
INFO: [ view_filter ] --START--
INFO: Run Behavior\WriteHtmlCacheBehavior [ RunTime:0.001000s ]
INFO: [ view_filter ] --END-- [ RunTime:0.001000s ]
INFO: [ app_end ] --START--
INFO: Run Behavior\ShowPageTraceBehavior [ RunTime:0.001000s ]
INFO: [ app_end ] --END-- [ RunTime:0.001000s ]

[ 2015-04-17T15:47:25+08:00 ] 127.0.0.1 /DreamCMSCN/admin.php/Auth/Admin/addrole.html
INFO: [ app_init ] --START--
INFO: Run Behavior\BuildLiteBehavior [ RunTime:0.001000s ]
INFO: [ app_init ] --END-- [ RunTime:0.001000s ]
INFO: [ app_begin ] --START--
INFO: Run Behavior\ReadHtmlCacheBehavior [ RunTime:0.001000s ]
INFO: Run Behavior\FlChkLangBehavior [ RunTime:0.002000s ]
INFO: [ app_begin ] --END-- [ RunTime:0.004000s ]
NOTIC: [2048] Declaration of Auth\Controller\AuthbaseController::display() should be compatible with Think\Controller::display($templateFile = '', $charset = '', $contentType = '', $content = '', $prefix = '') D:\xampp\htdocs\DreamCMSCN\Admin\Auth\Controller\AuthbaseController.class.php 第 8 行.
NOTIC: [8] Use of undefined constant TMPL_PATH - assumed 'TMPL_PATH' D:\xampp\htdocs\DreamCMSCN\Admin\Common\Controller\AdminbaseController.class.php 第 14 行.
SQL: SHOW COLUMNS FROM `ur7_admin_auth_group` [ RunTime:0.0070s ]
SQL: SELECT * FROM `ur7_admin_auth_group` ORDER BY sort  [ RunTime:0.0020s ]
SQL: SHOW COLUMNS FROM `ur7_admin_auth_action` [ RunTime:0.0070s ]
SQL: SELECT * FROM `ur7_admin_auth_group` ORDER BY sort  [ RunTime:0.0010s ]
NOTIC: [2048] Declaration of Model\AdminAuthControllerModel::add() should be compatible with Think\Model::add($data = '', $options = Array, $replace = false) D:\xampp\htdocs\DreamCMSCN\Model\AdminAuthControllerModel.class.php 第 74 行.
SQL: SHOW COLUMNS FROM `ur7_admin_auth_controller` [ RunTime:0.0050s ]
SQL: SELECT * FROM `ur7_admin_auth_controller`  [ RunTime:0.0010s ]
SQL: SELECT * FROM `ur7_admin_auth_action`  [ RunTime:0.0010s ]
NOTIC: [8] Undefined index: langconf D:\xampp\htdocs\DreamCMSCN\Template\Admin\bootstrap\Auth\Admin\addrole.php 第 123 行.
NOTIC: [8] Array to string conversion D:\xampp\htdocs\DreamCMSCN\Template\Admin\bootstrap\Auth\Admin\addrole.php 第 123 行.
NOTIC: [8] Undefined index: langconf D:\xampp\htdocs\DreamCMSCN\Template\Admin\bootstrap\Auth\Admin\addrole.php 第 123 行.
NOTIC: [8] Array to string conversion D:\xampp\htdocs\DreamCMSCN\Template\Admin\bootstrap\Auth\Admin\addrole.php 第 123 行.
NOTIC: [8] Undefined index: langconf D:\xampp\htdocs\DreamCMSCN\Template\Admin\bootstrap\Auth\Admin\addrole.php 第 123 行.
NOTIC: [8] Array to string conversion D:\xampp\htdocs\DreamCMSCN\Template\Admin\bootstrap\Auth\Admin\addrole.php 第 123 行.
NOTIC: [8] Undefined index: langconf D:\xampp\htdocs\DreamCMSCN\Template\Admin\bootstrap\Auth\Admin\addrole.php 第 123 行.
NOTIC: [8] Array to string conversion D:\xampp\htdocs\DreamCMSCN\Template\Admin\bootstrap\Auth\Admin\addrole.php 第 123 行.
NOTIC: [8] Undefined index: langconf D:\xampp\htdocs\DreamCMSCN\Template\Admin\bootstrap\Auth\Admin\addrole.php 第 123 行.
NOTIC: [8] Array to string conversion D:\xampp\htdocs\DreamCMSCN\Template\Admin\bootstrap\Auth\Admin\addrole.php 第 123 行.
NOTIC: [8] Undefined index: langconf D:\xampp\htdocs\DreamCMSCN\Template\Admin\bootstrap\Auth\Admin\addrole.php 第 123 行.
NOTIC: [8] Array to string conversion D:\xampp\htdocs\DreamCMSCN\Template\Admin\bootstrap\Auth\Admin\addrole.php 第 123 行.
NOTIC: [8] Undefined index: langconf D:\xampp\htdocs\DreamCMSCN\Template\Admin\bootstrap\Auth\Admin\addrole.php 第 123 行.
NOTIC: [8] Array to string conversion D:\xampp\htdocs\DreamCMSCN\Template\Admin\bootstrap\Auth\Admin\addrole.php 第 123 行.
NOTIC: [8] Undefined index: langconf D:\xampp\htdocs\DreamCMSCN\Template\Admin\bootstrap\Auth\Admin\addrole.php 第 123 行.
NOTIC: [8] Array to string conversion D:\xampp\htdocs\DreamCMSCN\Template\Admin\bootstrap\Auth\Admin\addrole.php 第 123 行.
NOTIC: [8] Undefined index: langconf D:\xampp\htdocs\DreamCMSCN\Template\Admin\bootstrap\Auth\Admin\addrole.php 第 123 行.
NOTIC: [8] Array to string conversion D:\xampp\htdocs\DreamCMSCN\Template\Admin\bootstrap\Auth\Admin\addrole.php 第 123 行.
NOTIC: [8] Undefined index: langconf D:\xampp\htdocs\DreamCMSCN\Template\Admin\bootstrap\Auth\Admin\addrole.php 第 123 行.
NOTIC: [8] Array to string conversion D:\xampp\htdocs\DreamCMSCN\Template\Admin\bootstrap\Auth\Admin\addrole.php 第 123 行.
NOTIC: [8] Undefined index: langconf D:\xampp\htdocs\DreamCMSCN\Template\Admin\bootstrap\Auth\Admin\addrole.php 第 123 行.
NOTIC: [8] Array to string conversion D:\xampp\htdocs\DreamCMSCN\Template\Admin\bootstrap\Auth\Admin\addrole.php 第 123 行.
NOTIC: [8] Undefined index: langconf D:\xampp\htdocs\DreamCMSCN\Template\Admin\bootstrap\Auth\Admin\addrole.php 第 123 行.
NOTIC: [8] Array to string conversion D:\xampp\htdocs\DreamCMSCN\Template\Admin\bootstrap\Auth\Admin\addrole.php 第 123 行.
NOTIC: [8] Undefined index: langconf D:\xampp\htdocs\DreamCMSCN\Template\Admin\bootstrap\Auth\Admin\addrole.php 第 123 行.
NOTIC: [8] Array to string conversion D:\xampp\htdocs\DreamCMSCN\Template\Admin\bootstrap\Auth\Admin\addrole.php 第 123 行.
NOTIC: [8] Undefined index: langconf D:\xampp\htdocs\DreamCMSCN\Template\Admin\bootstrap\Auth\Admin\addrole.php 第 123 行.
NOTIC: [8] Array to string conversion D:\xampp\htdocs\DreamCMSCN\Template\Admin\bootstrap\Auth\Admin\addrole.php 第 123 行.
NOTIC: [8] Undefined index: langconf D:\xampp\htdocs\DreamCMSCN\Template\Admin\bootstrap\Auth\Admin\addrole.php 第 123 行.
NOTIC: [8] Array to string conversion D:\xampp\htdocs\DreamCMSCN\Template\Admin\bootstrap\Auth\Admin\addrole.php 第 123 行.
NOTIC: [8] Undefined index: langconf D:\xampp\htdocs\DreamCMSCN\Template\Admin\bootstrap\Auth\Admin\addrole.php 第 123 行.
NOTIC: [8] Array to string conversion D:\xampp\htdocs\DreamCMSCN\Template\Admin\bootstrap\Auth\Admin\addrole.php 第 123 行.
NOTIC: [8] Undefined index: langconf D:\xampp\htdocs\DreamCMSCN\Template\Admin\bootstrap\Auth\Admin\addrole.php 第 123 行.
NOTIC: [8] Array to string conversion D:\xampp\htdocs\DreamCMSCN\Template\Admin\bootstrap\Auth\Admin\addrole.php 第 123 行.
NOTIC: [8] Undefined index: langconf D:\xampp\htdocs\DreamCMSCN\Template\Admin\bootstrap\Auth\Admin\addrole.php 第 123 行.
NOTIC: [8] Array to string conversion D:\xampp\htdocs\DreamCMSCN\Template\Admin\bootstrap\Auth\Admin\addrole.php 第 123 行.
NOTIC: [8] Undefined index: langconf D:\xampp\htdocs\DreamCMSCN\Template\Admin\bootstrap\Auth\Admin\addrole.php 第 123 行.
NOTIC: [8] Array to string conversion D:\xampp\htdocs\DreamCMSCN\Template\Admin\bootstrap\Auth\Admin\addrole.php 第 123 行.
NOTIC: [8] Undefined index: langconf D:\xampp\htdocs\DreamCMSCN\Template\Admin\bootstrap\Auth\Admin\addrole.php 第 123 行.
NOTIC: [8] Array to string conversion D:\xampp\htdocs\DreamCMSCN\Template\Admin\bootstrap\Auth\Admin\addrole.php 第 123 行.
NOTIC: [8] Undefined index: langconf D:\xampp\htdocs\DreamCMSCN\Template\Admin\bootstrap\Auth\Admin\addrole.php 第 123 行.
NOTIC: [8] Array to string conversion D:\xampp\htdocs\DreamCMSCN\Template\Admin\bootstrap\Auth\Admin\addrole.php 第 123 行.
NOTIC: [8] Undefined index: langconf D:\xampp\htdocs\DreamCMSCN\Template\Admin\bootstrap\Auth\Admin\addrole.php 第 123 行.
NOTIC: [8] Array to string conversion D:\xampp\htdocs\DreamCMSCN\Template\Admin\bootstrap\Auth\Admin\addrole.php 第 123 行.
NOTIC: [8] Undefined index: langconf D:\xampp\htdocs\DreamCMSCN\Template\Admin\bootstrap\Auth\Admin\addrole.php 第 123 行.
NOTIC: [8] Array to string conversion D:\xampp\htdocs\DreamCMSCN\Template\Admin\bootstrap\Auth\Admin\addrole.php 第 123 行.
NOTIC: [8] Undefined index: langconf D:\xampp\htdocs\DreamCMSCN\Template\Admin\bootstrap\Auth\Admin\addrole.php 第 123 行.
NOTIC: [8] Array to string conversion D:\xampp\htdocs\DreamCMSCN\Template\Admin\bootstrap\Auth\Admin\addrole.php 第 123 行.
NOTIC: [8] Undefined index: langconf D:\xampp\htdocs\DreamCMSCN\Template\Admin\bootstrap\Auth\Admin\addrole.php 第 123 行.
NOTIC: [8] Array to string conversion D:\xampp\htdocs\DreamCMSCN\Template\Admin\bootstrap\Auth\Admin\addrole.php 第 123 行.
NOTIC: [8] Undefined index: langconf D:\xampp\htdocs\DreamCMSCN\Template\Admin\bootstrap\Auth\Admin\addrole.php 第 123 行.
NOTIC: [8] Array to string conversion D:\xampp\htdocs\DreamCMSCN\Template\Admin\bootstrap\Auth\Admin\addrole.php 第 123 行.
NOTIC: [8] Undefined index: langconf D:\xampp\htdocs\DreamCMSCN\Template\Admin\bootstrap\Auth\Admin\addrole.php 第 123 行.
NOTIC: [8] Array to string conversion D:\xampp\htdocs\DreamCMSCN\Template\Admin\bootstrap\Auth\Admin\addrole.php 第 123 行.
NOTIC: [8] Undefined index: langconf D:\xampp\htdocs\DreamCMSCN\Template\Admin\bootstrap\Auth\Admin\addrole.php 第 123 行.
NOTIC: [8] Array to string conversion D:\xampp\htdocs\DreamCMSCN\Template\Admin\bootstrap\Auth\Admin\addrole.php 第 123 行.
NOTIC: [8] Undefined index: langconf D:\xampp\htdocs\DreamCMSCN\Template\Admin\bootstrap\Auth\Admin\addrole.php 第 123 行.
NOTIC: [8] Array to string conversion D:\xampp\htdocs\DreamCMSCN\Template\Admin\bootstrap\Auth\Admin\addrole.php 第 123 行.
NOTIC: [8] Undefined index: langconf D:\xampp\htdocs\DreamCMSCN\Template\Admin\bootstrap\Auth\Admin\addrole.php 第 123 行.
NOTIC: [8] Array to string conversion D:\xampp\htdocs\DreamCMSCN\Template\Admin\bootstrap\Auth\Admin\addrole.php 第 123 行.
NOTIC: [8] Undefined index: langconf D:\xampp\htdocs\DreamCMSCN\Template\Admin\bootstrap\Auth\Admin\addrole.php 第 123 行.
NOTIC: [8] Array to string conversion D:\xampp\htdocs\DreamCMSCN\Template\Admin\bootstrap\Auth\Admin\addrole.php 第 123 行.
NOTIC: [8] Undefined index: langconf D:\xampp\htdocs\DreamCMSCN\Template\Admin\bootstrap\Auth\Admin\addrole.php 第 123 行.
NOTIC: [8] Array to string conversion D:\xampp\htdocs\DreamCMSCN\Template\Admin\bootstrap\Auth\Admin\addrole.php 第 123 行.
NOTIC: [8] Undefined index: langconf D:\xampp\htdocs\DreamCMSCN\Template\Admin\bootstrap\Auth\Admin\addrole.php 第 123 行.
NOTIC: [8] Array to string conversion D:\xampp\htdocs\DreamCMSCN\Template\Admin\bootstrap\Auth\Admin\addrole.php 第 123 行.
NOTIC: [8] Undefined index: langconf D:\xampp\htdocs\DreamCMSCN\Template\Admin\bootstrap\Auth\Admin\addrole.php 第 123 行.
NOTIC: [8] Array to string conversion D:\xampp\htdocs\DreamCMSCN\Template\Admin\bootstrap\Auth\Admin\addrole.php 第 123 行.
INFO: [ view_filter ] --START--
INFO: Run Behavior\WriteHtmlCacheBehavior [ RunTime:0.001000s ]
INFO: [ view_filter ] --END-- [ RunTime:0.001000s ]
INFO: [ app_end ] --START--
INFO: Run Behavior\ShowPageTraceBehavior [ RunTime:0.002000s ]
INFO: [ app_end ] --END-- [ RunTime:0.003000s ]

[ 2015-04-17T21:05:41+08:00 ] 127.0.0.1 /DreamCMSCN/admin.php/Auth/Login/Login.html
INFO: [ app_init ] --START--
INFO: Run Behavior\BuildLiteBehavior [ RunTime:0.000000s ]
INFO: [ app_init ] --END-- [ RunTime:0.000000s ]
INFO: [ app_begin ] --START--
INFO: Run Behavior\ReadHtmlCacheBehavior [ RunTime:0.001000s ]
INFO: Run Behavior\FlChkLangBehavior [ RunTime:0.002000s ]
INFO: [ app_begin ] --END-- [ RunTime:0.003000s ]
NOTIC: [8] Use of undefined constant TMPL_PATH - assumed 'TMPL_PATH' F:\xampp\htdocs\DreamCMSCN\Admin\Common\Controller\AdminbaseController.class.php 第 14 行.
INFO: [ view_filter ] --START--
INFO: Run Behavior\WriteHtmlCacheBehavior [ RunTime:0.001000s ]
INFO: [ view_filter ] --END-- [ RunTime:0.001000s ]
INFO: [ app_end ] --START--
INFO: Run Behavior\ShowPageTraceBehavior [ RunTime:0.001000s ]
INFO: [ app_end ] --END-- [ RunTime:0.001000s ]

[ 2015-04-17T21:05:41+08:00 ] 127.0.0.1 /DreamCMSCN/admin.php/Auth/Login/verify.html
INFO: [ app_init ] --START--
INFO: Run Behavior\BuildLiteBehavior [ RunTime:0.000000s ]
INFO: [ app_init ] --END-- [ RunTime:0.001000s ]
INFO: [ app_begin ] --START--
INFO: Run Behavior\ReadHtmlCacheBehavior [ RunTime:0.000000s ]
INFO: Run Behavior\FlChkLangBehavior [ RunTime:0.002000s ]
INFO: [ app_begin ] --END-- [ RunTime:0.003000s ]
NOTIC: [8] Use of undefined constant TMPL_PATH - assumed 'TMPL_PATH' F:\xampp\htdocs\DreamCMSCN\Admin\Common\Controller\AdminbaseController.class.php 第 14 行.
INFO: [ app_end ] --START--
INFO: Run Behavior\ShowPageTraceBehavior [ RunTime:0.001000s ]
INFO: [ app_end ] --END-- [ RunTime:0.001000s ]

[ 2015-04-17T21:05:48+08:00 ] 127.0.0.1 /DreamCMSCN/admin.php/Auth/Login/Login.html
INFO: [ app_init ] --START--
INFO: Run Behavior\BuildLiteBehavior [ RunTime:0.000000s ]
INFO: [ app_init ] --END-- [ RunTime:0.000000s ]
INFO: [ app_begin ] --START--
INFO: Run Behavior\ReadHtmlCacheBehavior [ RunTime:0.000000s ]
INFO: Run Behavior\FlChkLangBehavior [ RunTime:0.002000s ]
INFO: [ app_begin ] --END-- [ RunTime:0.002000s ]
NOTIC: [8] Use of undefined constant TMPL_PATH - assumed 'TMPL_PATH' F:\xampp\htdocs\DreamCMSCN\Admin\Common\Controller\AdminbaseController.class.php 第 14 行.
SQL: SHOW COLUMNS FROM `ur7_admin` [ RunTime:0.0060s ]
SQL: SELECT * FROM `ur7_admin` WHERE `username` = 'admin' LIMIT 1   [ RunTime:0.2550s ]
NOTIC: [8] Undefined offset: 1 F:\xampp\htdocs\DreamCMSCN\Core\Library\Think\Model\AdvModel.class.php 第 277 行.

