[ 2015-04-15T16:50:24+08:00 ] 127.0.0.1 /DreamCMSCN/admin.php/Auth/Admin/rolelist.html
INFO: [ app_init ] --START--
INFO: Run Behavior\BuildLiteBehavior [ RunTime:0.000000s ]
INFO: [ app_init ] --END-- [ RunTime:0.001000s ]
INFO: [ app_begin ] --START--
INFO: Run Behavior\ReadHtmlCacheBehavior [ RunTime:0.001000s ]
INFO: Run Behavior\FlChkLangBehavior [ RunTime:0.002000s ]
INFO: [ app_begin ] --END-- [ RunTime:0.004000s ]
NOTIC: [2048] Declaration of Auth\Controller\AuthbaseController::display() should be compatible with Think\Controller::display($templateFile = '', $charset = '', $contentType = '', $content = '', $prefix = '') D:\xampp\htdocs\DreamCMSCN\Admin\Auth\Controller\AuthbaseController.class.php 第 8 行.
NOTIC: [8] Use of undefined constant TMPL_PATH - assumed 'TMPL_PATH' D:\xampp\htdocs\DreamCMSCN\Admin\Common\Controller\AdminbaseController.class.php 第 14 行.
SQL: SHOW COLUMNS FROM `ur7_admin_auth_group` [ RunTime:0.0040s ]
SQL: SELECT * FROM `ur7_admin_auth_group` ORDER BY sort  [ RunTime:0.0000s ]
SQL: SHOW COLUMNS FROM `ur7_admin_auth_action` [ RunTime:0.0050s ]
SQL: SELECT * FROM `ur7_admin_auth_action` WHERE `group` = 'Auth' AND `controller` = 'Admin' AND `action` = 'rolelist' LIMIT 1   [ RunTime:0.0000s ]
SQL: SHOW COLUMNS FROM `ur7_admin_group` [ RunTime:0.0040s ]
SQL: SELECT * FROM `ur7_admin_group`  [ RunTime:0.0000s ]
NOTIC: [8] Undefined index: username D:\xampp\htdocs\DreamCMSCN\Template\Admin\bootstrap\Auth\Admin\rolelist.php 第 50 行.
NOTIC: [8] Undefined index: username D:\xampp\htdocs\DreamCMSCN\Template\Admin\bootstrap\Auth\Admin\rolelist.php 第 50 行.
INFO: [ view_filter ] --START--
INFO: Run Behavior\WriteHtmlCacheBehavior [ RunTime:0.001000s ]
INFO: [ view_filter ] --END-- [ RunTime:0.001000s ]
INFO: [ app_end ] --START--
INFO: Run Behavior\ShowPageTraceBehavior [ RunTime:0.001000s ]
INFO: [ app_end ] --END-- [ RunTime:0.001000s ]

[ 2015-04-15T16:50:25+08:00 ] 127.0.0.1 /DreamCMSCN/admin.php/Auth/Admin/addrole.html
INFO: [ app_init ] --START--
INFO: Run Behavior\BuildLiteBehavior [ RunTime:0.000000s ]
INFO: [ app_init ] --END-- [ RunTime:0.001000s ]
INFO: [ app_begin ] --START--
INFO: Run Behavior\ReadHtmlCacheBehavior [ RunTime:0.001000s ]
INFO: Run Behavior\FlChkLangBehavior [ RunTime:0.002000s ]
INFO: [ app_begin ] --END-- [ RunTime:0.005000s ]
NOTIC: [2048] Declaration of Auth\Controller\AuthbaseController::display() should be compatible with Think\Controller::display($templateFile = '', $charset = '', $contentType = '', $content = '', $prefix = '') D:\xampp\htdocs\DreamCMSCN\Admin\Auth\Controller\AuthbaseController.class.php 第 8 行.
NOTIC: [8] Use of undefined constant TMPL_PATH - assumed 'TMPL_PATH' D:\xampp\htdocs\DreamCMSCN\Admin\Common\Controller\AdminbaseController.class.php 第 14 行.
SQL: SHOW COLUMNS FROM `ur7_admin_auth_group` [ RunTime:0.0040s ]
SQL: SELECT * FROM `ur7_admin_auth_group` ORDER BY sort  [ RunTime:0.0000s ]
SQL: SHOW COLUMNS FROM `ur7_admin_auth_action` [ RunTime:0.0040s ]
SQL: SELECT * FROM `ur7_admin_auth_action` WHERE `group` = 'Auth' AND `controller` = 'Admin' AND `action` = 'addrole' LIMIT 1   [ RunTime:0.0000s ]
SQL: SELECT * FROM `ur7_admin_auth_group` ORDER BY sort  [ RunTime:0.0010s ]
NOTIC: [2048] Declaration of Model\AdminAuthControllerModel::add() should be compatible with Think\Model::add($data = '', $options = Array, $replace = false) D:\xampp\htdocs\DreamCMSCN\Model\AdminAuthControllerModel.class.php 第 74 行.
SQL: SHOW COLUMNS FROM `ur7_admin_auth_controller` [ RunTime:0.0040s ]
SQL: SELECT * FROM `ur7_admin_auth_controller`  [ RunTime:0.0000s ]

[ 2015-04-15T16:51:49+08:00 ] 127.0.0.1 /DreamCMSCN/admin.php/Auth/Admin/addrole.html
INFO: [ app_init ] --START--
INFO: Run Behavior\BuildLiteBehavior [ RunTime:0.000000s ]
INFO: [ app_init ] --END-- [ RunTime:0.001000s ]
INFO: [ app_begin ] --START--
INFO: Run Behavior\ReadHtmlCacheBehavior [ RunTime:0.001000s ]
INFO: Run Behavior\FlChkLangBehavior [ RunTime:0.002000s ]
INFO: [ app_begin ] --END-- [ RunTime:0.003000s ]
NOTIC: [2048] Declaration of Auth\Controller\AuthbaseController::display() should be compatible with Think\Controller::display($templateFile = '', $charset = '', $contentType = '', $content = '', $prefix = '') D:\xampp\htdocs\DreamCMSCN\Admin\Auth\Controller\AuthbaseController.class.php 第 8 行.
NOTIC: [8] Use of undefined constant TMPL_PATH - assumed 'TMPL_PATH' D:\xampp\htdocs\DreamCMSCN\Admin\Common\Controller\AdminbaseController.class.php 第 14 行.
SQL: SHOW COLUMNS FROM `ur7_admin_auth_group` [ RunTime:0.0050s ]
SQL: SELECT * FROM `ur7_admin_auth_group` ORDER BY sort  [ RunTime:0.0010s ]
SQL: SHOW COLUMNS FROM `ur7_admin_auth_action` [ RunTime:0.0040s ]
SQL: SELECT * FROM `ur7_admin_auth_group` ORDER BY sort  [ RunTime:0.0010s ]
NOTIC: [2048] Declaration of Model\AdminAuthControllerModel::add() should be compatible with Think\Model::add($data = '', $options = Array, $replace = false) D:\xampp\htdocs\DreamCMSCN\Model\AdminAuthControllerModel.class.php 第 74 行.
SQL: SHOW COLUMNS FROM `ur7_admin_auth_controller` [ RunTime:0.0040s ]
SQL: SELECT * FROM `ur7_admin_auth_controller`  [ RunTime:0.0000s ]
SQL: SELECT * FROM `ur7_admin_auth_action`  [ RunTime:0.0000s ]
NOTIC: [8] Undefined index: langconf D:\xampp\htdocs\DreamCMSCN\Template\Admin\bootstrap\Auth\Admin\addrole.php 第 130 行.
NOTIC: [8] Array to string conversion D:\xampp\htdocs\DreamCMSCN\Template\Admin\bootstrap\Auth\Admin\addrole.php 第 130 行.
NOTIC: [8] Undefined index: langconf D:\xampp\htdocs\DreamCMSCN\Template\Admin\bootstrap\Auth\Admin\addrole.php 第 130 行.
NOTIC: [8] Array to string conversion D:\xampp\htdocs\DreamCMSCN\Template\Admin\bootstrap\Auth\Admin\addrole.php 第 130 行.
NOTIC: [8] Undefined index: langconf D:\xampp\htdocs\DreamCMSCN\Template\Admin\bootstrap\Auth\Admin\addrole.php 第 130 行.
NOTIC: [8] Array to string conversion D:\xampp\htdocs\DreamCMSCN\Template\Admin\bootstrap\Auth\Admin\addrole.php 第 130 行.
NOTIC: [8] Undefined index: langconf D:\xampp\htdocs\DreamCMSCN\Template\Admin\bootstrap\Auth\Admin\addrole.php 第 130 行.
NOTIC: [8] Array to string conversion D:\xampp\htdocs\DreamCMSCN\Template\Admin\bootstrap\Auth\Admin\addrole.php 第 130 行.
NOTIC: [8] Undefined index: langconf D:\xampp\htdocs\DreamCMSCN\Template\Admin\bootstrap\Auth\Admin\addrole.php 第 130 行.
NOTIC: [8] Array to string conversion D:\xampp\htdocs\DreamCMSCN\Template\Admin\bootstrap\Auth\Admin\addrole.php 第 130 行.
NOTIC: [8] Undefined index: langconf D:\xampp\htdocs\DreamCMSCN\Template\Admin\bootstrap\Auth\Admin\addrole.php 第 130 行.
NOTIC: [8] Array to string conversion D:\xampp\htdocs\DreamCMSCN\Template\Admin\bootstrap\Auth\Admin\addrole.php 第 130 行.
NOTIC: [8] Undefined index: langconf D:\xampp\htdocs\DreamCMSCN\Template\Admin\bootstrap\Auth\Admin\addrole.php 第 130 行.
NOTIC: [8] Array to string conversion D:\xampp\htdocs\DreamCMSCN\Template\Admin\bootstrap\Auth\Admin\addrole.php 第 130 行.
NOTIC: [8] Undefined index: langconf D:\xampp\htdocs\DreamCMSCN\Template\Admin\bootstrap\Auth\Admin\addrole.php 第 130 行.
NOTIC: [8] Array to string conversion D:\xampp\htdocs\DreamCMSCN\Template\Admin\bootstrap\Auth\Admin\addrole.php 第 130 行.
NOTIC: [8] Undefined index: langconf D:\xampp\htdocs\DreamCMSCN\Template\Admin\bootstrap\Auth\Admin\addrole.php 第 130 行.
NOTIC: [8] Array to string conversion D:\xampp\htdocs\DreamCMSCN\Template\Admin\bootstrap\Auth\Admin\addrole.php 第 130 行.
NOTIC: [8] Undefined index: langconf D:\xampp\htdocs\DreamCMSCN\Template\Admin\bootstrap\Auth\Admin\addrole.php 第 130 行.
NOTIC: [8] Array to string conversion D:\xampp\htdocs\DreamCMSCN\Template\Admin\bootstrap\Auth\Admin\addrole.php 第 130 行.
NOTIC: [8] Undefined index: langconf D:\xampp\htdocs\DreamCMSCN\Template\Admin\bootstrap\Auth\Admin\addrole.php 第 130 行.
NOTIC: [8] Array to string conversion D:\xampp\htdocs\DreamCMSCN\Template\Admin\bootstrap\Auth\Admin\addrole.php 第 130 行.
NOTIC: [8] Undefined index: langconf D:\xampp\htdocs\DreamCMSCN\Template\Admin\bootstrap\Auth\Admin\addrole.php 第 130 行.
NOTIC: [8] Array to string conversion D:\xampp\htdocs\DreamCMSCN\Template\Admin\bootstrap\Auth\Admin\addrole.php 第 130 行.
NOTIC: [8] Undefined index: langconf D:\xampp\htdocs\DreamCMSCN\Template\Admin\bootstrap\Auth\Admin\addrole.php 第 130 行.
NOTIC: [8] Array to string conversion D:\xampp\htdocs\DreamCMSCN\Template\Admin\bootstrap\Auth\Admin\addrole.php 第 130 行.
NOTIC: [8] Undefined index: langconf D:\xampp\htdocs\DreamCMSCN\Template\Admin\bootstrap\Auth\Admin\addrole.php 第 130 行.
NOTIC: [8] Array to string conversion D:\xampp\htdocs\DreamCMSCN\Template\Admin\bootstrap\Auth\Admin\addrole.php 第 130 行.
NOTIC: [8] Undefined index: langconf D:\xampp\htdocs\DreamCMSCN\Template\Admin\bootstrap\Auth\Admin\addrole.php 第 130 行.
NOTIC: [8] Array to string conversion D:\xampp\htdocs\DreamCMSCN\Template\Admin\bootstrap\Auth\Admin\addrole.php 第 130 行.
NOTIC: [8] Undefined index: langconf D:\xampp\htdocs\DreamCMSCN\Template\Admin\bootstrap\Auth\Admin\addrole.php 第 130 行.
NOTIC: [8] Array to string conversion D:\xampp\htdocs\DreamCMSCN\Template\Admin\bootstrap\Auth\Admin\addrole.php 第 130 行.
NOTIC: [8] Undefined index: langconf D:\xampp\htdocs\DreamCMSCN\Template\Admin\bootstrap\Auth\Admin\addrole.php 第 130 行.
NOTIC: [8] Array to string conversion D:\xampp\htdocs\DreamCMSCN\Template\Admin\bootstrap\Auth\Admin\addrole.php 第 130 行.
NOTIC: [8] Undefined index: langconf D:\xampp\htdocs\DreamCMSCN\Template\Admin\bootstrap\Auth\Admin\addrole.php 第 130 行.
NOTIC: [8] Array to string conversion D:\xampp\htdocs\DreamCMSCN\Template\Admin\bootstrap\Auth\Admin\addrole.php 第 130 行.
NOTIC: [8] Undefined index: langconf D:\xampp\htdocs\DreamCMSCN\Template\Admin\bootstrap\Auth\Admin\addrole.php 第 130 行.
NOTIC: [8] Array to string conversion D:\xampp\htdocs\DreamCMSCN\Template\Admin\bootstrap\Auth\Admin\addrole.php 第 130 行.
NOTIC: [8] Undefined index: langconf D:\xampp\htdocs\DreamCMSCN\Template\Admin\bootstrap\Auth\Admin\addrole.php 第 130 行.
NOTIC: [8] Array to string conversion D:\xampp\htdocs\DreamCMSCN\Template\Admin\bootstrap\Auth\Admin\addrole.php 第 130 行.
NOTIC: [8] Undefined index: langconf D:\xampp\htdocs\DreamCMSCN\Template\Admin\bootstrap\Auth\Admin\addrole.php 第 130 行.
NOTIC: [8] Array to string conversion D:\xampp\htdocs\DreamCMSCN\Template\Admin\bootstrap\Auth\Admin\addrole.php 第 130 行.
NOTIC: [8] Undefined index: langconf D:\xampp\htdocs\DreamCMSCN\Template\Admin\bootstrap\Auth\Admin\addrole.php 第 130 行.
NOTIC: [8] Array to string conversion D:\xampp\htdocs\DreamCMSCN\Template\Admin\bootstrap\Auth\Admin\addrole.php 第 130 行.
NOTIC: [8] Undefined index: langconf D:\xampp\htdocs\DreamCMSCN\Template\Admin\bootstrap\Auth\Admin\addrole.php 第 130 行.
NOTIC: [8] Array to string conversion D:\xampp\htdocs\DreamCMSCN\Template\Admin\bootstrap\Auth\Admin\addrole.php 第 130 行.
NOTIC: [8] Undefined index: langconf D:\xampp\htdocs\DreamCMSCN\Template\Admin\bootstrap\Auth\Admin\addrole.php 第 130 行.
NOTIC: [8] Array to string conversion D:\xampp\htdocs\DreamCMSCN\Template\Admin\bootstrap\Auth\Admin\addrole.php 第 130 行.
NOTIC: [8] Undefined index: langconf D:\xampp\htdocs\DreamCMSCN\Template\Admin\bootstrap\Auth\Admin\addrole.php 第 130 行.
NOTIC: [8] Array to string conversion D:\xampp\htdocs\DreamCMSCN\Template\Admin\bootstrap\Auth\Admin\addrole.php 第 130 行.
NOTIC: [8] Undefined index: langconf D:\xampp\htdocs\DreamCMSCN\Template\Admin\bootstrap\Auth\Admin\addrole.php 第 130 行.
NOTIC: [8] Array to string conversion D:\xampp\htdocs\DreamCMSCN\Template\Admin\bootstrap\Auth\Admin\addrole.php 第 130 行.
NOTIC: [8] Undefined index: langconf D:\xampp\htdocs\DreamCMSCN\Template\Admin\bootstrap\Auth\Admin\addrole.php 第 130 行.
NOTIC: [8] Array to string conversion D:\xampp\htdocs\DreamCMSCN\Template\Admin\bootstrap\Auth\Admin\addrole.php 第 130 行.
NOTIC: [8] Undefined index: langconf D:\xampp\htdocs\DreamCMSCN\Template\Admin\bootstrap\Auth\Admin\addrole.php 第 130 行.
NOTIC: [8] Array to string conversion D:\xampp\htdocs\DreamCMSCN\Template\Admin\bootstrap\Auth\Admin\addrole.php 第 130 行.
NOTIC: [8] Undefined index: langconf D:\xampp\htdocs\DreamCMSCN\Template\Admin\bootstrap\Auth\Admin\addrole.php 第 130 行.
NOTIC: [8] Array to string conversion D:\xampp\htdocs\DreamCMSCN\Template\Admin\bootstrap\Auth\Admin\addrole.php 第 130 行.
NOTIC: [8] Undefined index: langconf D:\xampp\htdocs\DreamCMSCN\Template\Admin\bootstrap\Auth\Admin\addrole.php 第 130 行.
NOTIC: [8] Array to string conversion D:\xampp\htdocs\DreamCMSCN\Template\Admin\bootstrap\Auth\Admin\addrole.php 第 130 行.
NOTIC: [8] Undefined index: langconf D:\xampp\htdocs\DreamCMSCN\Template\Admin\bootstrap\Auth\Admin\addrole.php 第 130 行.
NOTIC: [8] Array to string conversion D:\xampp\htdocs\DreamCMSCN\Template\Admin\bootstrap\Auth\Admin\addrole.php 第 130 行.
NOTIC: [8] Undefined index: langconf D:\xampp\htdocs\DreamCMSCN\Template\Admin\bootstrap\Auth\Admin\addrole.php 第 130 行.
NOTIC: [8] Array to string conversion D:\xampp\htdocs\DreamCMSCN\Template\Admin\bootstrap\Auth\Admin\addrole.php 第 130 行.
NOTIC: [8] Undefined index: langconf D:\xampp\htdocs\DreamCMSCN\Template\Admin\bootstrap\Auth\Admin\addrole.php 第 130 行.
NOTIC: [8] Array to string conversion D:\xampp\htdocs\DreamCMSCN\Template\Admin\bootstrap\Auth\Admin\addrole.php 第 130 行.
INFO: [ view_filter ] --START--
INFO: Run Behavior\WriteHtmlCacheBehavior [ RunTime:0.001000s ]
INFO: [ view_filter ] --END-- [ RunTime:0.001000s ]
INFO: [ app_end ] --START--
INFO: Run Behavior\ShowPageTraceBehavior [ RunTime:0.001000s ]
INFO: [ app_end ] --END-- [ RunTime:0.001000s ]

[ 2015-04-15T16:52:46+08:00 ] 127.0.0.1 /DreamCMSCN/admin.php/Auth/Admin/addrole.html
INFO: [ app_init ] --START--
INFO: Run Behavior\BuildLiteBehavior [ RunTime:0.000000s ]
INFO: [ app_init ] --END-- [ RunTime:0.001000s ]
INFO: [ app_begin ] --START--
INFO: Run Behavior\ReadHtmlCacheBehavior [ RunTime:0.001000s ]
INFO: Run Behavior\FlChkLangBehavior [ RunTime:0.003000s ]
INFO: [ app_begin ] --END-- [ RunTime:0.004000s ]
NOTIC: [2048] Declaration of Auth\Controller\AuthbaseController::display() should be compatible with Think\Controller::display($templateFile = '', $charset = '', $contentType = '', $content = '', $prefix = '') D:\xampp\htdocs\DreamCMSCN\Admin\Auth\Controller\AuthbaseController.class.php 第 8 行.
NOTIC: [8] Use of undefined constant TMPL_PATH - assumed 'TMPL_PATH' D:\xampp\htdocs\DreamCMSCN\Admin\Common\Controller\AdminbaseController.class.php 第 14 行.
SQL: SHOW COLUMNS FROM `ur7_admin_auth_group` [ RunTime:0.0050s ]
SQL: SELECT * FROM `ur7_admin_auth_group` ORDER BY sort  [ RunTime:0.0000s ]
SQL: SHOW COLUMNS FROM `ur7_admin_auth_action` [ RunTime:0.0040s ]
SQL: SELECT * FROM `ur7_admin_auth_group` ORDER BY sort  [ RunTime:0.0000s ]
NOTIC: [2048] Declaration of Model\AdminAuthControllerModel::add() should be compatible with Think\Model::add($data = '', $options = Array, $replace = false) D:\xampp\htdocs\DreamCMSCN\Model\AdminAuthControllerModel.class.php 第 74 行.
SQL: SHOW COLUMNS FROM `ur7_admin_auth_controller` [ RunTime:0.0040s ]
SQL: SELECT * FROM `ur7_admin_auth_controller`  [ RunTime:0.0010s ]
SQL: SELECT * FROM `ur7_admin_auth_action`  [ RunTime:0.0010s ]
NOTIC: [8] Undefined index: langconf D:\xampp\htdocs\DreamCMSCN\Template\Admin\bootstrap\Auth\Admin\addrole.php 第 123 行.
NOTIC: [8] Array to string conversion D:\xampp\htdocs\DreamCMSCN\Template\Admin\bootstrap\Auth\Admin\addrole.php 第 123 行.
NOTIC: [8] Undefined index: langconf D:\xampp\htdocs\DreamCMSCN\Template\Admin\bootstrap\Auth\Admin\addrole.php 第 123 行.
NOTIC: [8] Array to string conversion D:\xampp\htdocs\DreamCMSCN\Template\Admin\bootstrap\Auth\Admin\addrole.php 第 123 行.
NOTIC: [8] Undefined index: langconf D:\xampp\htdocs\DreamCMSCN\Template\Admin\bootstrap\Auth\Admin\addrole.php 第 123 行.
NOTIC: [8] Array to string conversion D:\xampp\htdocs\DreamCMSCN\Template\Admin\bootstrap\Auth\Admin\addrole.php 第 123 行.
NOTIC: [8] Undefined index: langconf D:\xampp\htdocs\DreamCMSCN\Template\Admin\bootstrap\Auth\Admin\addrole.php 第 123 行.
NOTIC: [8] Array to string conversion D:\xampp\htdocs\DreamCMSCN\Template\Admin\bootstrap\Auth\Admin\addrole.php 第 123 行.
NOTIC: [8] Undefined index: langconf D:\xampp\htdocs\DreamCMSCN\Template\Admin\bootstrap\Auth\Admin\addrole.php 第 123 行.
NOTIC: [8] Array to string conversion D:\xampp\htdocs\DreamCMSCN\Template\Admin\bootstrap\Auth\Admin\addrole.php 第 123 行.
NOTIC: [8] Undefined index: langconf D:\xampp\htdocs\DreamCMSCN\Template\Admin\bootstrap\Auth\Admin\addrole.php 第 123 行.
NOTIC: [8] Array to string conversion D:\xampp\htdocs\DreamCMSCN\Template\Admin\bootstrap\Auth\Admin\addrole.php 第 123 行.
NOTIC: [8] Undefined index: langconf D:\xampp\htdocs\DreamCMSCN\Template\Admin\bootstrap\Auth\Admin\addrole.php 第 123 行.
NOTIC: [8] Array to string conversion D:\xampp\htdocs\DreamCMSCN\Template\Admin\bootstrap\Auth\Admin\addrole.php 第 123 行.
NOTIC: [8] Undefined index: langconf D:\xampp\htdocs\DreamCMSCN\Template\Admin\bootstrap\Auth\Admin\addrole.php 第 123 行.
NOTIC: [8] Array to string conversion D:\xampp\htdocs\DreamCMSCN\Template\Admin\bootstrap\Auth\Admin\addrole.php 第 123 行.
NOTIC: [8] Undefined index: langconf D:\xampp\htdocs\DreamCMSCN\Template\Admin\bootstrap\Auth\Admin\addrole.php 第 123 行.
NOTIC: [8] Array to string conversion D:\xampp\htdocs\DreamCMSCN\Template\Admin\bootstrap\Auth\Admin\addrole.php 第 123 行.
NOTIC: [8] Undefined index: langconf D:\xampp\htdocs\DreamCMSCN\Template\Admin\bootstrap\Auth\Admin\addrole.php 第 123 行.
NOTIC: [8] Array to string conversion D:\xampp\htdocs\DreamCMSCN\Template\Admin\bootstrap\Auth\Admin\addrole.php 第 123 行.
NOTIC: [8] Undefined index: langconf D:\xampp\htdocs\DreamCMSCN\Template\Admin\bootstrap\Auth\Admin\addrole.php 第 123 行.
NOTIC: [8] Array to string conversion D:\xampp\htdocs\DreamCMSCN\Template\Admin\bootstrap\Auth\Admin\addrole.php 第 123 行.
NOTIC: [8] Undefined index: langconf D:\xampp\htdocs\DreamCMSCN\Template\Admin\bootstrap\Auth\Admin\addrole.php 第 123 行.
NOTIC: [8] Array to string conversion D:\xampp\htdocs\DreamCMSCN\Template\Admin\bootstrap\Auth\Admin\addrole.php 第 123 行.
NOTIC: [8] Undefined index: langconf D:\xampp\htdocs\DreamCMSCN\Template\Admin\bootstrap\Auth\Admin\addrole.php 第 123 行.
NOTIC: [8] Array to string conversion D:\xampp\htdocs\DreamCMSCN\Template\Admin\bootstrap\Auth\Admin\addrole.php 第 123 行.
NOTIC: [8] Undefined index: langconf D:\xampp\htdocs\DreamCMSCN\Template\Admin\bootstrap\Auth\Admin\addrole.php 第 123 行.
NOTIC: [8] Array to string conversion D:\xampp\htdocs\DreamCMSCN\Template\Admin\bootstrap\Auth\Admin\addrole.php 第 123 行.
NOTIC: [8] Undefined index: langconf D:\xampp\htdocs\DreamCMSCN\Template\Admin\bootstrap\Auth\Admin\addrole.php 第 123 行.
NOTIC: [8] Array to string conversion D:\xampp\htdocs\DreamCMSCN\Template\Admin\bootstrap\Auth\Admin\addrole.php 第 123 行.
NOTIC: [8] Undefined index: langconf D:\xampp\htdocs\DreamCMSCN\Template\Admin\bootstrap\Auth\Admin\addrole.php 第 123 行.
NOTIC: [8] Array to string conversion D:\xampp\htdocs\DreamCMSCN\Template\Admin\bootstrap\Auth\Admin\addrole.php 第 123 行.
NOTIC: [8] Undefined index: langconf D:\xampp\htdocs\DreamCMSCN\Template\Admin\bootstrap\Auth\Admin\addrole.php 第 123 行.
NOTIC: [8] Array to string conversion D:\xampp\htdocs\DreamCMSCN\Template\Admin\bootstrap\Auth\Admin\addrole.php 第 123 行.
NOTIC: [8] Undefined index: langconf D:\xampp\htdocs\DreamCMSCN\Template\Admin\bootstrap\Auth\Admin\addrole.php 第 123 行.
NOTIC: [8] Array to string conversion D:\xampp\htdocs\DreamCMSCN\Template\Admin\bootstrap\Auth\Admin\addrole.php 第 123 行.
NOTIC: [8] Undefined index: langconf D:\xampp\htdocs\DreamCMSCN\Template\Admin\bootstrap\Auth\Admin\addrole.php 第 123 行.
NOTIC: [8] Array to string conversion D:\xampp\htdocs\DreamCMSCN\Template\Admin\bootstrap\Auth\Admin\addrole.php 第 123 行.
NOTIC: [8] Undefined index: langconf D:\xampp\htdocs\DreamCMSCN\Template\Admin\bootstrap\Auth\Admin\addrole.php 第 123 行.
NOTIC: [8] Array to string conversion D:\xampp\htdocs\DreamCMSCN\Template\Admin\bootstrap\Auth\Admin\addrole.php 第 123 行.
NOTIC: [8] Undefined index: langconf D:\xampp\htdocs\DreamCMSCN\Template\Admin\bootstrap\Auth\Admin\addrole.php 第 123 行.
NOTIC: [8] Array to string conversion D:\xampp\htdocs\DreamCMSCN\Template\Admin\bootstrap\Auth\Admin\addrole.php 第 123 行.
NOTIC: [8] Undefined index: langconf D:\xampp\htdocs\DreamCMSCN\Template\Admin\bootstrap\Auth\Admin\addrole.php 第 123 行.
NOTIC: [8] Array to string conversion D:\xampp\htdocs\DreamCMSCN\Template\Admin\bootstrap\Auth\Admin\addrole.php 第 123 行.
NOTIC: [8] Undefined index: langconf D:\xampp\htdocs\DreamCMSCN\Template\Admin\bootstrap\Auth\Admin\addrole.php 第 123 行.
NOTIC: [8] Array to string conversion D:\xampp\htdocs\DreamCMSCN\Template\Admin\bootstrap\Auth\Admin\addrole.php 第 123 行.
NOTIC: [8] Undefined index: langconf D:\xampp\htdocs\DreamCMSCN\Template\Admin\bootstrap\Auth\Admin\addrole.php 第 123 行.
NOTIC: [8] Array to string conversion D:\xampp\htdocs\DreamCMSCN\Template\Admin\bootstrap\Auth\Admin\addrole.php 第 123 行.
NOTIC: [8] Undefined index: langconf D:\xampp\htdocs\DreamCMSCN\Template\Admin\bootstrap\Auth\Admin\addrole.php 第 123 行.
NOTIC: [8] Array to string conversion D:\xampp\htdocs\DreamCMSCN\Template\Admin\bootstrap\Auth\Admin\addrole.php 第 123 行.
NOTIC: [8] Undefined index: langconf D:\xampp\htdocs\DreamCMSCN\Template\Admin\bootstrap\Auth\Admin\addrole.php 第 123 行.
NOTIC: [8] Array to string conversion D:\xampp\htdocs\DreamCMSCN\Template\Admin\bootstrap\Auth\Admin\addrole.php 第 123 行.
NOTIC: [8] Undefined index: langconf D:\xampp\htdocs\DreamCMSCN\Template\Admin\bootstrap\Auth\Admin\addrole.php 第 123 行.
NOTIC: [8] Array to string conversion D:\xampp\htdocs\DreamCMSCN\Template\Admin\bootstrap\Auth\Admin\addrole.php 第 123 行.
NOTIC: [8] Undefined index: langconf D:\xampp\htdocs\DreamCMSCN\Template\Admin\bootstrap\Auth\Admin\addrole.php 第 123 行.
NOTIC: [8] Array to string conversion D:\xampp\htdocs\DreamCMSCN\Template\Admin\bootstrap\Auth\Admin\addrole.php 第 123 行.
NOTIC: [8] Undefined index: langconf D:\xampp\htdocs\DreamCMSCN\Template\Admin\bootstrap\Auth\Admin\addrole.php 第 123 行.
NOTIC: [8] Array to string conversion D:\xampp\htdocs\DreamCMSCN\Template\Admin\bootstrap\Auth\Admin\addrole.php 第 123 行.
NOTIC: [8] Undefined index: langconf D:\xampp\htdocs\DreamCMSCN\Template\Admin\bootstrap\Auth\Admin\addrole.php 第 123 行.
NOTIC: [8] Array to string conversion D:\xampp\htdocs\DreamCMSCN\Template\Admin\bootstrap\Auth\Admin\addrole.php 第 123 行.
NOTIC: [8] Undefined index: langconf D:\xampp\htdocs\DreamCMSCN\Template\Admin\bootstrap\Auth\Admin\addrole.php 第 123 行.
NOTIC: [8] Array to string conversion D:\xampp\htdocs\DreamCMSCN\Template\Admin\bootstrap\Auth\Admin\addrole.php 第 123 行.
NOTIC: [8] Undefined index: langconf D:\xampp\htdocs\DreamCMSCN\Template\Admin\bootstrap\Auth\Admin\addrole.php 第 123 行.
NOTIC: [8] Array to string conversion D:\xampp\htdocs\DreamCMSCN\Template\Admin\bootstrap\Auth\Admin\addrole.php 第 123 行.
NOTIC: [8] Undefined index: langconf D:\xampp\htdocs\DreamCMSCN\Template\Admin\bootstrap\Auth\Admin\addrole.php 第 123 行.
NOTIC: [8] Array to string conversion D:\xampp\htdocs\DreamCMSCN\Template\Admin\bootstrap\Auth\Admin\addrole.php 第 123 行.
INFO: [ view_filter ] --START--
INFO: Run Behavior\WriteHtmlCacheBehavior [ RunTime:0.001000s ]
INFO: [ view_filter ] --END-- [ RunTime:0.001000s ]
INFO: [ app_end ] --START--
INFO: Run Behavior\ShowPageTraceBehavior [ RunTime:0.002000s ]
INFO: [ app_end ] --END-- [ RunTime:0.002000s ]

[ 2015-04-15T16:55:31+08:00 ] 127.0.0.1 /DreamCMSCN/admin.php/Auth/Admin/addrole.html
INFO: [ app_init ] --START--
INFO: Run Behavior\BuildLiteBehavior [ RunTime:0.000000s ]
INFO: [ app_init ] --END-- [ RunTime:0.001000s ]
INFO: [ app_begin ] --START--
INFO: Run Behavior\ReadHtmlCacheBehavior [ RunTime:0.001000s ]
INFO: Run Behavior\FlChkLangBehavior [ RunTime:0.003000s ]
INFO: [ app_begin ] --END-- [ RunTime:0.005000s ]
NOTIC: [2048] Declaration of Auth\Controller\AuthbaseController::display() should be compatible with Think\Controller::display($templateFile = '', $charset = '', $contentType = '', $content = '', $prefix = '') D:\xampp\htdocs\DreamCMSCN\Admin\Auth\Controller\AuthbaseController.class.php 第 8 行.
NOTIC: [8] Use of undefined constant TMPL_PATH - assumed 'TMPL_PATH' D:\xampp\htdocs\DreamCMSCN\Admin\Common\Controller\AdminbaseController.class.php 第 14 行.
SQL: SHOW COLUMNS FROM `ur7_admin_auth_group` [ RunTime:0.0060s ]
SQL: SELECT * FROM `ur7_admin_auth_group` ORDER BY sort  [ RunTime:0.0000s ]
SQL: SHOW COLUMNS FROM `ur7_admin_auth_action` [ RunTime:0.0040s ]
SQL: SELECT * FROM `ur7_admin_auth_group` ORDER BY sort  [ RunTime:0.0010s ]
NOTIC: [2048] Declaration of Model\AdminAuthControllerModel::add() should be compatible with Think\Model::add($data = '', $options = Array, $replace = false) D:\xampp\htdocs\DreamCMSCN\Model\AdminAuthControllerModel.class.php 第 74 行.
SQL: SHOW COLUMNS FROM `ur7_admin_auth_controller` [ RunTime:0.0050s ]
SQL: SELECT * FROM `ur7_admin_auth_controller`  [ RunTime:0.0010s ]
SQL: SELECT * FROM `ur7_admin_auth_action`  [ RunTime:0.0010s ]
NOTIC: [8] Undefined index: langconf D:\xampp\htdocs\DreamCMSCN\Template\Admin\bootstrap\Auth\Admin\addrole.php 第 123 行.
NOTIC: [8] Array to string conversion D:\xampp\htdocs\DreamCMSCN\Template\Admin\bootstrap\Auth\Admin\addrole.php 第 123 行.
NOTIC: [8] Undefined index: langconf D:\xampp\htdocs\DreamCMSCN\Template\Admin\bootstrap\Auth\Admin\addrole.php 第 123 行.
NOTIC: [8] Array to string conversion D:\xampp\htdocs\DreamCMSCN\Template\Admin\bootstrap\Auth\Admin\addrole.php 第 123 行.
NOTIC: [8] Undefined index: langconf D:\xampp\htdocs\DreamCMSCN\Template\Admin\bootstrap\Auth\Admin\addrole.php 第 123 行.
NOTIC: [8] Array to string conversion D:\xampp\htdocs\DreamCMSCN\Template\Admin\bootstrap\Auth\Admin\addrole.php 第 123 行.
NOTIC: [8] Undefined index: langconf D:\xampp\htdocs\DreamCMSCN\Template\Admin\bootstrap\Auth\Admin\addrole.php 第 123 行.
NOTIC: [8] Array to string conversion D:\xampp\htdocs\DreamCMSCN\Template\Admin\bootstrap\Auth\Admin\addrole.php 第 123 行.
NOTIC: [8] Undefined index: langconf D:\xampp\htdocs\DreamCMSCN\Template\Admin\bootstrap\Auth\Admin\addrole.php 第 123 行.
NOTIC: [8] Array to string conversion D:\xampp\htdocs\DreamCMSCN\Template\Admin\bootstrap\Auth\Admin\addrole.php 第 123 行.
NOTIC: [8] Undefined index: langconf D:\xampp\htdocs\DreamCMSCN\Template\Admin\bootstrap\Auth\Admin\addrole.php 第 123 行.
NOTIC: [8] Array to string conversion D:\xampp\htdocs\DreamCMSCN\Template\Admin\bootstrap\Auth\Admin\addrole.php 第 123 行.
NOTIC: [8] Undefined index: langconf D:\xampp\htdocs\DreamCMSCN\Template\Admin\bootstrap\Auth\Admin\addrole.php 第 123 行.
NOTIC: [8] Array to string conversion D:\xampp\htdocs\DreamCMSCN\Template\Admin\bootstrap\Auth\Admin\addrole.php 第 123 行.
NOTIC: [8] Undefined index: langconf D:\xampp\htdocs\DreamCMSCN\Template\Admin\bootstrap\Auth\Admin\addrole.php 第 123 行.
NOTIC: [8] Array to string conversion D:\xampp\htdocs\DreamCMSCN\Template\Admin\bootstrap\Auth\Admin\addrole.php 第 123 行.
NOTIC: [8] Undefined index: langconf D:\xampp\htdocs\DreamCMSCN\Template\Admin\bootstrap\Auth\Admin\addrole.php 第 123 行.
NOTIC: [8] Array to string conversion D:\xampp\htdocs\DreamCMSCN\Template\Admin\bootstrap\Auth\Admin\addrole.php 第 123 行.
NOTIC: [8] Undefined index: langconf D:\xampp\htdocs\DreamCMSCN\Template\Admin\bootstrap\Auth\Admin\addrole.php 第 123 行.
NOTIC: [8] Array to string conversion D:\xampp\htdocs\DreamCMSCN\Template\Admin\bootstrap\Auth\Admin\addrole.php 第 123 行.
NOTIC: [8] Undefined index: langconf D:\xampp\htdocs\DreamCMSCN\Template\Admin\bootstrap\Auth\Admin\addrole.php 第 123 行.
NOTIC: [8] Array to string conversion D:\xampp\htdocs\DreamCMSCN\Template\Admin\bootstrap\Auth\Admin\addrole.php 第 123 行.
NOTIC: [8] Undefined index: langconf D:\xampp\htdocs\DreamCMSCN\Template\Admin\bootstrap\Auth\Admin\addrole.php 第 123 行.
NOTIC: [8] Array to string conversion D:\xampp\htdocs\DreamCMSCN\Template\Admin\bootstrap\Auth\Admin\addrole.php 第 123 行.
NOTIC: [8] Undefined index: langconf D:\xampp\htdocs\DreamCMSCN\Template\Admin\bootstrap\Auth\Admin\addrole.php 第 123 行.
NOTIC: [8] Array to string conversion D:\xampp\htdocs\DreamCMSCN\Template\Admin\bootstrap\Auth\Admin\addrole.php 第 123 行.
NOTIC: [8] Undefined index: langconf D:\xampp\htdocs\DreamCMSCN\Template\Admin\bootstrap\Auth\Admin\addrole.php 第 123 行.
NOTIC: [8] Array to string conversion D:\xampp\htdocs\DreamCMSCN\Template\Admin\bootstrap\Auth\Admin\addrole.php 第 123 行.
NOTIC: [8] Undefined index: langconf D:\xampp\htdocs\DreamCMSCN\Template\Admin\bootstrap\Auth\Admin\addrole.php 第 123 行.
NOTIC: [8] Array to string conversion D:\xampp\htdocs\DreamCMSCN\Template\Admin\bootstrap\Auth\Admin\addrole.php 第 123 行.
NOTIC: [8] Undefined index: langconf D:\xampp\htdocs\DreamCMSCN\Template\Admin\bootstrap\Auth\Admin\addrole.php 第 123 行.
NOTIC: [8] Array to string conversion D:\xampp\htdocs\DreamCMSCN\Template\Admin\bootstrap\Auth\Admin\addrole.php 第 123 行.
NOTIC: [8] Undefined index: langconf D:\xampp\htdocs\DreamCMSCN\Template\Admin\bootstrap\Auth\Admin\addrole.php 第 123 行.
NOTIC: [8] Array to string conversion D:\xampp\htdocs\DreamCMSCN\Template\Admin\bootstrap\Auth\Admin\addrole.php 第 123 行.
NOTIC: [8] Undefined index: langconf D:\xampp\htdocs\DreamCMSCN\Template\Admin\bootstrap\Auth\Admin\addrole.php 第 123 行.
NOTIC: [8] Array to string conversion D:\xampp\htdocs\DreamCMSCN\Template\Admin\bootstrap\Auth\Admin\addrole.php 第 123 行.
NOTIC: [8] Undefined index: langconf D:\xampp\htdocs\DreamCMSCN\Template\Admin\bootstrap\Auth\Admin\addrole.php 第 123 行.
NOTIC: [8] Array to string conversion D:\xampp\htdocs\DreamCMSCN\Template\Admin\bootstrap\Auth\Admin\addrole.php 第 123 行.
NOTIC: [8] Undefined index: langconf D:\xampp\htdocs\DreamCMSCN\Template\Admin\bootstrap\Auth\Admin\addrole.php 第 123 行.
NOTIC: [8] Array to string conversion D:\xampp\htdocs\DreamCMSCN\Template\Admin\bootstrap\Auth\Admin\addrole.php 第 123 行.
NOTIC: [8] Undefined index: langconf D:\xampp\htdocs\DreamCMSCN\Template\Admin\bootstrap\Auth\Admin\addrole.php 第 123 行.
NOTIC: [8] Array to string conversion D:\xampp\htdocs\DreamCMSCN\Template\Admin\bootstrap\Auth\Admin\addrole.php 第 123 行.
NOTIC: [8] Undefined index: langconf D:\xampp\htdocs\DreamCMSCN\Template\Admin\bootstrap\Auth\Admin\addrole.php 第 123 行.
NOTIC: [8] Array to string conversion D:\xampp\htdocs\DreamCMSCN\Template\Admin\bootstrap\Auth\Admin\addrole.php 第 123 行.
NOTIC: [8] Undefined index: langconf D:\xampp\htdocs\DreamCMSCN\Template\Admin\bootstrap\Auth\Admin\addrole.php 第 123 行.
NOTIC: [8] Array to string conversion D:\xampp\htdocs\DreamCMSCN\Template\Admin\bootstrap\Auth\Admin\addrole.php 第 123 行.
NOTIC: [8] Undefined index: langconf D:\xampp\htdocs\DreamCMSCN\Template\Admin\bootstrap\Auth\Admin\addrole.php 第 123 行.
NOTIC: [8] Array to string conversion D:\xampp\htdocs\DreamCMSCN\Template\Admin\bootstrap\Auth\Admin\addrole.php 第 123 行.
NOTIC: [8] Undefined index: langconf D:\xampp\htdocs\DreamCMSCN\Template\Admin\bootstrap\Auth\Admin\addrole.php 第 123 行.
NOTIC: [8] Array to string conversion D:\xampp\htdocs\DreamCMSCN\Template\Admin\bootstrap\Auth\Admin\addrole.php 第 123 行.
NOTIC: [8] Undefined index: langconf D:\xampp\htdocs\DreamCMSCN\Template\Admin\bootstrap\Auth\Admin\addrole.php 第 123 行.
NOTIC: [8] Array to string conversion D:\xampp\htdocs\DreamCMSCN\Template\Admin\bootstrap\Auth\Admin\addrole.php 第 123 行.
NOTIC: [8] Undefined index: langconf D:\xampp\htdocs\DreamCMSCN\Template\Admin\bootstrap\Auth\Admin\addrole.php 第 123 行.
NOTIC: [8] Array to string conversion D:\xampp\htdocs\DreamCMSCN\Template\Admin\bootstrap\Auth\Admin\addrole.php 第 123 行.
NOTIC: [8] Undefined index: langconf D:\xampp\htdocs\DreamCMSCN\Template\Admin\bootstrap\Auth\Admin\addrole.php 第 123 行.
NOTIC: [8] Array to string conversion D:\xampp\htdocs\DreamCMSCN\Template\Admin\bootstrap\Auth\Admin\addrole.php 第 123 行.
NOTIC: [8] Undefined index: langconf D:\xampp\htdocs\DreamCMSCN\Template\Admin\bootstrap\Auth\Admin\addrole.php 第 123 行.
NOTIC: [8] Array to string conversion D:\xampp\htdocs\DreamCMSCN\Template\Admin\bootstrap\Auth\Admin\addrole.php 第 123 行.
NOTIC: [8] Undefined index: langconf D:\xampp\htdocs\DreamCMSCN\Template\Admin\bootstrap\Auth\Admin\addrole.php 第 123 行.
NOTIC: [8] Array to string conversion D:\xampp\htdocs\DreamCMSCN\Template\Admin\bootstrap\Auth\Admin\addrole.php 第 123 行.
NOTIC: [8] Undefined index: langconf D:\xampp\htdocs\DreamCMSCN\Template\Admin\bootstrap\Auth\Admin\addrole.php 第 123 行.
NOTIC: [8] Array to string conversion D:\xampp\htdocs\DreamCMSCN\Template\Admin\bootstrap\Auth\Admin\addrole.php 第 123 行.
NOTIC: [8] Undefined index: langconf D:\xampp\htdocs\DreamCMSCN\Template\Admin\bootstrap\Auth\Admin\addrole.php 第 123 行.
NOTIC: [8] Array to string conversion D:\xampp\htdocs\DreamCMSCN\Template\Admin\bootstrap\Auth\Admin\addrole.php 第 123 行.
NOTIC: [8] Undefined index: langconf D:\xampp\htdocs\DreamCMSCN\Template\Admin\bootstrap\Auth\Admin\addrole.php 第 123 行.
NOTIC: [8] Array to string conversion D:\xampp\htdocs\DreamCMSCN\Template\Admin\bootstrap\Auth\Admin\addrole.php 第 123 行.
INFO: [ view_filter ] --START--
INFO: Run Behavior\WriteHtmlCacheBehavior [ RunTime:0.000000s ]
INFO: [ view_filter ] --END-- [ RunTime:0.002001s ]
INFO: [ app_end ] --START--
INFO: Run Behavior\ShowPageTraceBehavior [ RunTime:0.001000s ]
INFO: [ app_end ] --END-- [ RunTime:0.001000s ]

[ 2015-04-15T16:55:31+08:00 ] 127.0.0.1 /DreamCMSCN/admin.php/Auth/Admin/rolelist.html
INFO: [ app_init ] --START--
INFO: Run Behavior\BuildLiteBehavior [ RunTime:0.000000s ]
INFO: [ app_init ] --END-- [ RunTime:0.001000s ]
INFO: [ app_begin ] --START--
INFO: Run Behavior\ReadHtmlCacheBehavior [ RunTime:0.001000s ]
INFO: Run Behavior\FlChkLangBehavior [ RunTime:0.002000s ]
INFO: [ app_begin ] --END-- [ RunTime:0.005000s ]
NOTIC: [2048] Declaration of Auth\Controller\AuthbaseController::display() should be compatible with Think\Controller::display($templateFile = '', $charset = '', $contentType = '', $content = '', $prefix = '') D:\xampp\htdocs\DreamCMSCN\Admin\Auth\Controller\AuthbaseController.class.php 第 8 行.
NOTIC: [8] Use of undefined constant TMPL_PATH - assumed 'TMPL_PATH' D:\xampp\htdocs\DreamCMSCN\Admin\Common\Controller\AdminbaseController.class.php 第 14 行.
SQL: SHOW COLUMNS FROM `ur7_admin_auth_group` [ RunTime:0.0040s ]
SQL: SELECT * FROM `ur7_admin_auth_group` ORDER BY sort  [ RunTime:0.0000s ]
SQL: SHOW COLUMNS FROM `ur7_admin_auth_action` [ RunTime:0.0040s ]
SQL: SHOW COLUMNS FROM `ur7_admin_group` [ RunTime:0.0050s ]
SQL: SELECT * FROM `ur7_admin_group`  [ RunTime:0.0010s ]
INFO: [ view_filter ] --START--
INFO: Run Behavior\WriteHtmlCacheBehavior [ RunTime:0.001000s ]
INFO: [ view_filter ] --END-- [ RunTime:0.002000s ]
INFO: [ app_end ] --START--
INFO: Run Behavior\ShowPageTraceBehavior [ RunTime:0.001000s ]
INFO: [ app_end ] --END-- [ RunTime:0.001000s ]

[ 2015-04-15T16:56:51+08:00 ] 127.0.0.1 /DreamCMSCN/admin.php/Auth/Admin/rolelist.html
INFO: [ app_init ] --START--
INFO: Run Behavior\BuildLiteBehavior [ RunTime:0.000000s ]
INFO: [ app_init ] --END-- [ RunTime:0.001001s ]
INFO: [ app_begin ] --START--
INFO: Run Behavior\ReadHtmlCacheBehavior [ RunTime:0.002000s ]
INFO: Run Behavior\FlChkLangBehavior [ RunTime:0.003000s ]
INFO: [ app_begin ] --END-- [ RunTime:0.005000s ]
NOTIC: [2048] Declaration of Auth\Controller\AuthbaseController::display() should be compatible with Think\Controller::display($templateFile = '', $charset = '', $contentType = '', $content = '', $prefix = '') D:\xampp\htdocs\DreamCMSCN\Admin\Auth\Controller\AuthbaseController.class.php 第 8 行.
NOTIC: [8] Use of undefined constant TMPL_PATH - assumed 'TMPL_PATH' D:\xampp\htdocs\DreamCMSCN\Admin\Common\Controller\AdminbaseController.class.php 第 14 行.
SQL: SHOW COLUMNS FROM `ur7_admin_auth_group` [ RunTime:0.0040s ]
SQL: SELECT * FROM `ur7_admin_auth_group` ORDER BY sort  [ RunTime:0.0010s ]
SQL: SHOW COLUMNS FROM `ur7_admin_auth_action` [ RunTime:0.0040s ]
SQL: SHOW COLUMNS FROM `ur7_admin_group` [ RunTime:0.0040s ]
SQL: SELECT * FROM `ur7_admin_group`  [ RunTime:0.0000s ]
INFO: [ view_filter ] --START--
INFO: Run Behavior\WriteHtmlCacheBehavior [ RunTime:0.001000s ]
INFO: [ view_filter ] --END-- [ RunTime:0.001000s ]
INFO: [ app_end ] --START--
INFO: Run Behavior\ShowPageTraceBehavior [ RunTime:0.002000s ]
INFO: [ app_end ] --END-- [ RunTime:0.002000s ]

[ 2015-04-15T16:57:17+08:00 ] 127.0.0.1 /DreamCMSCN/admin.php/Auth/Admin/rolelist.html
INFO: [ app_init ] --START--
INFO: Run Behavior\BuildLiteBehavior [ RunTime:0.000000s ]
INFO: [ app_init ] --END-- [ RunTime:0.001001s ]
INFO: [ app_begin ] --START--
INFO: Run Behavior\ReadHtmlCacheBehavior [ RunTime:0.001000s ]
INFO: Run Behavior\FlChkLangBehavior [ RunTime:0.003000s ]
INFO: [ app_begin ] --END-- [ RunTime:0.005000s ]
NOTIC: [2048] Declaration of Auth\Controller\AuthbaseController::display() should be compatible with Think\Controller::display($templateFile = '', $charset = '', $contentType = '', $content = '', $prefix = '') D:\xampp\htdocs\DreamCMSCN\Admin\Auth\Controller\AuthbaseController.class.php 第 8 行.
NOTIC: [8] Use of undefined constant TMPL_PATH - assumed 'TMPL_PATH' D:\xampp\htdocs\DreamCMSCN\Admin\Common\Controller\AdminbaseController.class.php 第 14 行.
SQL: SHOW COLUMNS FROM `ur7_admin_auth_group` [ RunTime:0.0040s ]
SQL: SELECT * FROM `ur7_admin_auth_group` ORDER BY sort  [ RunTime:0.0000s ]
SQL: SHOW COLUMNS FROM `ur7_admin_auth_action` [ RunTime:0.0040s ]
SQL: SHOW COLUMNS FROM `ur7_admin_group` [ RunTime:0.0040s ]
SQL: SELECT * FROM `ur7_admin_group`  [ RunTime:0.0010s ]
INFO: [ view_filter ] --START--
INFO: Run Behavior\WriteHtmlCacheBehavior [ RunTime:0.001000s ]
INFO: [ view_filter ] --END-- [ RunTime:0.001000s ]
INFO: [ app_end ] --START--
INFO: Run Behavior\ShowPageTraceBehavior [ RunTime:0.002000s ]
INFO: [ app_end ] --END-- [ RunTime:0.002000s ]

[ 2015-04-15T16:57:21+08:00 ] 127.0.0.1 /DreamCMSCN/admin.php/Auth/Admin/Index.html
INFO: [ app_init ] --START--
INFO: Run Behavior\BuildLiteBehavior [ RunTime:0.000000s ]
INFO: [ app_init ] --END-- [ RunTime:0.001000s ]
INFO: [ app_begin ] --START--
INFO: Run Behavior\ReadHtmlCacheBehavior [ RunTime:0.001000s ]
INFO: Run Behavior\FlChkLangBehavior [ RunTime:0.003000s ]
INFO: [ app_begin ] --END-- [ RunTime:0.005001s ]
NOTIC: [2048] Declaration of Auth\Controller\AuthbaseController::display() should be compatible with Think\Controller::display($templateFile = '', $charset = '', $contentType = '', $content = '', $prefix = '') D:\xampp\htdocs\DreamCMSCN\Admin\Auth\Controller\AuthbaseController.class.php 第 8 行.
NOTIC: [8] Use of undefined constant TMPL_PATH - assumed 'TMPL_PATH' D:\xampp\htdocs\DreamCMSCN\Admin\Common\Controller\AdminbaseController.class.php 第 14 行.
SQL: SHOW COLUMNS FROM `ur7_admin_auth_group` [ RunTime:0.0040s ]
SQL: SELECT * FROM `ur7_admin_auth_group` ORDER BY sort  [ RunTime:0.0010s ]
SQL: SHOW COLUMNS FROM `ur7_admin_auth_action` [ RunTime:0.0040s ]
SQL: SELECT * FROM `ur7_admin_auth_action` WHERE `group` = 'Auth' AND `controller` = 'Admin' AND `action` = 'Index' LIMIT 1   [ RunTime:0.0000s ]
SQL: SHOW COLUMNS FROM `ur7_admin` [ RunTime:0.0050s ]
SQL: SELECT * FROM `ur7_admin`  [ RunTime:0.0010s ]
NOTIC: [8] Undefined offset: 1 D:\xampp\htdocs\DreamCMSCN\Core\Library\Think\Model\AdvModel.class.php 第 277 行.
NOTIC: [8] Undefined offset: 1 D:\xampp\htdocs\DreamCMSCN\Core\Library\Think\Model\AdvModel.class.php 第 277 行.
SQL: SHOW COLUMNS FROM `ur7_admin_group` [ RunTime:0.0040s ]
SQL: SELECT * FROM `ur7_admin_group`  [ RunTime:0.0000s ]
NOTIC: [8] Undefined index: langconf D:\xampp\htdocs\DreamCMSCN\Template\Admin\bootstrap\Auth\Admin\index.php 第 54 行.
NOTIC: [8] Array to string conversion D:\xampp\htdocs\DreamCMSCN\Template\Admin\bootstrap\Auth\Admin\index.php 第 54 行.
NOTIC: [8] Undefined index: langconf D:\xampp\htdocs\DreamCMSCN\Template\Admin\bootstrap\Auth\Admin\index.php 第 54 行.
NOTIC: [8] Array to string conversion D:\xampp\htdocs\DreamCMSCN\Template\Admin\bootstrap\Auth\Admin\index.php 第 54 行.
INFO: [ view_filter ] --START--
INFO: Run Behavior\WriteHtmlCacheBehavior [ RunTime:0.001000s ]
INFO: [ view_filter ] --END-- [ RunTime:0.001000s ]
INFO: [ app_end ] --START--
INFO: Run Behavior\ShowPageTraceBehavior [ RunTime:0.001001s ]
INFO: [ app_end ] --END-- [ RunTime:0.002001s ]

[ 2015-04-15T16:57:22+08:00 ] 127.0.0.1 /DreamCMSCN/admin.php/Auth/Admin/rolelist.html
INFO: [ app_init ] --START--
INFO: Run Behavior\BuildLiteBehavior [ RunTime:0.000000s ]
INFO: [ app_init ] --END-- [ RunTime:0.001000s ]
INFO: [ app_begin ] --START--
INFO: Run Behavior\ReadHtmlCacheBehavior [ RunTime:0.001000s ]
INFO: Run Behavior\FlChkLangBehavior [ RunTime:0.003001s ]
INFO: [ app_begin ] --END-- [ RunTime:0.005001s ]
NOTIC: [2048] Declaration of Auth\Controller\AuthbaseController::display() should be compatible with Think\Controller::display($templateFile = '', $charset = '', $contentType = '', $content = '', $prefix = '') D:\xampp\htdocs\DreamCMSCN\Admin\Auth\Controller\AuthbaseController.class.php 第 8 行.
NOTIC: [8] Use of undefined constant TMPL_PATH - assumed 'TMPL_PATH' D:\xampp\htdocs\DreamCMSCN\Admin\Common\Controller\AdminbaseController.class.php 第 14 行.
SQL: SHOW COLUMNS FROM `ur7_admin_auth_group` [ RunTime:0.0040s ]
SQL: SELECT * FROM `ur7_admin_auth_group` ORDER BY sort  [ RunTime:0.0000s ]
SQL: SHOW COLUMNS FROM `ur7_admin_auth_action` [ RunTime:0.0040s ]
SQL: SHOW COLUMNS FROM `ur7_admin_group` [ RunTime:0.0040s ]
SQL: SELECT * FROM `ur7_admin_group`  [ RunTime:0.0000s ]
INFO: [ view_filter ] --START--
INFO: Run Behavior\WriteHtmlCacheBehavior [ RunTime:0.000000s ]
INFO: [ view_filter ] --END-- [ RunTime:0.001000s ]
INFO: [ app_end ] --START--
INFO: Run Behavior\ShowPageTraceBehavior [ RunTime:0.001000s ]
INFO: [ app_end ] --END-- [ RunTime:0.001000s ]

[ 2015-04-15T16:57:23+08:00 ] 127.0.0.1 /DreamCMSCN/admin.php/Auth/Admin/Index.html
INFO: [ app_init ] --START--
INFO: Run Behavior\BuildLiteBehavior [ RunTime:0.000000s ]
INFO: [ app_init ] --END-- [ RunTime:0.001000s ]
INFO: [ app_begin ] --START--
INFO: Run Behavior\ReadHtmlCacheBehavior [ RunTime:0.001000s ]
INFO: Run Behavior\FlChkLangBehavior [ RunTime:0.010001s ]
INFO: [ app_begin ] --END-- [ RunTime:0.012001s ]
NOTIC: [2048] Declaration of Auth\Controller\AuthbaseController::display() should be compatible with Think\Controller::display($templateFile = '', $charset = '', $contentType = '', $content = '', $prefix = '') D:\xampp\htdocs\DreamCMSCN\Admin\Auth\Controller\AuthbaseController.class.php 第 8 行.
NOTIC: [8] Use of undefined constant TMPL_PATH - assumed 'TMPL_PATH' D:\xampp\htdocs\DreamCMSCN\Admin\Common\Controller\AdminbaseController.class.php 第 14 行.
SQL: SHOW COLUMNS FROM `ur7_admin_auth_group` [ RunTime:0.0110s ]
SQL: SELECT * FROM `ur7_admin_auth_group` ORDER BY sort  [ RunTime:0.0130s ]
SQL: SHOW COLUMNS FROM `ur7_admin_auth_action` [ RunTime:0.0050s ]
SQL: SHOW COLUMNS FROM `ur7_admin` [ RunTime:0.0270s ]
SQL: SELECT * FROM `ur7_admin`  [ RunTime:0.0000s ]
NOTIC: [8] Undefined offset: 1 D:\xampp\htdocs\DreamCMSCN\Core\Library\Think\Model\AdvModel.class.php 第 277 行.
NOTIC: [8] Undefined offset: 1 D:\xampp\htdocs\DreamCMSCN\Core\Library\Think\Model\AdvModel.class.php 第 277 行.
SQL: SHOW COLUMNS FROM `ur7_admin_group` [ RunTime:0.0100s ]
SQL: SELECT * FROM `ur7_admin_group`  [ RunTime:0.0010s ]
NOTIC: [8] Undefined index: langconf D:\xampp\htdocs\DreamCMSCN\Template\Admin\bootstrap\Auth\Admin\index.php 第 54 行.
NOTIC: [8] Array to string conversion D:\xampp\htdocs\DreamCMSCN\Template\Admin\bootstrap\Auth\Admin\index.php 第 54 行.
NOTIC: [8] Undefined index: langconf D:\xampp\htdocs\DreamCMSCN\Template\Admin\bootstrap\Auth\Admin\index.php 第 54 行.
NOTIC: [8] Array to string conversion D:\xampp\htdocs\DreamCMSCN\Template\Admin\bootstrap\Auth\Admin\index.php 第 54 行.
INFO: [ view_filter ] --START--
INFO: Run Behavior\WriteHtmlCacheBehavior [ RunTime:0.001001s ]
INFO: [ view_filter ] --END-- [ RunTime:0.001001s ]
INFO: [ app_end ] --START--
INFO: Run Behavior\ShowPageTraceBehavior [ RunTime:0.001000s ]
INFO: [ app_end ] --END-- [ RunTime:0.001000s ]

[ 2015-04-15T16:57:45+08:00 ] 127.0.0.1 /DreamCMSCN/admin.php/Auth/Admin/Index.html
INFO: [ app_init ] --START--
INFO: Run Behavior\BuildLiteBehavior [ RunTime:0.000000s ]
INFO: [ app_init ] --END-- [ RunTime:0.001000s ]
INFO: [ app_begin ] --START--
INFO: Run Behavior\ReadHtmlCacheBehavior [ RunTime:0.001000s ]
INFO: Run Behavior\FlChkLangBehavior [ RunTime:0.003000s ]
INFO: [ app_begin ] --END-- [ RunTime:0.004000s ]
NOTIC: [2048] Declaration of Auth\Controller\AuthbaseController::display() should be compatible with Think\Controller::display($templateFile = '', $charset = '', $contentType = '', $content = '', $prefix = '') D:\xampp\htdocs\DreamCMSCN\Admin\Auth\Controller\AuthbaseController.class.php 第 8 行.
NOTIC: [8] Use of undefined constant TMPL_PATH - assumed 'TMPL_PATH' D:\xampp\htdocs\DreamCMSCN\Admin\Common\Controller\AdminbaseController.class.php 第 14 行.
SQL: SHOW COLUMNS FROM `ur7_admin_auth_group` [ RunTime:0.0060s ]
SQL: SELECT * FROM `ur7_admin_auth_group` ORDER BY sort  [ RunTime:0.0010s ]
SQL: SHOW COLUMNS FROM `ur7_admin_auth_action` [ RunTime:0.0060s ]
SQL: SHOW COLUMNS FROM `ur7_admin` [ RunTime:0.0060s ]
SQL: SELECT * FROM `ur7_admin`  [ RunTime:0.0000s ]
NOTIC: [8] Undefined offset: 1 D:\xampp\htdocs\DreamCMSCN\Core\Library\Think\Model\AdvModel.class.php 第 277 行.
NOTIC: [8] Undefined offset: 1 D:\xampp\htdocs\DreamCMSCN\Core\Library\Think\Model\AdvModel.class.php 第 277 行.
SQL: SHOW COLUMNS FROM `ur7_admin_group` [ RunTime:0.0050s ]
SQL: SELECT * FROM `ur7_admin_group`  [ RunTime:0.0000s ]
INFO: [ view_filter ] --START--
INFO: Run Behavior\WriteHtmlCacheBehavior [ RunTime:0.001000s ]
INFO: [ view_filter ] --END-- [ RunTime:0.001000s ]
INFO: [ app_end ] --START--
INFO: Run Behavior\ShowPageTraceBehavior [ RunTime:0.001000s ]
INFO: [ app_end ] --END-- [ RunTime:0.002000s ]

[ 2015-04-15T16:58:25+08:00 ] 127.0.0.1 /DreamCMSCN/admin.php/Auth/Permissions/addmodule.html
INFO: [ app_init ] --START--
INFO: Run Behavior\BuildLiteBehavior [ RunTime:0.000000s ]
INFO: [ app_init ] --END-- [ RunTime:0.001000s ]
INFO: [ app_begin ] --START--
INFO: Run Behavior\ReadHtmlCacheBehavior [ RunTime:0.001000s ]
INFO: Run Behavior\FlChkLangBehavior [ RunTime:0.004000s ]
INFO: [ app_begin ] --END-- [ RunTime:0.005000s ]
NOTIC: [2048] Declaration of Auth\Controller\AuthbaseController::display() should be compatible with Think\Controller::display($templateFile = '', $charset = '', $contentType = '', $content = '', $prefix = '') D:\xampp\htdocs\DreamCMSCN\Admin\Auth\Controller\AuthbaseController.class.php 第 8 行.
NOTIC: [8] Use of undefined constant TMPL_PATH - assumed 'TMPL_PATH' D:\xampp\htdocs\DreamCMSCN\Admin\Common\Controller\AdminbaseController.class.php 第 14 行.
SQL: SHOW COLUMNS FROM `ur7_admin_auth_group` [ RunTime:0.0040s ]
SQL: SELECT * FROM `ur7_admin_auth_group` ORDER BY sort  [ RunTime:0.0000s ]
SQL: SHOW COLUMNS FROM `ur7_admin_auth_action` [ RunTime:0.0040s ]
SQL: SELECT * FROM `ur7_admin_auth_action` WHERE `group` = 'Auth' AND `controller` = 'Permissions' AND `action` = 'addmodule' LIMIT 1   [ RunTime:0.0000s ]
SQL: SELECT * FROM `ur7_admin_auth_group`  [ RunTime:0.0000s ]
INFO: [ view_filter ] --START--
INFO: Run Behavior\WriteHtmlCacheBehavior [ RunTime:0.000000s ]
INFO: [ view_filter ] --END-- [ RunTime:0.002001s ]
INFO: [ app_end ] --START--
INFO: Run Behavior\ShowPageTraceBehavior [ RunTime:0.001000s ]
INFO: [ app_end ] --END-- [ RunTime:0.002000s ]

[ 2015-04-15T16:59:29+08:00 ] 127.0.0.1 /DreamCMSCN/admin.php/Auth/Permissions/addmodule.html
INFO: [ app_init ] --START--
INFO: Run Behavior\BuildLiteBehavior [ RunTime:0.000000s ]
INFO: [ app_init ] --END-- [ RunTime:0.001001s ]
INFO: [ app_begin ] --START--
INFO: Run Behavior\ReadHtmlCacheBehavior [ RunTime:0.001000s ]
INFO: Run Behavior\FlChkLangBehavior [ RunTime:0.003000s ]
INFO: [ app_begin ] --END-- [ RunTime:0.006000s ]
NOTIC: [2048] Declaration of Auth\Controller\AuthbaseController::display() should be compatible with Think\Controller::display($templateFile = '', $charset = '', $contentType = '', $content = '', $prefix = '') D:\xampp\htdocs\DreamCMSCN\Admin\Auth\Controller\AuthbaseController.class.php 第 8 行.
NOTIC: [8] Use of undefined constant TMPL_PATH - assumed 'TMPL_PATH' D:\xampp\htdocs\DreamCMSCN\Admin\Common\Controller\AdminbaseController.class.php 第 14 行.
SQL: SHOW COLUMNS FROM `ur7_admin_auth_group` [ RunTime:0.0160s ]
SQL: SELECT * FROM `ur7_admin_auth_group` ORDER BY sort  [ RunTime:0.0010s ]
SQL: SHOW COLUMNS FROM `ur7_admin_auth_action` [ RunTime:0.0040s ]
SQL: SELECT * FROM `ur7_admin_auth_group`  [ RunTime:0.0150s ]
INFO: [ view_filter ] --START--
INFO: Run Behavior\WriteHtmlCacheBehavior [ RunTime:0.001000s ]
INFO: [ view_filter ] --END-- [ RunTime:0.001000s ]
INFO: [ app_end ] --START--
INFO: Run Behavior\ShowPageTraceBehavior [ RunTime:0.012002s ]
INFO: [ app_end ] --END-- [ RunTime:0.012002s ]

[ 2015-04-15T16:59:56+08:00 ] 127.0.0.1 /DreamCMSCN/admin.php/Auth/Permissions/addmodule.html
INFO: [ app_init ] --START--
INFO: Run Behavior\BuildLiteBehavior [ RunTime:0.000000s ]
INFO: [ app_init ] --END-- [ RunTime:0.001000s ]
INFO: [ app_begin ] --START--
INFO: Run Behavior\ReadHtmlCacheBehavior [ RunTime:0.001001s ]
INFO: Run Behavior\FlChkLangBehavior [ RunTime:0.002000s ]
INFO: [ app_begin ] --END-- [ RunTime:0.005001s ]
NOTIC: [2048] Declaration of Auth\Controller\AuthbaseController::display() should be compatible with Think\Controller::display($templateFile = '', $charset = '', $contentType = '', $content = '', $prefix = '') D:\xampp\htdocs\DreamCMSCN\Admin\Auth\Controller\AuthbaseController.class.php 第 8 行.
NOTIC: [8] Use of undefined constant TMPL_PATH - assumed 'TMPL_PATH' D:\xampp\htdocs\DreamCMSCN\Admin\Common\Controller\AdminbaseController.class.php 第 14 行.
SQL: SHOW COLUMNS FROM `ur7_admin_auth_group` [ RunTime:0.0050s ]
SQL: SELECT * FROM `ur7_admin_auth_group` ORDER BY sort  [ RunTime:0.0000s ]
SQL: SHOW COLUMNS FROM `ur7_admin_auth_action` [ RunTime:0.0050s ]
SQL: SELECT * FROM `ur7_admin_auth_group`  [ RunTime:0.0030s ]
INFO: [ view_filter ] --START--
INFO: Run Behavior\WriteHtmlCacheBehavior [ RunTime:0.001000s ]
INFO: [ view_filter ] --END-- [ RunTime:0.002000s ]
INFO: [ app_end ] --START--
INFO: Run Behavior\ShowPageTraceBehavior [ RunTime:0.001000s ]
INFO: [ app_end ] --END-- [ RunTime:0.001000s ]

[ 2015-04-15T17:02:19+08:00 ] 127.0.0.1 /DreamCMSCN/admin.php/Auth/Permissions/addaction.html
INFO: [ app_init ] --START--
INFO: Run Behavior\BuildLiteBehavior [ RunTime:0.000000s ]
INFO: [ app_init ] --END-- [ RunTime:0.000000s ]
INFO: [ app_begin ] --START--
INFO: Run Behavior\ReadHtmlCacheBehavior [ RunTime:0.001000s ]
INFO: Run Behavior\FlChkLangBehavior [ RunTime:0.004000s ]
INFO: [ app_begin ] --END-- [ RunTime:0.005000s ]
NOTIC: [2048] Declaration of Auth\Controller\AuthbaseController::display() should be compatible with Think\Controller::display($templateFile = '', $charset = '', $contentType = '', $content = '', $prefix = '') D:\xampp\htdocs\DreamCMSCN\Admin\Auth\Controller\AuthbaseController.class.php 第 8 行.
NOTIC: [8] Use of undefined constant TMPL_PATH - assumed 'TMPL_PATH' D:\xampp\htdocs\DreamCMSCN\Admin\Common\Controller\AdminbaseController.class.php 第 14 行.
SQL: SHOW COLUMNS FROM `ur7_admin_auth_group` [ RunTime:0.0040s ]
SQL: SELECT * FROM `ur7_admin_auth_group` ORDER BY sort  [ RunTime:0.0010s ]
SQL: SHOW COLUMNS FROM `ur7_admin_auth_action` [ RunTime:0.0040s ]
SQL: SELECT * FROM `ur7_admin_auth_action` WHERE `group` = 'Auth' AND `controller` = 'Permissions' AND `action` = 'addaction' LIMIT 1   [ RunTime:0.0000s ]
SQL: SELECT * FROM `ur7_admin_auth_group` ORDER BY sort  [ RunTime:0.0000s ]
INFO: [ view_filter ] --START--
INFO: Run Behavior\WriteHtmlCacheBehavior [ RunTime:0.000000s ]
INFO: [ view_filter ] --END-- [ RunTime:0.001000s ]
INFO: [ app_end ] --START--
INFO: Run Behavior\ShowPageTraceBehavior [ RunTime:0.001000s ]
INFO: [ app_end ] --END-- [ RunTime:0.002000s ]

[ 2015-04-15T17:02:20+08:00 ] 127.0.0.1 /DreamCMSCN/admin.php/Auth/Permissions/getmodulebygid.html
INFO: [ app_init ] --START--
INFO: Run Behavior\BuildLiteBehavior [ RunTime:0.000000s ]
INFO: [ app_init ] --END-- [ RunTime:0.001000s ]
INFO: [ app_begin ] --START--
INFO: Run Behavior\ReadHtmlCacheBehavior [ RunTime:0.001000s ]
INFO: Run Behavior\FlChkLangBehavior [ RunTime:0.007001s ]
INFO: [ app_begin ] --END-- [ RunTime:0.009001s ]
NOTIC: [2048] Declaration of Auth\Controller\AuthbaseController::display() should be compatible with Think\Controller::display($templateFile = '', $charset = '', $contentType = '', $content = '', $prefix = '') D:\xampp\htdocs\DreamCMSCN\Admin\Auth\Controller\AuthbaseController.class.php 第 8 行.
NOTIC: [8] Use of undefined constant TMPL_PATH - assumed 'TMPL_PATH' D:\xampp\htdocs\DreamCMSCN\Admin\Common\Controller\AdminbaseController.class.php 第 14 行.
SQL: SHOW COLUMNS FROM `ur7_admin_auth_group` [ RunTime:0.0050s ]
SQL: SELECT * FROM `ur7_admin_auth_group` ORDER BY sort  [ RunTime:0.0010s ]
SQL: SHOW COLUMNS FROM `ur7_admin_auth_action` [ RunTime:0.0080s ]
SQL: SELECT * FROM `ur7_admin_auth_action` WHERE `group` = 'Auth' AND `controller` = 'Permissions' AND `action` = 'getmodulebygid' LIMIT 1   [ RunTime:0.0000s ]
NOTIC: [2048] Declaration of Model\AdminAuthControllerModel::add() should be compatible with Think\Model::add($data = '', $options = Array, $replace = false) D:\xampp\htdocs\DreamCMSCN\Model\AdminAuthControllerModel.class.php 第 74 行.
SQL: SHOW COLUMNS FROM `ur7_admin_auth_controller` [ RunTime:0.0040s ]
SQL: SELECT * FROM `ur7_admin_auth_controller` WHERE `gid` = 2  [ RunTime:0.0000s ]
INFO: [ app_end ] --START--
INFO: Run Behavior\ShowPageTraceBehavior [ RunTime:0.001000s ]
INFO: [ app_end ] --END-- [ RunTime:0.001000s ]

[ 2015-04-15T17:02:46+08:00 ] 127.0.0.1 /DreamCMSCN/admin.php/Auth/Permissions/addaction.html
INFO: [ app_init ] --START--
INFO: Run Behavior\BuildLiteBehavior [ RunTime:0.000000s ]
INFO: [ app_init ] --END-- [ RunTime:0.001000s ]
INFO: [ app_begin ] --START--
INFO: Run Behavior\ReadHtmlCacheBehavior [ RunTime:0.001000s ]
INFO: Run Behavior\FlChkLangBehavior [ RunTime:0.003000s ]
INFO: [ app_begin ] --END-- [ RunTime:0.004000s ]
NOTIC: [2048] Declaration of Auth\Controller\AuthbaseController::display() should be compatible with Think\Controller::display($templateFile = '', $charset = '', $contentType = '', $content = '', $prefix = '') D:\xampp\htdocs\DreamCMSCN\Admin\Auth\Controller\AuthbaseController.class.php 第 8 行.
NOTIC: [8] Use of undefined constant TMPL_PATH - assumed 'TMPL_PATH' D:\xampp\htdocs\DreamCMSCN\Admin\Common\Controller\AdminbaseController.class.php 第 14 行.
SQL: SHOW COLUMNS FROM `ur7_admin_auth_group` [ RunTime:0.0060s ]
SQL: SELECT * FROM `ur7_admin_auth_group` ORDER BY sort  [ RunTime:0.0010s ]
SQL: SHOW COLUMNS FROM `ur7_admin_auth_action` [ RunTime:0.0060s ]
SQL: SELECT * FROM `ur7_admin_auth_group` ORDER BY sort  [ RunTime:0.0000s ]
INFO: [ view_filter ] --START--
INFO: Run Behavior\WriteHtmlCacheBehavior [ RunTime:0.001000s ]
INFO: [ view_filter ] --END-- [ RunTime:0.001000s ]
INFO: [ app_end ] --START--
INFO: Run Behavior\ShowPageTraceBehavior [ RunTime:0.001001s ]
INFO: [ app_end ] --END-- [ RunTime:0.001001s ]

[ 2015-04-15T17:02:46+08:00 ] 127.0.0.1 /DreamCMSCN/admin.php/Auth/Permissions/getmodulebygid.html
INFO: [ app_init ] --START--
INFO: Run Behavior\BuildLiteBehavior [ RunTime:0.000000s ]
INFO: [ app_init ] --END-- [ RunTime:0.001000s ]
INFO: [ app_begin ] --START--
INFO: Run Behavior\ReadHtmlCacheBehavior [ RunTime:0.001000s ]
INFO: Run Behavior\FlChkLangBehavior [ RunTime:0.004000s ]
INFO: [ app_begin ] --END-- [ RunTime:0.006000s ]
NOTIC: [2048] Declaration of Auth\Controller\AuthbaseController::display() should be compatible with Think\Controller::display($templateFile = '', $charset = '', $contentType = '', $content = '', $prefix = '') D:\xampp\htdocs\DreamCMSCN\Admin\Auth\Controller\AuthbaseController.class.php 第 8 行.
NOTIC: [8] Use of undefined constant TMPL_PATH - assumed 'TMPL_PATH' D:\xampp\htdocs\DreamCMSCN\Admin\Common\Controller\AdminbaseController.class.php 第 14 行.
SQL: SHOW COLUMNS FROM `ur7_admin_auth_group` [ RunTime:0.0170s ]
SQL: SELECT * FROM `ur7_admin_auth_group` ORDER BY sort  [ RunTime:0.0010s ]
SQL: SHOW COLUMNS FROM `ur7_admin_auth_action` [ RunTime:0.0060s ]
SQL: SELECT * FROM `ur7_admin_auth_action` WHERE `group` = 'Auth' AND `controller` = 'Permissions' AND `action` = 'getmodulebygid' LIMIT 1   [ RunTime:0.0010s ]
NOTIC: [2048] Declaration of Model\AdminAuthControllerModel::add() should be compatible with Think\Model::add($data = '', $options = Array, $replace = false) D:\xampp\htdocs\DreamCMSCN\Model\AdminAuthControllerModel.class.php 第 74 行.
SQL: SHOW COLUMNS FROM `ur7_admin_auth_controller` [ RunTime:0.0060s ]
SQL: SELECT * FROM `ur7_admin_auth_controller` WHERE `gid` = 2  [ RunTime:0.0000s ]
INFO: [ app_end ] --START--
INFO: Run Behavior\ShowPageTraceBehavior [ RunTime:0.001000s ]
INFO: [ app_end ] --END-- [ RunTime:0.001000s ]

[ 2015-04-15T17:02:49+08:00 ] 127.0.0.1 /DreamCMSCN/admin.php/Auth/Permissions/addaction.html
INFO: [ app_init ] --START--
INFO: Run Behavior\BuildLiteBehavior [ RunTime:0.000000s ]
INFO: [ app_init ] --END-- [ RunTime:0.000000s ]
INFO: [ app_begin ] --START--
INFO: Run Behavior\ReadHtmlCacheBehavior [ RunTime:0.002000s ]
INFO: Run Behavior\FlChkLangBehavior [ RunTime:0.002000s ]
INFO: [ app_begin ] --END-- [ RunTime:0.004000s ]
NOTIC: [2048] Declaration of Auth\Controller\AuthbaseController::display() should be compatible with Think\Controller::display($templateFile = '', $charset = '', $contentType = '', $content = '', $prefix = '') D:\xampp\htdocs\DreamCMSCN\Admin\Auth\Controller\AuthbaseController.class.php 第 8 行.
NOTIC: [8] Use of undefined constant TMPL_PATH - assumed 'TMPL_PATH' D:\xampp\htdocs\DreamCMSCN\Admin\Common\Controller\AdminbaseController.class.php 第 14 行.
SQL: SHOW COLUMNS FROM `ur7_admin_auth_group` [ RunTime:0.0040s ]
SQL: SELECT * FROM `ur7_admin_auth_group` ORDER BY sort  [ RunTime:0.0010s ]
SQL: SHOW COLUMNS FROM `ur7_admin_auth_action` [ RunTime:0.0040s ]
SQL: SELECT * FROM `ur7_admin_auth_group` ORDER BY sort  [ RunTime:0.0010s ]
INFO: [ view_filter ] --START--
INFO: Run Behavior\WriteHtmlCacheBehavior [ RunTime:0.000000s ]
INFO: [ view_filter ] --END-- [ RunTime:0.002000s ]
INFO: [ app_end ] --START--
INFO: Run Behavior\ShowPageTraceBehavior [ RunTime:0.001001s ]
INFO: [ app_end ] --END-- [ RunTime:0.001001s ]

[ 2015-04-15T17:02:49+08:00 ] 127.0.0.1 /DreamCMSCN/admin.php/Auth/Permissions/getmodulebygid.html
INFO: [ app_init ] --START--
INFO: Run Behavior\BuildLiteBehavior [ RunTime:0.000000s ]
INFO: [ app_init ] --END-- [ RunTime:0.001000s ]
INFO: [ app_begin ] --START--
INFO: Run Behavior\ReadHtmlCacheBehavior [ RunTime:0.001000s ]
INFO: Run Behavior\FlChkLangBehavior [ RunTime:0.006001s ]
INFO: [ app_begin ] --END-- [ RunTime:0.007001s ]
NOTIC: [2048] Declaration of Auth\Controller\AuthbaseController::display() should be compatible with Think\Controller::display($templateFile = '', $charset = '', $contentType = '', $content = '', $prefix = '') D:\xampp\htdocs\DreamCMSCN\Admin\Auth\Controller\AuthbaseController.class.php 第 8 行.
NOTIC: [8] Use of undefined constant TMPL_PATH - assumed 'TMPL_PATH' D:\xampp\htdocs\DreamCMSCN\Admin\Common\Controller\AdminbaseController.class.php 第 14 行.
SQL: SHOW COLUMNS FROM `ur7_admin_auth_group` [ RunTime:0.0050s ]
SQL: SELECT * FROM `ur7_admin_auth_group` ORDER BY sort  [ RunTime:0.0010s ]
SQL: SHOW COLUMNS FROM `ur7_admin_auth_action` [ RunTime:0.0050s ]
SQL: SELECT * FROM `ur7_admin_auth_action` WHERE `group` = 'Auth' AND `controller` = 'Permissions' AND `action` = 'getmodulebygid' LIMIT 1   [ RunTime:0.0010s ]
NOTIC: [2048] Declaration of Model\AdminAuthControllerModel::add() should be compatible with Think\Model::add($data = '', $options = Array, $replace = false) D:\xampp\htdocs\DreamCMSCN\Model\AdminAuthControllerModel.class.php 第 74 行.
SQL: SHOW COLUMNS FROM `ur7_admin_auth_controller` [ RunTime:0.0040s ]
SQL: SELECT * FROM `ur7_admin_auth_controller` WHERE `gid` = 2  [ RunTime:0.0000s ]
INFO: [ app_end ] --START--
INFO: Run Behavior\ShowPageTraceBehavior [ RunTime:0.001000s ]
INFO: [ app_end ] --END-- [ RunTime:0.001000s ]

[ 2015-04-15T17:03:14+08:00 ] 127.0.0.1 /DreamCMSCN/admin.php/Auth/Permissions/addaction.html
INFO: [ app_init ] --START--
INFO: Run Behavior\BuildLiteBehavior [ RunTime:0.000000s ]
INFO: [ app_init ] --END-- [ RunTime:0.001000s ]
INFO: [ app_begin ] --START--
INFO: Run Behavior\ReadHtmlCacheBehavior [ RunTime:0.002000s ]
INFO: Run Behavior\FlChkLangBehavior [ RunTime:0.003001s ]
INFO: [ app_begin ] --END-- [ RunTime:0.005001s ]
NOTIC: [2048] Declaration of Auth\Controller\AuthbaseController::display() should be compatible with Think\Controller::display($templateFile = '', $charset = '', $contentType = '', $content = '', $prefix = '') D:\xampp\htdocs\DreamCMSCN\Admin\Auth\Controller\AuthbaseController.class.php 第 8 行.
NOTIC: [8] Use of undefined constant TMPL_PATH - assumed 'TMPL_PATH' D:\xampp\htdocs\DreamCMSCN\Admin\Common\Controller\AdminbaseController.class.php 第 14 行.
SQL: SHOW COLUMNS FROM `ur7_admin_auth_group` [ RunTime:0.0050s ]
SQL: SELECT * FROM `ur7_admin_auth_group` ORDER BY sort  [ RunTime:0.0000s ]
SQL: SHOW COLUMNS FROM `ur7_admin_auth_action` [ RunTime:0.0050s ]
SQL: SELECT * FROM `ur7_admin_auth_group` ORDER BY sort  [ RunTime:0.0010s ]
INFO: [ view_filter ] --START--
INFO: Run Behavior\WriteHtmlCacheBehavior [ RunTime:0.000000s ]
INFO: [ view_filter ] --END-- [ RunTime:0.002000s ]
INFO: [ app_end ] --START--
INFO: Run Behavior\ShowPageTraceBehavior [ RunTime:0.001000s ]
INFO: [ app_end ] --END-- [ RunTime:0.001000s ]

[ 2015-04-15T17:03:14+08:00 ] 127.0.0.1 /DreamCMSCN/admin.php/Auth/Permissions/getmodulebygid.html
INFO: [ app_init ] --START--
INFO: Run Behavior\BuildLiteBehavior [ RunTime:0.000000s ]
INFO: [ app_init ] --END-- [ RunTime:0.001000s ]
INFO: [ app_begin ] --START--
INFO: Run Behavior\ReadHtmlCacheBehavior [ RunTime:0.001000s ]
INFO: Run Behavior\FlChkLangBehavior [ RunTime:0.003000s ]
INFO: [ app_begin ] --END-- [ RunTime:0.004000s ]
NOTIC: [2048] Declaration of Auth\Controller\AuthbaseController::display() should be compatible with Think\Controller::display($templateFile = '', $charset = '', $contentType = '', $content = '', $prefix = '') D:\xampp\htdocs\DreamCMSCN\Admin\Auth\Controller\AuthbaseController.class.php 第 8 行.
NOTIC: [8] Use of undefined constant TMPL_PATH - assumed 'TMPL_PATH' D:\xampp\htdocs\DreamCMSCN\Admin\Common\Controller\AdminbaseController.class.php 第 14 行.
SQL: SHOW COLUMNS FROM `ur7_admin_auth_group` [ RunTime:0.0070s ]
SQL: SELECT * FROM `ur7_admin_auth_group` ORDER BY sort  [ RunTime:0.0010s ]
SQL: SHOW COLUMNS FROM `ur7_admin_auth_action` [ RunTime:0.0050s ]
SQL: SELECT * FROM `ur7_admin_auth_action` WHERE `group` = 'Auth' AND `controller` = 'Permissions' AND `action` = 'getmodulebygid' LIMIT 1   [ RunTime:0.0000s ]
NOTIC: [2048] Declaration of Model\AdminAuthControllerModel::add() should be compatible with Think\Model::add($data = '', $options = Array, $replace = false) D:\xampp\htdocs\DreamCMSCN\Model\AdminAuthControllerModel.class.php 第 74 行.
SQL: SHOW COLUMNS FROM `ur7_admin_auth_controller` [ RunTime:0.0050s ]
SQL: SELECT * FROM `ur7_admin_auth_controller` WHERE `gid` = 2  [ RunTime:0.0010s ]
INFO: [ app_end ] --START--
INFO: Run Behavior\ShowPageTraceBehavior [ RunTime:0.001000s ]
INFO: [ app_end ] --END-- [ RunTime:0.001000s ]

[ 2015-04-15T17:03:17+08:00 ] 127.0.0.1 /DreamCMSCN/admin.php/Auth/Permissions/getmodulebygid.html
INFO: [ app_init ] --START--
INFO: Run Behavior\BuildLiteBehavior [ RunTime:0.000000s ]
INFO: [ app_init ] --END-- [ RunTime:0.001000s ]
INFO: [ app_begin ] --START--
INFO: Run Behavior\ReadHtmlCacheBehavior [ RunTime:0.002000s ]
INFO: Run Behavior\FlChkLangBehavior [ RunTime:0.003001s ]
INFO: [ app_begin ] --END-- [ RunTime:0.005001s ]
NOTIC: [2048] Declaration of Auth\Controller\AuthbaseController::display() should be compatible with Think\Controller::display($templateFile = '', $charset = '', $contentType = '', $content = '', $prefix = '') D:\xampp\htdocs\DreamCMSCN\Admin\Auth\Controller\AuthbaseController.class.php 第 8 行.
NOTIC: [8] Use of undefined constant TMPL_PATH - assumed 'TMPL_PATH' D:\xampp\htdocs\DreamCMSCN\Admin\Common\Controller\AdminbaseController.class.php 第 14 行.
SQL: SHOW COLUMNS FROM `ur7_admin_auth_group` [ RunTime:0.0050s ]
SQL: SELECT * FROM `ur7_admin_auth_group` ORDER BY sort  [ RunTime:0.0010s ]
SQL: SHOW COLUMNS FROM `ur7_admin_auth_action` [ RunTime:0.0050s ]
SQL: SELECT * FROM `ur7_admin_auth_action` WHERE `group` = 'Auth' AND `controller` = 'Permissions' AND `action` = 'getmodulebygid' LIMIT 1   [ RunTime:0.0010s ]
NOTIC: [2048] Declaration of Model\AdminAuthControllerModel::add() should be compatible with Think\Model::add($data = '', $options = Array, $replace = false) D:\xampp\htdocs\DreamCMSCN\Model\AdminAuthControllerModel.class.php 第 74 行.
SQL: SHOW COLUMNS FROM `ur7_admin_auth_controller` [ RunTime:0.0040s ]
SQL: SELECT * FROM `ur7_admin_auth_controller` WHERE `gid` = 5  [ RunTime:0.0010s ]
INFO: [ app_end ] --START--
INFO: Run Behavior\ShowPageTraceBehavior [ RunTime:0.002000s ]
INFO: [ app_end ] --END-- [ RunTime:0.002000s ]

[ 2015-04-15T17:03:19+08:00 ] 127.0.0.1 /DreamCMSCN/admin.php/Auth/Permissions/getmodulebygid.html
INFO: [ app_init ] --START--
INFO: Run Behavior\BuildLiteBehavior [ RunTime:0.000000s ]
INFO: [ app_init ] --END-- [ RunTime:0.001000s ]
INFO: [ app_begin ] --START--
INFO: Run Behavior\ReadHtmlCacheBehavior [ RunTime:0.001000s ]
INFO: Run Behavior\FlChkLangBehavior [ RunTime:0.003001s ]
INFO: [ app_begin ] --END-- [ RunTime:0.005001s ]
NOTIC: [2048] Declaration of Auth\Controller\AuthbaseController::display() should be compatible with Think\Controller::display($templateFile = '', $charset = '', $contentType = '', $content = '', $prefix = '') D:\xampp\htdocs\DreamCMSCN\Admin\Auth\Controller\AuthbaseController.class.php 第 8 行.
NOTIC: [8] Use of undefined constant TMPL_PATH - assumed 'TMPL_PATH' D:\xampp\htdocs\DreamCMSCN\Admin\Common\Controller\AdminbaseController.class.php 第 14 行.
SQL: SHOW COLUMNS FROM `ur7_admin_auth_group` [ RunTime:0.0040s ]
SQL: SELECT * FROM `ur7_admin_auth_group` ORDER BY sort  [ RunTime:0.0000s ]
SQL: SHOW COLUMNS FROM `ur7_admin_auth_action` [ RunTime:0.0050s ]
SQL: SELECT * FROM `ur7_admin_auth_action` WHERE `group` = 'Auth' AND `controller` = 'Permissions' AND `action` = 'getmodulebygid' LIMIT 1   [ RunTime:0.0010s ]
NOTIC: [2048] Declaration of Model\AdminAuthControllerModel::add() should be compatible with Think\Model::add($data = '', $options = Array, $replace = false) D:\xampp\htdocs\DreamCMSCN\Model\AdminAuthControllerModel.class.php 第 74 行.
SQL: SHOW COLUMNS FROM `ur7_admin_auth_controller` [ RunTime:0.0050s ]
SQL: SELECT * FROM `ur7_admin_auth_controller` WHERE `gid` = 6  [ RunTime:0.0000s ]
INFO: [ app_end ] --START--
INFO: Run Behavior\ShowPageTraceBehavior [ RunTime:0.001000s ]
INFO: [ app_end ] --END-- [ RunTime:0.001000s ]

[ 2015-04-15T17:03:48+08:00 ] 127.0.0.1 /DreamCMSCN/admin.php/Auth/Permissions/grouplist.html
INFO: [ app_init ] --START--
INFO: Run Behavior\BuildLiteBehavior [ RunTime:0.000000s ]
INFO: [ app_init ] --END-- [ RunTime:0.001000s ]
INFO: [ app_begin ] --START--
INFO: Run Behavior\ReadHtmlCacheBehavior [ RunTime:0.002000s ]
INFO: Run Behavior\FlChkLangBehavior [ RunTime:0.003001s ]
INFO: [ app_begin ] --END-- [ RunTime:0.005001s ]
NOTIC: [2048] Declaration of Auth\Controller\AuthbaseController::display() should be compatible with Think\Controller::display($templateFile = '', $charset = '', $contentType = '', $content = '', $prefix = '') D:\xampp\htdocs\DreamCMSCN\Admin\Auth\Controller\AuthbaseController.class.php 第 8 行.
NOTIC: [8] Use of undefined constant TMPL_PATH - assumed 'TMPL_PATH' D:\xampp\htdocs\DreamCMSCN\Admin\Common\Controller\AdminbaseController.class.php 第 14 行.
SQL: SHOW COLUMNS FROM `ur7_admin_auth_group` [ RunTime:0.0040s ]
SQL: SELECT * FROM `ur7_admin_auth_group` ORDER BY sort  [ RunTime:0.0010s ]
SQL: SHOW COLUMNS FROM `ur7_admin_auth_action` [ RunTime:0.0050s ]
SQL: SELECT * FROM `ur7_admin_auth_action` WHERE `group` = 'Auth' AND `controller` = 'Permissions' AND `action` = 'grouplist' LIMIT 1   [ RunTime:0.0000s ]
SQL: SELECT * FROM `ur7_admin_auth_group` ORDER BY sort  [ RunTime:0.0010s ]
INFO: [ view_filter ] --START--
INFO: Run Behavior\WriteHtmlCacheBehavior [ RunTime:0.001000s ]
INFO: [ view_filter ] --END-- [ RunTime:0.002000s ]
INFO: [ app_end ] --START--
INFO: Run Behavior\ShowPageTraceBehavior [ RunTime:0.001000s ]
INFO: [ app_end ] --END-- [ RunTime:0.001000s ]

[ 2015-04-15T17:03:50+08:00 ] 127.0.0.1 /DreamCMSCN/admin.php/Auth/Permissions/addgroup.html
INFO: [ app_init ] --START--
INFO: Run Behavior\BuildLiteBehavior [ RunTime:0.000000s ]
INFO: [ app_init ] --END-- [ RunTime:0.001000s ]
INFO: [ app_begin ] --START--
INFO: Run Behavior\ReadHtmlCacheBehavior [ RunTime:0.001000s ]
INFO: Run Behavior\FlChkLangBehavior [ RunTime:0.004000s ]
INFO: [ app_begin ] --END-- [ RunTime:0.005000s ]
NOTIC: [2048] Declaration of Auth\Controller\AuthbaseController::display() should be compatible with Think\Controller::display($templateFile = '', $charset = '', $contentType = '', $content = '', $prefix = '') D:\xampp\htdocs\DreamCMSCN\Admin\Auth\Controller\AuthbaseController.class.php 第 8 行.
NOTIC: [8] Use of undefined constant TMPL_PATH - assumed 'TMPL_PATH' D:\xampp\htdocs\DreamCMSCN\Admin\Common\Controller\AdminbaseController.class.php 第 14 行.
SQL: SHOW COLUMNS FROM `ur7_admin_auth_group` [ RunTime:0.0050s ]
SQL: SELECT * FROM `ur7_admin_auth_group` ORDER BY sort  [ RunTime:0.0000s ]
SQL: SHOW COLUMNS FROM `ur7_admin_auth_action` [ RunTime:0.0070s ]
SQL: SELECT * FROM `ur7_admin_auth_action` WHERE `group` = 'Auth' AND `controller` = 'Permissions' AND `action` = 'addgroup' LIMIT 1   [ RunTime:0.0000s ]
INFO: [ view_filter ] --START--
INFO: Run Behavior\WriteHtmlCacheBehavior [ RunTime:0.002000s ]
INFO: [ view_filter ] --END-- [ RunTime:0.002000s ]
INFO: [ app_end ] --START--
INFO: Run Behavior\ShowPageTraceBehavior [ RunTime:0.001000s ]
INFO: [ app_end ] --END-- [ RunTime:0.001000s ]

[ 2015-04-15T17:04:14+08:00 ] 127.0.0.1 /DreamCMSCN/admin.php/Auth/Permissions/addgroup.html
INFO: [ app_init ] --START--
INFO: Run Behavior\BuildLiteBehavior [ RunTime:0.000000s ]
INFO: [ app_init ] --END-- [ RunTime:0.001001s ]
INFO: [ app_begin ] --START--
INFO: Run Behavior\ReadHtmlCacheBehavior [ RunTime:0.002000s ]
INFO: Run Behavior\FlChkLangBehavior [ RunTime:0.004000s ]
INFO: [ app_begin ] --END-- [ RunTime:0.006000s ]
NOTIC: [2048] Declaration of Auth\Controller\AuthbaseController::display() should be compatible with Think\Controller::display($templateFile = '', $charset = '', $contentType = '', $content = '', $prefix = '') D:\xampp\htdocs\DreamCMSCN\Admin\Auth\Controller\AuthbaseController.class.php 第 8 行.
NOTIC: [8] Use of undefined constant TMPL_PATH - assumed 'TMPL_PATH' D:\xampp\htdocs\DreamCMSCN\Admin\Common\Controller\AdminbaseController.class.php 第 14 行.
SQL: SHOW COLUMNS FROM `ur7_admin_auth_group` [ RunTime:0.0050s ]
SQL: SELECT * FROM `ur7_admin_auth_group` ORDER BY sort  [ RunTime:0.0000s ]
SQL: SHOW COLUMNS FROM `ur7_admin_auth_action` [ RunTime:0.0040s ]
INFO: [ view_filter ] --START--
INFO: Run Behavior\WriteHtmlCacheBehavior [ RunTime:0.001001s ]
INFO: [ view_filter ] --END-- [ RunTime:0.002001s ]
INFO: [ app_end ] --START--
INFO: Run Behavior\ShowPageTraceBehavior [ RunTime:0.002000s ]
INFO: [ app_end ] --END-- [ RunTime:0.002000s ]

[ 2015-04-15T17:04:15+08:00 ] 127.0.0.1 /DreamCMSCN/admin.php/Auth/Permissions/addgroup.html
INFO: [ app_init ] --START--
INFO: Run Behavior\BuildLiteBehavior [ RunTime:0.000000s ]
INFO: [ app_init ] --END-- [ RunTime:0.001000s ]
INFO: [ app_begin ] --START--
INFO: Run Behavior\ReadHtmlCacheBehavior [ RunTime:0.001000s ]
INFO: Run Behavior\FlChkLangBehavior [ RunTime:0.004000s ]
INFO: [ app_begin ] --END-- [ RunTime:0.005000s ]
NOTIC: [2048] Declaration of Auth\Controller\AuthbaseController::display() should be compatible with Think\Controller::display($templateFile = '', $charset = '', $contentType = '', $content = '', $prefix = '') D:\xampp\htdocs\DreamCMSCN\Admin\Auth\Controller\AuthbaseController.class.php 第 8 行.
NOTIC: [8] Use of undefined constant TMPL_PATH - assumed 'TMPL_PATH' D:\xampp\htdocs\DreamCMSCN\Admin\Common\Controller\AdminbaseController.class.php 第 14 行.
SQL: SHOW COLUMNS FROM `ur7_admin_auth_group` [ RunTime:0.0050s ]
SQL: SELECT * FROM `ur7_admin_auth_group` ORDER BY sort  [ RunTime:0.0010s ]
SQL: SHOW COLUMNS FROM `ur7_admin_auth_action` [ RunTime:0.0050s ]
NOTIC: [8] Undefined index: titlename D:\xampp\htdocs\DreamCMSCN\Admin\Auth\Controller\PermissionsController.class.php 第 33 行.

[ 2015-04-15T17:04:16+08:00 ] 127.0.0.1 /DreamCMSCN/admin.php/Auth/Permissions/addgroup.html
INFO: [ app_init ] --START--
INFO: Run Behavior\BuildLiteBehavior [ RunTime:0.000000s ]
INFO: [ app_init ] --END-- [ RunTime:0.001000s ]
INFO: [ app_begin ] --START--
INFO: Run Behavior\ReadHtmlCacheBehavior [ RunTime:0.002001s ]
INFO: Run Behavior\FlChkLangBehavior [ RunTime:0.003000s ]
INFO: [ app_begin ] --END-- [ RunTime:0.005001s ]
NOTIC: [2048] Declaration of Auth\Controller\AuthbaseController::display() should be compatible with Think\Controller::display($templateFile = '', $charset = '', $contentType = '', $content = '', $prefix = '') D:\xampp\htdocs\DreamCMSCN\Admin\Auth\Controller\AuthbaseController.class.php 第 8 行.
NOTIC: [8] Use of undefined constant TMPL_PATH - assumed 'TMPL_PATH' D:\xampp\htdocs\DreamCMSCN\Admin\Common\Controller\AdminbaseController.class.php 第 14 行.
SQL: SHOW COLUMNS FROM `ur7_admin_auth_group` [ RunTime:0.0040s ]
SQL: SELECT * FROM `ur7_admin_auth_group` ORDER BY sort  [ RunTime:0.0000s ]
SQL: SHOW COLUMNS FROM `ur7_admin_auth_action` [ RunTime:0.0040s ]
INFO: [ view_filter ] --START--
INFO: Run Behavior\WriteHtmlCacheBehavior [ RunTime:0.001000s ]
INFO: [ view_filter ] --END-- [ RunTime:0.001000s ]
INFO: [ app_end ] --START--
INFO: Run Behavior\ShowPageTraceBehavior [ RunTime:0.002000s ]
INFO: [ app_end ] --END-- [ RunTime:0.002000s ]

[ 2015-04-15T17:05:15+08:00 ] 127.0.0.1 /DreamCMSCN/admin.php/Auth/Permissions/grouplist.html
INFO: [ app_init ] --START--
INFO: Run Behavior\BuildLiteBehavior [ RunTime:0.000000s ]
INFO: [ app_init ] --END-- [ RunTime:0.001000s ]
INFO: [ app_begin ] --START--
INFO: Run Behavior\ReadHtmlCacheBehavior [ RunTime:0.001000s ]
INFO: Run Behavior\FlChkLangBehavior [ RunTime:0.003001s ]
INFO: [ app_begin ] --END-- [ RunTime:0.005001s ]
NOTIC: [2048] Declaration of Auth\Controller\AuthbaseController::display() should be compatible with Think\Controller::display($templateFile = '', $charset = '', $contentType = '', $content = '', $prefix = '') D:\xampp\htdocs\DreamCMSCN\Admin\Auth\Controller\AuthbaseController.class.php 第 8 行.
NOTIC: [8] Use of undefined constant TMPL_PATH - assumed 'TMPL_PATH' D:\xampp\htdocs\DreamCMSCN\Admin\Common\Controller\AdminbaseController.class.php 第 14 行.
SQL: SHOW COLUMNS FROM `ur7_admin_auth_group` [ RunTime:0.0040s ]
SQL: SELECT * FROM `ur7_admin_auth_group` ORDER BY sort  [ RunTime:0.0010s ]
SQL: SHOW COLUMNS FROM `ur7_admin_auth_action` [ RunTime:0.0040s ]
SQL: SELECT * FROM `ur7_admin_auth_group` ORDER BY sort  [ RunTime:0.0000s ]
INFO: [ view_filter ] --START--
INFO: Run Behavior\WriteHtmlCacheBehavior [ RunTime:0.001000s ]
INFO: [ view_filter ] --END-- [ RunTime:0.001000s ]
INFO: [ app_end ] --START--
INFO: Run Behavior\ShowPageTraceBehavior [ RunTime:0.001000s ]
INFO: [ app_end ] --END-- [ RunTime:0.001000s ]

[ 2015-04-15T17:05:17+08:00 ] 127.0.0.1 /DreamCMSCN/admin.php/Auth/Permissions/modulelist.html
INFO: [ app_init ] --START--
INFO: Run Behavior\BuildLiteBehavior [ RunTime:0.000000s ]
INFO: [ app_init ] --END-- [ RunTime:0.001000s ]
INFO: [ app_begin ] --START--
INFO: Run Behavior\ReadHtmlCacheBehavior [ RunTime:0.001000s ]
INFO: Run Behavior\FlChkLangBehavior [ RunTime:0.003001s ]
INFO: [ app_begin ] --END-- [ RunTime:0.005001s ]
NOTIC: [2048] Declaration of Auth\Controller\AuthbaseController::display() should be compatible with Think\Controller::display($templateFile = '', $charset = '', $contentType = '', $content = '', $prefix = '') D:\xampp\htdocs\DreamCMSCN\Admin\Auth\Controller\AuthbaseController.class.php 第 8 行.
NOTIC: [8] Use of undefined constant TMPL_PATH - assumed 'TMPL_PATH' D:\xampp\htdocs\DreamCMSCN\Admin\Common\Controller\AdminbaseController.class.php 第 14 行.
SQL: SHOW COLUMNS FROM `ur7_admin_auth_group` [ RunTime:0.0060s ]
SQL: SELECT * FROM `ur7_admin_auth_group` ORDER BY sort  [ RunTime:0.0000s ]
SQL: SHOW COLUMNS FROM `ur7_admin_auth_action` [ RunTime:0.0060s ]
SQL: SELECT * FROM `ur7_admin_auth_action` WHERE `group` = 'Auth' AND `controller` = 'Permissions' AND `action` = 'modulelist' LIMIT 1   [ RunTime:0.0010s ]
NOTIC: [2048] Declaration of Model\AdminAuthControllerModel::add() should be compatible with Think\Model::add($data = '', $options = Array, $replace = false) D:\xampp\htdocs\DreamCMSCN\Model\AdminAuthControllerModel.class.php 第 74 行.
SQL: SHOW COLUMNS FROM `ur7_admin_auth_controller` [ RunTime:0.0070s ]
SQL: SELECT * FROM `ur7_admin_auth_controller`  [ RunTime:0.0010s ]
SQL: SELECT * FROM `ur7_admin_auth_group`  [ RunTime:0.0010s ]
INFO: [ view_filter ] --START--
INFO: Run Behavior\WriteHtmlCacheBehavior [ RunTime:0.001000s ]
INFO: [ view_filter ] --END-- [ RunTime:0.001000s ]
INFO: [ app_end ] --START--
INFO: Run Behavior\ShowPageTraceBehavior [ RunTime:0.001000s ]
INFO: [ app_end ] --END-- [ RunTime:0.002000s ]

[ 2015-04-15T17:05:17+08:00 ] 127.0.0.1 /DreamCMSCN/admin.php/Auth/Permissions/actions.html
INFO: [ app_init ] --START--
INFO: Run Behavior\BuildLiteBehavior [ RunTime:0.000000s ]
INFO: [ app_init ] --END-- [ RunTime:0.000000s ]
INFO: [ app_begin ] --START--
INFO: Run Behavior\ReadHtmlCacheBehavior [ RunTime:0.001000s ]
INFO: Run Behavior\FlChkLangBehavior [ RunTime:0.003001s ]
INFO: [ app_begin ] --END-- [ RunTime:0.004001s ]
NOTIC: [2048] Declaration of Auth\Controller\AuthbaseController::display() should be compatible with Think\Controller::display($templateFile = '', $charset = '', $contentType = '', $content = '', $prefix = '') D:\xampp\htdocs\DreamCMSCN\Admin\Auth\Controller\AuthbaseController.class.php 第 8 行.
NOTIC: [8] Use of undefined constant TMPL_PATH - assumed 'TMPL_PATH' D:\xampp\htdocs\DreamCMSCN\Admin\Common\Controller\AdminbaseController.class.php 第 14 行.
SQL: SHOW COLUMNS FROM `ur7_admin_auth_group` [ RunTime:0.0040s ]
SQL: SELECT * FROM `ur7_admin_auth_group` ORDER BY sort  [ RunTime:0.0010s ]
SQL: SHOW COLUMNS FROM `ur7_admin_auth_action` [ RunTime:0.0050s ]
SQL: SELECT * FROM `ur7_admin_auth_action` WHERE `group` = 'Auth' AND `controller` = 'Permissions' AND `action` = 'actions' LIMIT 1   [ RunTime:0.0000s ]
SQL: SELECT * FROM `ur7_admin_auth_group` ORDER BY sort  [ RunTime:0.0010s ]
NOTIC: [2048] Declaration of Model\AdminAuthControllerModel::add() should be compatible with Think\Model::add($data = '', $options = Array, $replace = false) D:\xampp\htdocs\DreamCMSCN\Model\AdminAuthControllerModel.class.php 第 74 行.
SQL: SHOW COLUMNS FROM `ur7_admin_auth_controller` [ RunTime:0.0040s ]
SQL: SELECT * FROM `ur7_admin_auth_controller`  [ RunTime:0.0000s ]
SQL: SELECT * FROM `ur7_admin_auth_action`  [ RunTime:0.0000s ]
INFO: [ view_filter ] --START--
INFO: Run Behavior\WriteHtmlCacheBehavior [ RunTime:0.001000s ]
INFO: [ view_filter ] --END-- [ RunTime:0.001000s ]
INFO: [ app_end ] --START--
INFO: Run Behavior\ShowPageTraceBehavior [ RunTime:0.001001s ]
INFO: [ app_end ] --END-- [ RunTime:0.001001s ]

[ 2015-04-15T17:05:18+08:00 ] 127.0.0.1 /DreamCMSCN/admin.php/Auth/Permissions/addmodule.html
INFO: [ app_init ] --START--
INFO: Run Behavior\BuildLiteBehavior [ RunTime:0.001000s ]
INFO: [ app_init ] --END-- [ RunTime:0.001000s ]
INFO: [ app_begin ] --START--
INFO: Run Behavior\ReadHtmlCacheBehavior [ RunTime:0.001000s ]
INFO: Run Behavior\FlChkLangBehavior [ RunTime:0.004001s ]
INFO: [ app_begin ] --END-- [ RunTime:0.005001s ]
NOTIC: [2048] Declaration of Auth\Controller\AuthbaseController::display() should be compatible with Think\Controller::display($templateFile = '', $charset = '', $contentType = '', $content = '', $prefix = '') D:\xampp\htdocs\DreamCMSCN\Admin\Auth\Controller\AuthbaseController.class.php 第 8 行.
NOTIC: [8] Use of undefined constant TMPL_PATH - assumed 'TMPL_PATH' D:\xampp\htdocs\DreamCMSCN\Admin\Common\Controller\AdminbaseController.class.php 第 14 行.
SQL: SHOW COLUMNS FROM `ur7_admin_auth_group` [ RunTime:0.0070s ]
SQL: SELECT * FROM `ur7_admin_auth_group` ORDER BY sort  [ RunTime:0.0000s ]
SQL: SHOW COLUMNS FROM `ur7_admin_auth_action` [ RunTime:0.0100s ]
SQL: SELECT * FROM `ur7_admin_auth_group`  [ RunTime:0.0010s ]
INFO: [ view_filter ] --START--
INFO: Run Behavior\WriteHtmlCacheBehavior [ RunTime:0.002000s ]
INFO: [ view_filter ] --END-- [ RunTime:0.002000s ]
INFO: [ app_end ] --START--
INFO: Run Behavior\ShowPageTraceBehavior [ RunTime:0.001000s ]
INFO: [ app_end ] --END-- [ RunTime:0.001000s ]

[ 2015-04-15T17:05:19+08:00 ] 127.0.0.1 /DreamCMSCN/admin.php/Auth/Permissions/addaction.html
INFO: [ app_init ] --START--
INFO: Run Behavior\BuildLiteBehavior [ RunTime:0.000000s ]
INFO: [ app_init ] --END-- [ RunTime:0.001000s ]
INFO: [ app_begin ] --START--
INFO: Run Behavior\ReadHtmlCacheBehavior [ RunTime:0.001000s ]
INFO: Run Behavior\FlChkLangBehavior [ RunTime:0.003000s ]
INFO: [ app_begin ] --END-- [ RunTime:0.005001s ]
NOTIC: [2048] Declaration of Auth\Controller\AuthbaseController::display() should be compatible with Think\Controller::display($templateFile = '', $charset = '', $contentType = '', $content = '', $prefix = '') D:\xampp\htdocs\DreamCMSCN\Admin\Auth\Controller\AuthbaseController.class.php 第 8 行.
NOTIC: [8] Use of undefined constant TMPL_PATH - assumed 'TMPL_PATH' D:\xampp\htdocs\DreamCMSCN\Admin\Common\Controller\AdminbaseController.class.php 第 14 行.
SQL: SHOW COLUMNS FROM `ur7_admin_auth_group` [ RunTime:0.0110s ]
SQL: SELECT * FROM `ur7_admin_auth_group` ORDER BY sort  [ RunTime:0.0000s ]
SQL: SHOW COLUMNS FROM `ur7_admin_auth_action` [ RunTime:0.0040s ]
SQL: SELECT * FROM `ur7_admin_auth_group` ORDER BY sort  [ RunTime:0.0010s ]
INFO: [ view_filter ] --START--
INFO: Run Behavior\WriteHtmlCacheBehavior [ RunTime:0.001000s ]
INFO: [ view_filter ] --END-- [ RunTime:0.001000s ]
INFO: [ app_end ] --START--
INFO: Run Behavior\ShowPageTraceBehavior [ RunTime:0.001001s ]
INFO: [ app_end ] --END-- [ RunTime:0.002001s ]

[ 2015-04-15T17:05:20+08:00 ] 127.0.0.1 /DreamCMSCN/admin.php/Auth/Permissions/getmodulebygid.html
INFO: [ app_init ] --START--
INFO: Run Behavior\BuildLiteBehavior [ RunTime:0.000000s ]
INFO: [ app_init ] --END-- [ RunTime:0.000000s ]
INFO: [ app_begin ] --START--
INFO: Run Behavior\ReadHtmlCacheBehavior [ RunTime:0.001000s ]
INFO: Run Behavior\FlChkLangBehavior [ RunTime:0.011001s ]
INFO: [ app_begin ] --END-- [ RunTime:0.012001s ]
NOTIC: [2048] Declaration of Auth\Controller\AuthbaseController::display() should be compatible with Think\Controller::display($templateFile = '', $charset = '', $contentType = '', $content = '', $prefix = '') D:\xampp\htdocs\DreamCMSCN\Admin\Auth\Controller\AuthbaseController.class.php 第 8 行.
NOTIC: [8] Use of undefined constant TMPL_PATH - assumed 'TMPL_PATH' D:\xampp\htdocs\DreamCMSCN\Admin\Common\Controller\AdminbaseController.class.php 第 14 行.
SQL: SHOW COLUMNS FROM `ur7_admin_auth_group` [ RunTime:0.0060s ]
SQL: SELECT * FROM `ur7_admin_auth_group` ORDER BY sort  [ RunTime:0.0010s ]
SQL: SHOW COLUMNS FROM `ur7_admin_auth_action` [ RunTime:0.0050s ]
SQL: SELECT * FROM `ur7_admin_auth_action` WHERE `group` = 'Auth' AND `controller` = 'Permissions' AND `action` = 'getmodulebygid' LIMIT 1   [ RunTime:0.0000s ]
NOTIC: [2048] Declaration of Model\AdminAuthControllerModel::add() should be compatible with Think\Model::add($data = '', $options = Array, $replace = false) D:\xampp\htdocs\DreamCMSCN\Model\AdminAuthControllerModel.class.php 第 74 行.
SQL: SHOW COLUMNS FROM `ur7_admin_auth_controller` [ RunTime:0.0040s ]
SQL: SELECT * FROM `ur7_admin_auth_controller` WHERE `gid` = 2  [ RunTime:0.0010s ]
INFO: [ app_end ] --START--
INFO: Run Behavior\ShowPageTraceBehavior [ RunTime:0.001000s ]
INFO: [ app_end ] --END-- [ RunTime:0.001000s ]

[ 2015-04-15T17:05:21+08:00 ] 127.0.0.1 /DreamCMSCN/admin.php/Auth/Permissions/grouplist.html
INFO: [ app_init ] --START--
INFO: Run Behavior\BuildLiteBehavior [ RunTime:0.001000s ]
INFO: [ app_init ] --END-- [ RunTime:0.001000s ]
INFO: [ app_begin ] --START--
INFO: Run Behavior\ReadHtmlCacheBehavior [ RunTime:0.001000s ]
INFO: Run Behavior\FlChkLangBehavior [ RunTime:0.004001s ]
INFO: [ app_begin ] --END-- [ RunTime:0.005001s ]
NOTIC: [2048] Declaration of Auth\Controller\AuthbaseController::display() should be compatible with Think\Controller::display($templateFile = '', $charset = '', $contentType = '', $content = '', $prefix = '') D:\xampp\htdocs\DreamCMSCN\Admin\Auth\Controller\AuthbaseController.class.php 第 8 行.
NOTIC: [8] Use of undefined constant TMPL_PATH - assumed 'TMPL_PATH' D:\xampp\htdocs\DreamCMSCN\Admin\Common\Controller\AdminbaseController.class.php 第 14 行.
SQL: SHOW COLUMNS FROM `ur7_admin_auth_group` [ RunTime:0.0170s ]
SQL: SELECT * FROM `ur7_admin_auth_group` ORDER BY sort  [ RunTime:0.0010s ]
SQL: SHOW COLUMNS FROM `ur7_admin_auth_action` [ RunTime:0.0050s ]
SQL: SELECT * FROM `ur7_admin_auth_group` ORDER BY sort  [ RunTime:0.0000s ]
INFO: [ view_filter ] --START--
INFO: Run Behavior\WriteHtmlCacheBehavior [ RunTime:0.001000s ]
INFO: [ view_filter ] --END-- [ RunTime:0.001000s ]
INFO: [ app_end ] --START--
INFO: Run Behavior\ShowPageTraceBehavior [ RunTime:0.001000s ]
INFO: [ app_end ] --END-- [ RunTime:0.001000s ]

[ 2015-04-15T17:05:23+08:00 ] 127.0.0.1 /DreamCMSCN/admin.php/Auth/Permissions/addgroup.html
INFO: [ app_init ] --START--
INFO: Run Behavior\BuildLiteBehavior [ RunTime:0.000000s ]
INFO: [ app_init ] --END-- [ RunTime:0.001000s ]
INFO: [ app_begin ] --START--
INFO: Run Behavior\ReadHtmlCacheBehavior [ RunTime:0.001001s ]
INFO: Run Behavior\FlChkLangBehavior [ RunTime:0.004000s ]
INFO: [ app_begin ] --END-- [ RunTime:0.005001s ]
NOTIC: [2048] Declaration of Auth\Controller\AuthbaseController::display() should be compatible with Think\Controller::display($templateFile = '', $charset = '', $contentType = '', $content = '', $prefix = '') D:\xampp\htdocs\DreamCMSCN\Admin\Auth\Controller\AuthbaseController.class.php 第 8 行.
NOTIC: [8] Use of undefined constant TMPL_PATH - assumed 'TMPL_PATH' D:\xampp\htdocs\DreamCMSCN\Admin\Common\Controller\AdminbaseController.class.php 第 14 行.
SQL: SHOW COLUMNS FROM `ur7_admin_auth_group` [ RunTime:0.0050s ]
SQL: SELECT * FROM `ur7_admin_auth_group` ORDER BY sort  [ RunTime:0.0000s ]
SQL: SHOW COLUMNS FROM `ur7_admin_auth_action` [ RunTime:0.0040s ]
INFO: [ view_filter ] --START--
INFO: Run Behavior\WriteHtmlCacheBehavior [ RunTime:0.001000s ]
INFO: [ view_filter ] --END-- [ RunTime:0.001000s ]
INFO: [ app_end ] --START--
INFO: Run Behavior\ShowPageTraceBehavior [ RunTime:0.001000s ]
INFO: [ app_end ] --END-- [ RunTime:0.001000s ]

