[ 2015-04-17T21:25:25+08:00 ] 127.0.0.1 /DreamCMSCN/admin.php/Content/Content/index.html
INFO: [ app_init ] --START--
INFO: Run Behavior\BuildLiteBehavior [ RunTime:0.000000s ]
INFO: [ app_init ] --END-- [ RunTime:0.001000s ]
INFO: [ app_begin ] --START--
INFO: Run Behavior\ReadHtmlCacheBehavior [ RunTime:0.001001s ]
INFO: Run Behavior\FlChkLangBehavior [ RunTime:0.001000s ]
INFO: [ app_begin ] --END-- [ RunTime:0.002001s ]
NOTIC: [2048] Declaration of Auth\Controller\AuthbaseController::display() should be compatible with Think\Controller::display($templateFile = '', $charset = '', $contentType = '', $content = '', $prefix = '') F:\xampp\htdocs\DreamCMSCN\Admin\Auth\Controller\AuthbaseController.class.php 第 8 行.
NOTIC: [8] Use of undefined constant TMPL_PATH - assumed 'TMPL_PATH' F:\xampp\htdocs\DreamCMSCN\Admin\Common\Controller\AdminbaseController.class.php 第 14 行.
SQL: SHOW COLUMNS FROM `ur7_admin_auth_group` [ RunTime:0.0040s ]
SQL: SELECT * FROM `ur7_admin_auth_group` ORDER BY sort  [ RunTime:0.0010s ]
SQL: SHOW COLUMNS FROM `ur7_admin_auth_action` [ RunTime:0.0040s ]
NOTIC: [8] unserialize(): Error at offset 0 of 223 bytes F:\xampp\htdocs\DreamCMSCN\Core\Library\Think\Cache\Driver\File.class.php 第 104 行.
SQL: SELECT * FROM `ur7_admin_auth_action` WHERE `group` = 'Content' AND `controller` = 'Content' AND `action` = 'index' LIMIT 1   [ RunTime:0.0000s ]
SQL: SHOW COLUMNS FROM `ur7_model` [ RunTime:0.0040s ]
SQL: SELECT * FROM `ur7_model`  [ RunTime:0.0000s ]
SQL: SHOW COLUMNS FROM `ur7_category` [ RunTime:0.0090s ]
SQL: SELECT * FROM `ur7_category`  [ RunTime:0.0000s ]
INFO: [ view_filter ] --START--
INFO: Run Behavior\WriteHtmlCacheBehavior [ RunTime:0.000000s ]
INFO: [ view_filter ] --END-- [ RunTime:0.000000s ]
INFO: [ view_filter ] --START--
INFO: Run Behavior\WriteHtmlCacheBehavior [ RunTime:0.000000s ]
INFO: [ view_filter ] --END-- [ RunTime:-0.001000s ]
INFO: [ app_end ] --START--
INFO: Run Behavior\ShowPageTraceBehavior [ RunTime:0.000000s ]
INFO: [ app_end ] --END-- [ RunTime:0.000000s ]

[ 2015-04-17T21:25:30+08:00 ] 127.0.0.1 /DreamCMSCN/admin.php/Content/Content/contentlist/mid/30/cid/6.html
INFO: [ app_init ] --START--
INFO: Run Behavior\BuildLiteBehavior [ RunTime:0.000000s ]
INFO: [ app_init ] --END-- [ RunTime:0.000000s ]
INFO: [ app_begin ] --START--
INFO: Run Behavior\ReadHtmlCacheBehavior [ RunTime:0.000000s ]
INFO: Run Behavior\FlChkLangBehavior [ RunTime:0.002001s ]
INFO: [ app_begin ] --END-- [ RunTime:0.002001s ]
NOTIC: [2048] Declaration of Auth\Controller\AuthbaseController::display() should be compatible with Think\Controller::display($templateFile = '', $charset = '', $contentType = '', $content = '', $prefix = '') F:\xampp\htdocs\DreamCMSCN\Admin\Auth\Controller\AuthbaseController.class.php 第 8 行.
NOTIC: [8] Use of undefined constant TMPL_PATH - assumed 'TMPL_PATH' F:\xampp\htdocs\DreamCMSCN\Admin\Common\Controller\AdminbaseController.class.php 第 14 行.
SQL: SHOW COLUMNS FROM `ur7_admin_auth_group` [ RunTime:0.0060s ]
SQL: SELECT * FROM `ur7_admin_auth_group` ORDER BY sort  [ RunTime:0.0010s ]
SQL: SHOW COLUMNS FROM `ur7_admin_auth_action` [ RunTime:0.0050s ]
SQL: SELECT * FROM `ur7_admin_auth_action` WHERE `group` = 'Content' AND `controller` = 'Content' AND `action` = 'contentlist' LIMIT 1   [ RunTime:0.0000s ]
SQL: SHOW COLUMNS FROM `ur7_category` [ RunTime:0.0070s ]
SQL: SELECT * FROM `ur7_category` WHERE `id` = 6 LIMIT 1   [ RunTime:0.0000s ]
SQL: SHOW COLUMNS FROM `ur7_model` [ RunTime:0.0040s ]
SQL: SELECT * FROM `ur7_model` WHERE `id` = 30 LIMIT 1   [ RunTime:0.0000s ]
NOTIC: [2048] Declaration of Model\ContentModel::add() should be compatible with Think\Model::add($data = '', $options = Array, $replace = false) F:\xampp\htdocs\DreamCMSCN\Model\ContentModel.class.php 第 9 行.
SQL: SHOW COLUMNS FROM `ur7_article` [ RunTime:0.0060s ]
SQL: SELECT * FROM `ur7_article` WHERE `cid` = 6 LIMIT 0,20   [ RunTime:0.0000s ]
NOTIC: [8] Undefined variable: group_id F:\xampp\htdocs\DreamCMSCN\Template\Admin\bootstrap\Layout\layout.php 第 76 行.
SQL: SELECT * FROM `ur7_category`  [ RunTime:0.0010s ]
INFO: [ view_filter ] --START--
INFO: Run Behavior\WriteHtmlCacheBehavior [ RunTime:0.001000s ]
INFO: [ view_filter ] --END-- [ RunTime:0.001000s ]
NOTIC: [8] Undefined variable: controller_id F:\xampp\htdocs\DreamCMSCN\Template\Admin\bootstrap\Layout\layout.php 第 344 行.
NOTIC: [8] Undefined variable: action_id F:\xampp\htdocs\DreamCMSCN\Template\Admin\bootstrap\Layout\layout.php 第 360 行.
INFO: [ view_filter ] --START--
INFO: Run Behavior\WriteHtmlCacheBehavior [ RunTime:0.000000s ]
INFO: [ view_filter ] --END-- [ RunTime:-0.001000s ]
INFO: [ app_end ] --START--
INFO: Run Behavior\ShowPageTraceBehavior [ RunTime:0.002000s ]
INFO: [ app_end ] --END-- [ RunTime:0.002000s ]

[ 2015-04-17T21:25:32+08:00 ] 127.0.0.1 /DreamCMSCN/admin.php/Content/Content/add/cid/6.html
INFO: [ app_init ] --START--
INFO: Run Behavior\BuildLiteBehavior [ RunTime:0.000000s ]
INFO: [ app_init ] --END-- [ RunTime:0.000000s ]
INFO: [ app_begin ] --START--
INFO: Run Behavior\ReadHtmlCacheBehavior [ RunTime:0.000000s ]
INFO: Run Behavior\FlChkLangBehavior [ RunTime:0.001000s ]
INFO: [ app_begin ] --END-- [ RunTime:0.001000s ]
NOTIC: [2048] Declaration of Auth\Controller\AuthbaseController::display() should be compatible with Think\Controller::display($templateFile = '', $charset = '', $contentType = '', $content = '', $prefix = '') F:\xampp\htdocs\DreamCMSCN\Admin\Auth\Controller\AuthbaseController.class.php 第 8 行.
NOTIC: [8] Use of undefined constant TMPL_PATH - assumed 'TMPL_PATH' F:\xampp\htdocs\DreamCMSCN\Admin\Common\Controller\AdminbaseController.class.php 第 14 行.
SQL: SHOW COLUMNS FROM `ur7_admin_auth_group` [ RunTime:0.0080s ]
SQL: SELECT * FROM `ur7_admin_auth_group` ORDER BY sort  [ RunTime:0.0010s ]
SQL: SHOW COLUMNS FROM `ur7_admin_auth_action` [ RunTime:0.0030s ]
NOTIC: [8] unserialize(): Error at offset 0 of 222 bytes F:\xampp\htdocs\DreamCMSCN\Core\Library\Think\Cache\Driver\File.class.php 第 104 行.
SQL: SELECT * FROM `ur7_admin_auth_action` WHERE `group` = 'Content' AND `controller` = 'Content' AND `action` = 'add' LIMIT 1   [ RunTime:0.0000s ]
SQL: SHOW COLUMNS FROM `ur7_category` [ RunTime:0.0060s ]
SQL: SELECT * FROM `ur7_category` WHERE `id` = 6 LIMIT 1   [ RunTime:0.0000s ]
SQL: SHOW COLUMNS FROM `ur7_model_field` [ RunTime:0.0050s ]
SQL: SELECT * FROM `ur7_model_field` WHERE `mid` = 30  [ RunTime:0.0010s ]
SQL: SELECT * FROM `ur7_category`  [ RunTime:0.0010s ]
INFO: [ view_filter ] --START--
INFO: Run Behavior\WriteHtmlCacheBehavior [ RunTime:0.000000s ]
INFO: [ view_filter ] --END-- [ RunTime:0.000000s ]
NOTIC: [8] Undefined index: content F:\xampp\htdocs\DreamCMSCN\Core\Library\Org\Helper\CForm.class.php 第 51 行.
NOTIC: [8] Undefined index: content F:\xampp\htdocs\DreamCMSCN\Core\Library\Org\Helper\CForm.class.php 第 51 行.
NOTIC: [8] Undefined index: content F:\xampp\htdocs\DreamCMSCN\Core\Library\Org\Helper\CForm.class.php 第 61 行.
SQL: SELECT * FROM `ur7_category` WHERE `id` = 6 LIMIT 1   [ RunTime:0.0000s ]
NOTIC: [8] Use of undefined constant ADMIN_OR_SITE - assumed 'ADMIN_OR_SITE' F:\xampp\htdocs\DreamCMSCN\Config\functions.php 第 246 行.
NOTIC: [2048] Declaration of Common\Controller\SitevhookController::display() should be compatible with Think\Controller::display($templateFile = '', $charset = '', $contentType = '', $content = '', $prefix = '') F:\xampp\htdocs\DreamCMSCN\Plugin\Common\Controller\SitevhookController.class.php 第 38 行.
NOTIC: [8] Undefined index: Webupload\Hook\Vhook F:\xampp\htdocs\DreamCMSCN\Config\functions.php 第 260 行.
NOTIC: [8] Undefined index: content F:\xampp\htdocs\DreamCMSCN\Template\Plugin\WebUpload\Hook\thumbupload.php 第 18 行.
NOTIC: [8] Undefined index: content F:\xampp\htdocs\DreamCMSCN\Template\Plugin\WebUpload\Hook\thumbupload.php 第 32 行.
NOTIC: [8] Undefined index: content F:\xampp\htdocs\DreamCMSCN\Template\Plugin\WebUpload\Hook\thumbupload.php 第 33 行.
NOTIC: [8] Undefined index: content F:\xampp\htdocs\DreamCMSCN\Template\Plugin\WebUpload\Hook\thumbupload.php 第 45 行.
INFO: [ view_filter ] --START--
INFO: Run Behavior\WriteHtmlCacheBehavior [ RunTime:0.000000s ]
INFO: [ view_filter ] --END-- [ RunTime:-0.044003s ]
NOTIC: [8] Use of undefined constant ADMIN_OR_SITE - assumed 'ADMIN_OR_SITE' F:\xampp\htdocs\DreamCMSCN\Config\functions.php 第 246 行.
NOTIC: [8] Undefined index: Ueditor\Hook\Vhook F:\xampp\htdocs\DreamCMSCN\Config\functions.php 第 260 行.
NOTIC: [8] Undefined index: content F:\xampp\htdocs\DreamCMSCN\Template\Plugin\Ueditor\Hook\ueditor.php 第 6 行.
INFO: [ view_filter ] --START--
INFO: Run Behavior\WriteHtmlCacheBehavior [ RunTime:0.000000s ]
INFO: [ view_filter ] --END-- [ RunTime:-0.046003s ]
SQL: SHOW COLUMNS FROM `ur7_position` [ RunTime:0.0050s ]
SQL: SELECT * FROM `ur7_position`  [ RunTime:0.0000s ]
NOTIC: [8] Undefined index: content F:\xampp\htdocs\DreamCMSCN\Core\Library\Org\Helper\CForm.class.php 第 72 行.
NOTIC: [8] Undefined variable: mid F:\xampp\htdocs\DreamCMSCN\Template\Admin\bootstrap\Content\Content\add.php 第 43 行.
INFO: [ view_filter ] --START--
INFO: Run Behavior\WriteHtmlCacheBehavior [ RunTime:0.000000s ]
INFO: [ view_filter ] --END-- [ RunTime:-0.053003s ]
INFO: [ app_end ] --START--
INFO: Run Behavior\ShowPageTraceBehavior [ RunTime:0.001000s ]
INFO: [ app_end ] --END-- [ RunTime:0.001000s ]

[ 2015-04-17T21:25:37+08:00 ] 127.0.0.1 /DreamCMSCN/admin.php/Content/Content/editpage/mid/-1/cid/1.html
INFO: [ app_init ] --START--
INFO: Run Behavior\BuildLiteBehavior [ RunTime:0.000000s ]
INFO: [ app_init ] --END-- [ RunTime:0.000000s ]
INFO: [ app_begin ] --START--
INFO: Run Behavior\ReadHtmlCacheBehavior [ RunTime:0.000000s ]
INFO: Run Behavior\FlChkLangBehavior [ RunTime:0.002000s ]
INFO: [ app_begin ] --END-- [ RunTime:0.002000s ]
NOTIC: [2048] Declaration of Auth\Controller\AuthbaseController::display() should be compatible with Think\Controller::display($templateFile = '', $charset = '', $contentType = '', $content = '', $prefix = '') F:\xampp\htdocs\DreamCMSCN\Admin\Auth\Controller\AuthbaseController.class.php 第 8 行.
NOTIC: [8] Use of undefined constant TMPL_PATH - assumed 'TMPL_PATH' F:\xampp\htdocs\DreamCMSCN\Admin\Common\Controller\AdminbaseController.class.php 第 14 行.
SQL: SHOW COLUMNS FROM `ur7_admin_auth_group` [ RunTime:0.0060s ]
SQL: SELECT * FROM `ur7_admin_auth_group` ORDER BY sort  [ RunTime:0.0010s ]
SQL: SHOW COLUMNS FROM `ur7_admin_auth_action` [ RunTime:0.0040s ]
SQL: SELECT * FROM `ur7_admin_auth_action` WHERE `group` = 'Content' AND `controller` = 'Content' AND `action` = 'editpage' LIMIT 1   [ RunTime:0.0010s ]
SQL: SHOW COLUMNS FROM `ur7_page` [ RunTime:0.0060s ]
SQL: SELECT * FROM `ur7_page` WHERE `cid` = 1 LIMIT 1   [ RunTime:0.0010s ]
NOTIC: [8] Undefined variable: group_id F:\xampp\htdocs\DreamCMSCN\Template\Admin\bootstrap\Layout\layout.php 第 76 行.
SQL: SHOW COLUMNS FROM `ur7_category` [ RunTime:0.0050s ]
SQL: SELECT * FROM `ur7_category`  [ RunTime:0.0010s ]
INFO: [ view_filter ] --START--
INFO: Run Behavior\WriteHtmlCacheBehavior [ RunTime:0.000000s ]
INFO: [ view_filter ] --END-- [ RunTime:0.000000s ]
NOTIC: [8] Use of undefined constant ADMIN_OR_SITE - assumed 'ADMIN_OR_SITE' F:\xampp\htdocs\DreamCMSCN\Config\functions.php 第 246 行.
NOTIC: [2048] Declaration of Common\Controller\SitevhookController::display() should be compatible with Think\Controller::display($templateFile = '', $charset = '', $contentType = '', $content = '', $prefix = '') F:\xampp\htdocs\DreamCMSCN\Plugin\Common\Controller\SitevhookController.class.php 第 38 行.
NOTIC: [8] Undefined index: Ueditor\Hook\Vhook F:\xampp\htdocs\DreamCMSCN\Config\functions.php 第 260 行.
INFO: [ view_filter ] --START--
INFO: Run Behavior\WriteHtmlCacheBehavior [ RunTime:0.000000s ]
INFO: [ view_filter ] --END-- [ RunTime:-0.003000s ]
NOTIC: [8] Undefined variable: validator F:\xampp\htdocs\DreamCMSCN\Template\Admin\bootstrap\Content\Content\editpage.php 第 86 行.
NOTIC: [8] Undefined variable: controller_id F:\xampp\htdocs\DreamCMSCN\Template\Admin\bootstrap\Layout\layout.php 第 344 行.
NOTIC: [8] Undefined variable: action_id F:\xampp\htdocs\DreamCMSCN\Template\Admin\bootstrap\Layout\layout.php 第 360 行.
INFO: [ view_filter ] --START--
INFO: Run Behavior\WriteHtmlCacheBehavior [ RunTime:0.000000s ]
INFO: [ view_filter ] --END-- [ RunTime:-0.004000s ]
INFO: [ app_end ] --START--
INFO: Run Behavior\ShowPageTraceBehavior [ RunTime:0.001000s ]
INFO: [ app_end ] --END-- [ RunTime:0.001000s ]

[ 2015-04-17T21:26:43+08:00 ] 127.0.0.1 /DreamCMSCN/admin.php/Content/Content/contentlist/mid/30/cid/4.html
INFO: [ app_init ] --START--
INFO: Run Behavior\BuildLiteBehavior [ RunTime:0.000000s ]
INFO: [ app_init ] --END-- [ RunTime:0.001000s ]
INFO: [ app_begin ] --START--
INFO: Run Behavior\ReadHtmlCacheBehavior [ RunTime:0.001000s ]
INFO: Run Behavior\FlChkLangBehavior [ RunTime:0.002000s ]
INFO: [ app_begin ] --END-- [ RunTime:0.003000s ]
NOTIC: [2048] Declaration of Auth\Controller\AuthbaseController::display() should be compatible with Think\Controller::display($templateFile = '', $charset = '', $contentType = '', $content = '', $prefix = '') F:\xampp\htdocs\DreamCMSCN\Admin\Auth\Controller\AuthbaseController.class.php 第 8 行.
NOTIC: [8] Use of undefined constant TMPL_PATH - assumed 'TMPL_PATH' F:\xampp\htdocs\DreamCMSCN\Admin\Common\Controller\AdminbaseController.class.php 第 14 行.
SQL: SHOW COLUMNS FROM `ur7_admin_auth_group` [ RunTime:0.0060s ]
SQL: SELECT * FROM `ur7_admin_auth_group` ORDER BY sort  [ RunTime:0.0010s ]
SQL: SHOW COLUMNS FROM `ur7_admin_auth_action` [ RunTime:0.0060s ]
SQL: SELECT * FROM `ur7_admin_auth_action` WHERE `group` = 'Content' AND `controller` = 'Content' AND `action` = 'contentlist' LIMIT 1   [ RunTime:0.0000s ]
SQL: SHOW COLUMNS FROM `ur7_category` [ RunTime:0.0060s ]
SQL: SELECT * FROM `ur7_category` WHERE `id` = 4 LIMIT 1   [ RunTime:0.0010s ]
SQL: SHOW COLUMNS FROM `ur7_model` [ RunTime:0.0050s ]
SQL: SELECT * FROM `ur7_model` WHERE `id` = 30 LIMIT 1   [ RunTime:0.0010s ]
NOTIC: [2048] Declaration of Model\ContentModel::add() should be compatible with Think\Model::add($data = '', $options = Array, $replace = false) F:\xampp\htdocs\DreamCMSCN\Model\ContentModel.class.php 第 9 行.
SQL: SHOW COLUMNS FROM `ur7_article` [ RunTime:0.0040s ]
SQL: SELECT * FROM `ur7_article` WHERE `cid` = 4 LIMIT 0,20   [ RunTime:0.0000s ]
NOTIC: [8] Undefined variable: group_id F:\xampp\htdocs\DreamCMSCN\Template\Admin\bootstrap\Layout\layout.php 第 76 行.
SQL: SELECT * FROM `ur7_category`  [ RunTime:0.0000s ]
INFO: [ view_filter ] --START--
INFO: Run Behavior\WriteHtmlCacheBehavior [ RunTime:0.001000s ]
INFO: [ view_filter ] --END-- [ RunTime:0.001000s ]
NOTIC: [2] Invalid argument supplied for foreach() F:\xampp\htdocs\DreamCMSCN\Template\Admin\bootstrap\Content\Content\contentlist.php 第 55 行.
NOTIC: [8] Undefined variable: controller_id F:\xampp\htdocs\DreamCMSCN\Template\Admin\bootstrap\Layout\layout.php 第 344 行.
NOTIC: [8] Undefined variable: action_id F:\xampp\htdocs\DreamCMSCN\Template\Admin\bootstrap\Layout\layout.php 第 360 行.
INFO: [ view_filter ] --START--
INFO: Run Behavior\WriteHtmlCacheBehavior [ RunTime:0.000000s ]
INFO: [ view_filter ] --END-- [ RunTime:-0.001000s ]
INFO: [ app_end ] --START--
INFO: Run Behavior\ShowPageTraceBehavior [ RunTime:0.001000s ]
INFO: [ app_end ] --END-- [ RunTime:0.001000s ]

[ 2015-04-17T21:26:45+08:00 ] 127.0.0.1 /DreamCMSCN/admin.php/Content/Content/contentlist/mid/30/cid/3.html
INFO: [ app_init ] --START--
INFO: Run Behavior\BuildLiteBehavior [ RunTime:0.000000s ]
INFO: [ app_init ] --END-- [ RunTime:0.000000s ]
INFO: [ app_begin ] --START--
INFO: Run Behavior\ReadHtmlCacheBehavior [ RunTime:0.000000s ]
INFO: Run Behavior\FlChkLangBehavior [ RunTime:0.002000s ]
INFO: [ app_begin ] --END-- [ RunTime:0.002000s ]
NOTIC: [2048] Declaration of Auth\Controller\AuthbaseController::display() should be compatible with Think\Controller::display($templateFile = '', $charset = '', $contentType = '', $content = '', $prefix = '') F:\xampp\htdocs\DreamCMSCN\Admin\Auth\Controller\AuthbaseController.class.php 第 8 行.
NOTIC: [8] Use of undefined constant TMPL_PATH - assumed 'TMPL_PATH' F:\xampp\htdocs\DreamCMSCN\Admin\Common\Controller\AdminbaseController.class.php 第 14 行.
SQL: SHOW COLUMNS FROM `ur7_admin_auth_group` [ RunTime:0.0040s ]
SQL: SELECT * FROM `ur7_admin_auth_group` ORDER BY sort  [ RunTime:0.0010s ]
SQL: SHOW COLUMNS FROM `ur7_admin_auth_action` [ RunTime:0.0050s ]
SQL: SELECT * FROM `ur7_admin_auth_action` WHERE `group` = 'Content' AND `controller` = 'Content' AND `action` = 'contentlist' LIMIT 1   [ RunTime:0.0010s ]
SQL: SHOW COLUMNS FROM `ur7_category` [ RunTime:0.0040s ]
SQL: SELECT * FROM `ur7_category` WHERE `id` = 3 LIMIT 1   [ RunTime:0.0000s ]
SQL: SHOW COLUMNS FROM `ur7_model` [ RunTime:0.0040s ]
SQL: SELECT * FROM `ur7_model` WHERE `id` = 30 LIMIT 1   [ RunTime:0.0000s ]
NOTIC: [2048] Declaration of Model\ContentModel::add() should be compatible with Think\Model::add($data = '', $options = Array, $replace = false) F:\xampp\htdocs\DreamCMSCN\Model\ContentModel.class.php 第 9 行.
SQL: SHOW COLUMNS FROM `ur7_article` [ RunTime:0.0040s ]
SQL: SELECT * FROM `ur7_article` WHERE `cid` = 3 LIMIT 0,20   [ RunTime:0.0010s ]
NOTIC: [8] Undefined variable: group_id F:\xampp\htdocs\DreamCMSCN\Template\Admin\bootstrap\Layout\layout.php 第 76 行.
SQL: SELECT * FROM `ur7_category`  [ RunTime:0.0000s ]
INFO: [ view_filter ] --START--
INFO: Run Behavior\WriteHtmlCacheBehavior [ RunTime:0.000000s ]
INFO: [ view_filter ] --END-- [ RunTime:0.000000s ]
NOTIC: [2] Invalid argument supplied for foreach() F:\xampp\htdocs\DreamCMSCN\Template\Admin\bootstrap\Content\Content\contentlist.php 第 55 行.
NOTIC: [8] Undefined variable: controller_id F:\xampp\htdocs\DreamCMSCN\Template\Admin\bootstrap\Layout\layout.php 第 344 行.
NOTIC: [8] Undefined variable: action_id F:\xampp\htdocs\DreamCMSCN\Template\Admin\bootstrap\Layout\layout.php 第 360 行.
INFO: [ view_filter ] --START--
INFO: Run Behavior\WriteHtmlCacheBehavior [ RunTime:0.000000s ]
INFO: [ view_filter ] --END-- [ RunTime:-0.001000s ]
INFO: [ app_end ] --START--
INFO: Run Behavior\ShowPageTraceBehavior [ RunTime:0.001000s ]
INFO: [ app_end ] --END-- [ RunTime:0.001000s ]

[ 2015-04-17T21:26:47+08:00 ] 127.0.0.1 /DreamCMSCN/admin.php/Content/Content/editpage/mid/-1/cid/10.html
INFO: [ app_init ] --START--
INFO: Run Behavior\BuildLiteBehavior [ RunTime:0.001000s ]
INFO: [ app_init ] --END-- [ RunTime:0.001000s ]
INFO: [ app_begin ] --START--
INFO: Run Behavior\ReadHtmlCacheBehavior [ RunTime:0.001000s ]
INFO: Run Behavior\FlChkLangBehavior [ RunTime:0.002000s ]
INFO: [ app_begin ] --END-- [ RunTime:0.004000s ]
NOTIC: [2048] Declaration of Auth\Controller\AuthbaseController::display() should be compatible with Think\Controller::display($templateFile = '', $charset = '', $contentType = '', $content = '', $prefix = '') F:\xampp\htdocs\DreamCMSCN\Admin\Auth\Controller\AuthbaseController.class.php 第 8 行.
NOTIC: [8] Use of undefined constant TMPL_PATH - assumed 'TMPL_PATH' F:\xampp\htdocs\DreamCMSCN\Admin\Common\Controller\AdminbaseController.class.php 第 14 行.
SQL: SHOW COLUMNS FROM `ur7_admin_auth_group` [ RunTime:0.0050s ]
SQL: SELECT * FROM `ur7_admin_auth_group` ORDER BY sort  [ RunTime:0.0010s ]
SQL: SHOW COLUMNS FROM `ur7_admin_auth_action` [ RunTime:0.0060s ]
SQL: SELECT * FROM `ur7_admin_auth_action` WHERE `group` = 'Content' AND `controller` = 'Content' AND `action` = 'editpage' LIMIT 1   [ RunTime:0.0010s ]
SQL: SHOW COLUMNS FROM `ur7_page` [ RunTime:0.0060s ]
SQL: SELECT * FROM `ur7_page` WHERE `cid` = 10 LIMIT 1   [ RunTime:0.0000s ]
NOTIC: [8] Undefined variable: group_id F:\xampp\htdocs\DreamCMSCN\Template\Admin\bootstrap\Layout\layout.php 第 76 行.
SQL: SHOW COLUMNS FROM `ur7_category` [ RunTime:0.0050s ]
SQL: SELECT * FROM `ur7_category`  [ RunTime:0.0000s ]
INFO: [ view_filter ] --START--
INFO: Run Behavior\WriteHtmlCacheBehavior [ RunTime:0.000000s ]
INFO: [ view_filter ] --END-- [ RunTime:0.000000s ]
NOTIC: [8] Use of undefined constant ADMIN_OR_SITE - assumed 'ADMIN_OR_SITE' F:\xampp\htdocs\DreamCMSCN\Config\functions.php 第 246 行.
NOTIC: [2048] Declaration of Common\Controller\SitevhookController::display() should be compatible with Think\Controller::display($templateFile = '', $charset = '', $contentType = '', $content = '', $prefix = '') F:\xampp\htdocs\DreamCMSCN\Plugin\Common\Controller\SitevhookController.class.php 第 38 行.
NOTIC: [8] Undefined index: Ueditor\Hook\Vhook F:\xampp\htdocs\DreamCMSCN\Config\functions.php 第 260 行.
INFO: [ view_filter ] --START--
INFO: Run Behavior\WriteHtmlCacheBehavior [ RunTime:0.000000s ]
INFO: [ view_filter ] --END-- [ RunTime:-0.005000s ]
NOTIC: [8] Undefined variable: validator F:\xampp\htdocs\DreamCMSCN\Template\Admin\bootstrap\Content\Content\editpage.php 第 86 行.
NOTIC: [8] Undefined variable: controller_id F:\xampp\htdocs\DreamCMSCN\Template\Admin\bootstrap\Layout\layout.php 第 344 行.
NOTIC: [8] Undefined variable: action_id F:\xampp\htdocs\DreamCMSCN\Template\Admin\bootstrap\Layout\layout.php 第 360 行.
INFO: [ view_filter ] --START--
INFO: Run Behavior\WriteHtmlCacheBehavior [ RunTime:0.000000s ]
INFO: [ view_filter ] --END-- [ RunTime:-0.006000s ]
INFO: [ app_end ] --START--
INFO: Run Behavior\ShowPageTraceBehavior [ RunTime:0.002000s ]
INFO: [ app_end ] --END-- [ RunTime:0.002000s ]

[ 2015-04-17T21:26:54+08:00 ] 127.0.0.1 /DreamCMSCN/admin.php/Content/Content/editpage/mid/-1/cid/12.html
INFO: [ app_init ] --START--
INFO: Run Behavior\BuildLiteBehavior [ RunTime:0.000000s ]
INFO: [ app_init ] --END-- [ RunTime:0.000000s ]
INFO: [ app_begin ] --START--
INFO: Run Behavior\ReadHtmlCacheBehavior [ RunTime:0.001000s ]
INFO: Run Behavior\FlChkLangBehavior [ RunTime:0.001000s ]
INFO: [ app_begin ] --END-- [ RunTime:0.002000s ]
NOTIC: [2048] Declaration of Auth\Controller\AuthbaseController::display() should be compatible with Think\Controller::display($templateFile = '', $charset = '', $contentType = '', $content = '', $prefix = '') F:\xampp\htdocs\DreamCMSCN\Admin\Auth\Controller\AuthbaseController.class.php 第 8 行.
NOTIC: [8] Use of undefined constant TMPL_PATH - assumed 'TMPL_PATH' F:\xampp\htdocs\DreamCMSCN\Admin\Common\Controller\AdminbaseController.class.php 第 14 行.
SQL: SHOW COLUMNS FROM `ur7_admin_auth_group` [ RunTime:0.0050s ]
SQL: SELECT * FROM `ur7_admin_auth_group` ORDER BY sort  [ RunTime:0.0000s ]
SQL: SHOW COLUMNS FROM `ur7_admin_auth_action` [ RunTime:0.0050s ]
SQL: SELECT * FROM `ur7_admin_auth_action` WHERE `group` = 'Content' AND `controller` = 'Content' AND `action` = 'editpage' LIMIT 1   [ RunTime:0.0010s ]
SQL: SHOW COLUMNS FROM `ur7_page` [ RunTime:0.0050s ]
SQL: SELECT * FROM `ur7_page` WHERE `cid` = 12 LIMIT 1   [ RunTime:0.0000s ]
NOTIC: [8] Undefined variable: group_id F:\xampp\htdocs\DreamCMSCN\Template\Admin\bootstrap\Layout\layout.php 第 76 行.
SQL: SHOW COLUMNS FROM `ur7_category` [ RunTime:0.0040s ]
SQL: SELECT * FROM `ur7_category`  [ RunTime:0.0010s ]
INFO: [ view_filter ] --START--
INFO: Run Behavior\WriteHtmlCacheBehavior [ RunTime:0.000000s ]
INFO: [ view_filter ] --END-- [ RunTime:0.000000s ]
NOTIC: [8] Use of undefined constant ADMIN_OR_SITE - assumed 'ADMIN_OR_SITE' F:\xampp\htdocs\DreamCMSCN\Config\functions.php 第 246 行.
NOTIC: [2048] Declaration of Common\Controller\SitevhookController::display() should be compatible with Think\Controller::display($templateFile = '', $charset = '', $contentType = '', $content = '', $prefix = '') F:\xampp\htdocs\DreamCMSCN\Plugin\Common\Controller\SitevhookController.class.php 第 38 行.
NOTIC: [8] Undefined index: Ueditor\Hook\Vhook F:\xampp\htdocs\DreamCMSCN\Config\functions.php 第 260 行.
INFO: [ view_filter ] --START--
INFO: Run Behavior\WriteHtmlCacheBehavior [ RunTime:0.000000s ]
INFO: [ view_filter ] --END-- [ RunTime:-0.004001s ]
NOTIC: [8] Undefined variable: validator F:\xampp\htdocs\DreamCMSCN\Template\Admin\bootstrap\Content\Content\editpage.php 第 86 行.
NOTIC: [8] Undefined variable: controller_id F:\xampp\htdocs\DreamCMSCN\Template\Admin\bootstrap\Layout\layout.php 第 344 行.
NOTIC: [8] Undefined variable: action_id F:\xampp\htdocs\DreamCMSCN\Template\Admin\bootstrap\Layout\layout.php 第 360 行.
INFO: [ view_filter ] --START--
INFO: Run Behavior\WriteHtmlCacheBehavior [ RunTime:0.000000s ]
INFO: [ view_filter ] --END-- [ RunTime:-0.005001s ]
INFO: [ app_end ] --START--
INFO: Run Behavior\ShowPageTraceBehavior [ RunTime:0.001000s ]
INFO: [ app_end ] --END-- [ RunTime:0.001000s ]

[ 2015-04-17T22:12:23+08:00 ] 127.0.0.1 /DreamCMSCN/admin.php/Content/Content/index.html
INFO: [ app_init ] --START--
INFO: Run Behavior\BuildLiteBehavior [ RunTime:0.000000s ]
INFO: [ app_init ] --END-- [ RunTime:0.000000s ]
INFO: [ app_begin ] --START--
INFO: Run Behavior\ReadHtmlCacheBehavior [ RunTime:0.001000s ]
INFO: Run Behavior\FlChkLangBehavior [ RunTime:0.005001s ]
INFO: [ app_begin ] --END-- [ RunTime:0.006001s ]
NOTIC: [2048] Declaration of Auth\Controller\AuthbaseController::display() should be compatible with Think\Controller::display($templateFile = '', $charset = '', $contentType = '', $content = '', $prefix = '') F:\xampp\htdocs\DreamCMSCN\Admin\Auth\Controller\AuthbaseController.class.php 第 8 行.
NOTIC: [8] Use of undefined constant TMPL_PATH - assumed 'TMPL_PATH' F:\xampp\htdocs\DreamCMSCN\Admin\Common\Controller\AdminbaseController.class.php 第 14 行.
SQL: SHOW COLUMNS FROM `ur7_admin_auth_group` [ RunTime:0.0090s ]
SQL: SELECT * FROM `ur7_admin_auth_group` ORDER BY sort  [ RunTime:0.0010s ]
SQL: SHOW COLUMNS FROM `ur7_admin_auth_action` [ RunTime:0.0110s ]
SQL: SHOW COLUMNS FROM `ur7_model` [ RunTime:0.0040s ]
SQL: SELECT * FROM `ur7_model`  [ RunTime:0.0010s ]
SQL: SHOW COLUMNS FROM `ur7_category` [ RunTime:0.0060s ]
SQL: SELECT * FROM `ur7_category`  [ RunTime:0.0000s ]
INFO: [ view_filter ] --START--
INFO: Run Behavior\WriteHtmlCacheBehavior [ RunTime:0.008000s ]
INFO: [ view_filter ] --END-- [ RunTime:0.008000s ]
INFO: [ view_filter ] --START--
INFO: Run Behavior\WriteHtmlCacheBehavior [ RunTime:0.000000s ]
INFO: [ view_filter ] --END-- [ RunTime:-0.002000s ]
INFO: [ app_end ] --START--
INFO: Run Behavior\ShowPageTraceBehavior [ RunTime:0.002000s ]
INFO: [ app_end ] --END-- [ RunTime:0.002000s ]

[ 2015-04-17T22:12:31+08:00 ] 127.0.0.1 /DreamCMSCN/admin.php/Content/Content/contentlist/mid/30/cid/6.html
INFO: [ app_init ] --START--
INFO: Run Behavior\BuildLiteBehavior [ RunTime:0.000000s ]
INFO: [ app_init ] --END-- [ RunTime:0.000000s ]
INFO: [ app_begin ] --START--
INFO: Run Behavior\ReadHtmlCacheBehavior [ RunTime:0.001000s ]
INFO: Run Behavior\FlChkLangBehavior [ RunTime:0.001000s ]
INFO: [ app_begin ] --END-- [ RunTime:0.002000s ]
NOTIC: [2048] Declaration of Auth\Controller\AuthbaseController::display() should be compatible with Think\Controller::display($templateFile = '', $charset = '', $contentType = '', $content = '', $prefix = '') F:\xampp\htdocs\DreamCMSCN\Admin\Auth\Controller\AuthbaseController.class.php 第 8 行.
NOTIC: [8] Use of undefined constant TMPL_PATH - assumed 'TMPL_PATH' F:\xampp\htdocs\DreamCMSCN\Admin\Common\Controller\AdminbaseController.class.php 第 14 行.
SQL: SHOW COLUMNS FROM `ur7_admin_auth_group` [ RunTime:0.0210s ]
SQL: SELECT * FROM `ur7_admin_auth_group` ORDER BY sort  [ RunTime:0.0020s ]
SQL: SHOW COLUMNS FROM `ur7_admin_auth_action` [ RunTime:0.0090s ]
SQL: SELECT * FROM `ur7_admin_auth_action` WHERE `group` = 'Content' AND `controller` = 'Content' AND `action` = 'contentlist' LIMIT 1   [ RunTime:0.0010s ]
SQL: SHOW COLUMNS FROM `ur7_category` [ RunTime:0.0040s ]
SQL: SELECT * FROM `ur7_category` WHERE `id` = 6 LIMIT 1   [ RunTime:0.0010s ]
SQL: SHOW COLUMNS FROM `ur7_model` [ RunTime:0.0030s ]
SQL: SELECT * FROM `ur7_model` WHERE `id` = 30 LIMIT 1   [ RunTime:0.0000s ]
NOTIC: [2048] Declaration of Model\ContentModel::add() should be compatible with Think\Model::add($data = '', $options = Array, $replace = false) F:\xampp\htdocs\DreamCMSCN\Model\ContentModel.class.php 第 9 行.
SQL: SHOW COLUMNS FROM `ur7_article` [ RunTime:0.0050s ]
SQL: SELECT * FROM `ur7_article` WHERE `cid` = 6 LIMIT 0,20   [ RunTime:0.0000s ]
NOTIC: [8] Undefined variable: group_id F:\xampp\htdocs\DreamCMSCN\Template\Admin\bootstrap\Layout\layout.php 第 76 行.
SQL: SELECT * FROM `ur7_category`  [ RunTime:0.0000s ]
INFO: [ view_filter ] --START--
INFO: Run Behavior\WriteHtmlCacheBehavior [ RunTime:0.000000s ]
INFO: [ view_filter ] --END-- [ RunTime:0.000000s ]
NOTIC: [8] Undefined variable: controller_id F:\xampp\htdocs\DreamCMSCN\Template\Admin\bootstrap\Layout\layout.php 第 344 行.
NOTIC: [8] Undefined variable: action_id F:\xampp\htdocs\DreamCMSCN\Template\Admin\bootstrap\Layout\layout.php 第 360 行.
INFO: [ view_filter ] --START--
INFO: Run Behavior\WriteHtmlCacheBehavior [ RunTime:0.000000s ]
INFO: [ view_filter ] --END-- [ RunTime:-0.001001s ]
INFO: [ app_end ] --START--
INFO: Run Behavior\ShowPageTraceBehavior [ RunTime:0.000000s ]
INFO: [ app_end ] --END-- [ RunTime:0.000000s ]

[ 2015-04-17T22:12:34+08:00 ] 127.0.0.1 /DreamCMSCN/admin.php/Content/Content/contentlist/mid/30/cid/8.html
INFO: [ app_init ] --START--
INFO: Run Behavior\BuildLiteBehavior [ RunTime:0.000000s ]
INFO: [ app_init ] --END-- [ RunTime:0.001000s ]
INFO: [ app_begin ] --START--
INFO: Run Behavior\ReadHtmlCacheBehavior [ RunTime:0.000000s ]
INFO: Run Behavior\FlChkLangBehavior [ RunTime:0.002000s ]
INFO: [ app_begin ] --END-- [ RunTime:0.003000s ]
NOTIC: [2048] Declaration of Auth\Controller\AuthbaseController::display() should be compatible with Think\Controller::display($templateFile = '', $charset = '', $contentType = '', $content = '', $prefix = '') F:\xampp\htdocs\DreamCMSCN\Admin\Auth\Controller\AuthbaseController.class.php 第 8 行.
NOTIC: [8] Use of undefined constant TMPL_PATH - assumed 'TMPL_PATH' F:\xampp\htdocs\DreamCMSCN\Admin\Common\Controller\AdminbaseController.class.php 第 14 行.
SQL: SHOW COLUMNS FROM `ur7_admin_auth_group` [ RunTime:0.0080s ]
SQL: SELECT * FROM `ur7_admin_auth_group` ORDER BY sort  [ RunTime:0.0080s ]
SQL: SHOW COLUMNS FROM `ur7_admin_auth_action` [ RunTime:0.0110s ]
SQL: SELECT * FROM `ur7_admin_auth_action` WHERE `group` = 'Content' AND `controller` = 'Content' AND `action` = 'contentlist' LIMIT 1   [ RunTime:0.0000s ]
SQL: SHOW COLUMNS FROM `ur7_category` [ RunTime:0.0070s ]
SQL: SELECT * FROM `ur7_category` WHERE `id` = 8 LIMIT 1   [ RunTime:0.0010s ]
SQL: SHOW COLUMNS FROM `ur7_model` [ RunTime:0.0080s ]
SQL: SELECT * FROM `ur7_model` WHERE `id` = 30 LIMIT 1   [ RunTime:0.0010s ]
NOTIC: [2048] Declaration of Model\ContentModel::add() should be compatible with Think\Model::add($data = '', $options = Array, $replace = false) F:\xampp\htdocs\DreamCMSCN\Model\ContentModel.class.php 第 9 行.
SQL: SHOW COLUMNS FROM `ur7_article` [ RunTime:0.0050s ]
SQL: SELECT * FROM `ur7_article` WHERE `cid` = 8 LIMIT 0,20   [ RunTime:0.0010s ]
NOTIC: [8] Undefined variable: group_id F:\xampp\htdocs\DreamCMSCN\Template\Admin\bootstrap\Layout\layout.php 第 76 行.
SQL: SELECT * FROM `ur7_category`  [ RunTime:0.0010s ]
INFO: [ view_filter ] --START--
INFO: Run Behavior\WriteHtmlCacheBehavior [ RunTime:0.001000s ]
INFO: [ view_filter ] --END-- [ RunTime:0.001000s ]
NOTIC: [8] Undefined variable: controller_id F:\xampp\htdocs\DreamCMSCN\Template\Admin\bootstrap\Layout\layout.php 第 344 行.
NOTIC: [8] Undefined variable: action_id F:\xampp\htdocs\DreamCMSCN\Template\Admin\bootstrap\Layout\layout.php 第 360 行.
INFO: [ view_filter ] --START--
INFO: Run Behavior\WriteHtmlCacheBehavior [ RunTime:0.000000s ]
INFO: [ view_filter ] --END-- [ RunTime:-0.001000s ]
INFO: [ app_end ] --START--
INFO: Run Behavior\ShowPageTraceBehavior [ RunTime:0.001000s ]
INFO: [ app_end ] --END-- [ RunTime:0.001000s ]

[ 2015-04-17T22:12:37+08:00 ] 127.0.0.1 /DreamCMSCN/admin.php/Content/Content/contentlist/mid/30/cid/6.html
INFO: [ app_init ] --START--
INFO: Run Behavior\BuildLiteBehavior [ RunTime:0.000000s ]
INFO: [ app_init ] --END-- [ RunTime:0.001000s ]
INFO: [ app_begin ] --START--
INFO: Run Behavior\ReadHtmlCacheBehavior [ RunTime:0.001000s ]
INFO: Run Behavior\FlChkLangBehavior [ RunTime:0.002000s ]
INFO: [ app_begin ] --END-- [ RunTime:0.003000s ]
NOTIC: [2048] Declaration of Auth\Controller\AuthbaseController::display() should be compatible with Think\Controller::display($templateFile = '', $charset = '', $contentType = '', $content = '', $prefix = '') F:\xampp\htdocs\DreamCMSCN\Admin\Auth\Controller\AuthbaseController.class.php 第 8 行.
NOTIC: [8] Use of undefined constant TMPL_PATH - assumed 'TMPL_PATH' F:\xampp\htdocs\DreamCMSCN\Admin\Common\Controller\AdminbaseController.class.php 第 14 行.
SQL: SHOW COLUMNS FROM `ur7_admin_auth_group` [ RunTime:0.0040s ]
SQL: SELECT * FROM `ur7_admin_auth_group` ORDER BY sort  [ RunTime:0.0010s ]
SQL: SHOW COLUMNS FROM `ur7_admin_auth_action` [ RunTime:0.0030s ]
SQL: SELECT * FROM `ur7_admin_auth_action` WHERE `group` = 'Content' AND `controller` = 'Content' AND `action` = 'contentlist' LIMIT 1   [ RunTime:0.0010s ]
SQL: SHOW COLUMNS FROM `ur7_category` [ RunTime:0.0040s ]
SQL: SELECT * FROM `ur7_category` WHERE `id` = 6 LIMIT 1   [ RunTime:0.0010s ]
SQL: SHOW COLUMNS FROM `ur7_model` [ RunTime:0.0040s ]
SQL: SELECT * FROM `ur7_model` WHERE `id` = 30 LIMIT 1   [ RunTime:0.0000s ]
NOTIC: [2048] Declaration of Model\ContentModel::add() should be compatible with Think\Model::add($data = '', $options = Array, $replace = false) F:\xampp\htdocs\DreamCMSCN\Model\ContentModel.class.php 第 9 行.
SQL: SHOW COLUMNS FROM `ur7_article` [ RunTime:0.0060s ]
SQL: SELECT * FROM `ur7_article` WHERE `cid` = 6 LIMIT 0,20   [ RunTime:0.0010s ]
NOTIC: [8] Undefined variable: group_id F:\xampp\htdocs\DreamCMSCN\Template\Admin\bootstrap\Layout\layout.php 第 76 行.
SQL: SELECT * FROM `ur7_category`  [ RunTime:0.0000s ]
INFO: [ view_filter ] --START--
INFO: Run Behavior\WriteHtmlCacheBehavior [ RunTime:0.001000s ]
INFO: [ view_filter ] --END-- [ RunTime:0.001000s ]
NOTIC: [8] Undefined variable: controller_id F:\xampp\htdocs\DreamCMSCN\Template\Admin\bootstrap\Layout\layout.php 第 344 行.
NOTIC: [8] Undefined variable: action_id F:\xampp\htdocs\DreamCMSCN\Template\Admin\bootstrap\Layout\layout.php 第 360 行.
INFO: [ view_filter ] --START--
INFO: Run Behavior\WriteHtmlCacheBehavior [ RunTime:0.000000s ]
INFO: [ view_filter ] --END-- [ RunTime:-0.001000s ]
INFO: [ app_end ] --START--
INFO: Run Behavior\ShowPageTraceBehavior [ RunTime:0.001000s ]
INFO: [ app_end ] --END-- [ RunTime:0.001000s ]

[ 2015-04-17T22:12:40+08:00 ] 127.0.0.1 /DreamCMSCN/admin.php/Content/Content/contentlist/mid/30/cid/7.html
INFO: [ app_init ] --START--
INFO: Run Behavior\BuildLiteBehavior [ RunTime:0.000000s ]
INFO: [ app_init ] --END-- [ RunTime:0.000000s ]
INFO: [ app_begin ] --START--
INFO: Run Behavior\ReadHtmlCacheBehavior [ RunTime:0.000000s ]
INFO: Run Behavior\FlChkLangBehavior [ RunTime:0.002001s ]
INFO: [ app_begin ] --END-- [ RunTime:0.002001s ]
NOTIC: [2048] Declaration of Auth\Controller\AuthbaseController::display() should be compatible with Think\Controller::display($templateFile = '', $charset = '', $contentType = '', $content = '', $prefix = '') F:\xampp\htdocs\DreamCMSCN\Admin\Auth\Controller\AuthbaseController.class.php 第 8 行.
NOTIC: [8] Use of undefined constant TMPL_PATH - assumed 'TMPL_PATH' F:\xampp\htdocs\DreamCMSCN\Admin\Common\Controller\AdminbaseController.class.php 第 14 行.
SQL: SHOW COLUMNS FROM `ur7_admin_auth_group` [ RunTime:0.0120s ]
SQL: SELECT * FROM `ur7_admin_auth_group` ORDER BY sort  [ RunTime:0.0010s ]
SQL: SHOW COLUMNS FROM `ur7_admin_auth_action` [ RunTime:0.0080s ]
SQL: SELECT * FROM `ur7_admin_auth_action` WHERE `group` = 'Content' AND `controller` = 'Content' AND `action` = 'contentlist' LIMIT 1   [ RunTime:0.0010s ]
SQL: SHOW COLUMNS FROM `ur7_category` [ RunTime:0.0080s ]
SQL: SELECT * FROM `ur7_category` WHERE `id` = 7 LIMIT 1   [ RunTime:0.0000s ]
SQL: SHOW COLUMNS FROM `ur7_model` [ RunTime:0.0040s ]
SQL: SELECT * FROM `ur7_model` WHERE `id` = 30 LIMIT 1   [ RunTime:0.0000s ]
NOTIC: [2048] Declaration of Model\ContentModel::add() should be compatible with Think\Model::add($data = '', $options = Array, $replace = false) F:\xampp\htdocs\DreamCMSCN\Model\ContentModel.class.php 第 9 行.
SQL: SHOW COLUMNS FROM `ur7_article` [ RunTime:0.0040s ]
SQL: SELECT * FROM `ur7_article` WHERE `cid` = 7 LIMIT 0,20   [ RunTime:0.0010s ]
NOTIC: [8] Undefined variable: group_id F:\xampp\htdocs\DreamCMSCN\Template\Admin\bootstrap\Layout\layout.php 第 76 行.
SQL: SELECT * FROM `ur7_category`  [ RunTime:0.0000s ]
INFO: [ view_filter ] --START--
INFO: Run Behavior\WriteHtmlCacheBehavior [ RunTime:0.001000s ]
INFO: [ view_filter ] --END-- [ RunTime:0.001000s ]
NOTIC: [8] Undefined variable: controller_id F:\xampp\htdocs\DreamCMSCN\Template\Admin\bootstrap\Layout\layout.php 第 344 行.
NOTIC: [8] Undefined variable: action_id F:\xampp\htdocs\DreamCMSCN\Template\Admin\bootstrap\Layout\layout.php 第 360 行.
INFO: [ view_filter ] --START--
INFO: Run Behavior\WriteHtmlCacheBehavior [ RunTime:0.000000s ]
INFO: [ view_filter ] --END-- [ RunTime:-0.001000s ]
INFO: [ app_end ] --START--
INFO: Run Behavior\ShowPageTraceBehavior [ RunTime:0.001000s ]
INFO: [ app_end ] --END-- [ RunTime:0.001000s ]

[ 2015-04-17T22:12:41+08:00 ] 127.0.0.1 /DreamCMSCN/admin.php/Content/Content/contentlist/mid/30/cid/8.html
INFO: [ app_init ] --START--
INFO: Run Behavior\BuildLiteBehavior [ RunTime:0.000000s ]
INFO: [ app_init ] --END-- [ RunTime:0.001000s ]
INFO: [ app_begin ] --START--
INFO: Run Behavior\ReadHtmlCacheBehavior [ RunTime:0.001000s ]
INFO: Run Behavior\FlChkLangBehavior [ RunTime:0.002001s ]
INFO: [ app_begin ] --END-- [ RunTime:0.003001s ]
NOTIC: [2048] Declaration of Auth\Controller\AuthbaseController::display() should be compatible with Think\Controller::display($templateFile = '', $charset = '', $contentType = '', $content = '', $prefix = '') F:\xampp\htdocs\DreamCMSCN\Admin\Auth\Controller\AuthbaseController.class.php 第 8 行.
NOTIC: [8] Use of undefined constant TMPL_PATH - assumed 'TMPL_PATH' F:\xampp\htdocs\DreamCMSCN\Admin\Common\Controller\AdminbaseController.class.php 第 14 行.
SQL: SHOW COLUMNS FROM `ur7_admin_auth_group` [ RunTime:0.0050s ]
SQL: SELECT * FROM `ur7_admin_auth_group` ORDER BY sort  [ RunTime:0.0010s ]
SQL: SHOW COLUMNS FROM `ur7_admin_auth_action` [ RunTime:0.0040s ]
SQL: SELECT * FROM `ur7_admin_auth_action` WHERE `group` = 'Content' AND `controller` = 'Content' AND `action` = 'contentlist' LIMIT 1   [ RunTime:0.0000s ]
SQL: SHOW COLUMNS FROM `ur7_category` [ RunTime:0.0040s ]
SQL: SELECT * FROM `ur7_category` WHERE `id` = 8 LIMIT 1   [ RunTime:0.0010s ]
SQL: SHOW COLUMNS FROM `ur7_model` [ RunTime:0.0040s ]
SQL: SELECT * FROM `ur7_model` WHERE `id` = 30 LIMIT 1   [ RunTime:0.0000s ]
NOTIC: [2048] Declaration of Model\ContentModel::add() should be compatible with Think\Model::add($data = '', $options = Array, $replace = false) F:\xampp\htdocs\DreamCMSCN\Model\ContentModel.class.php 第 9 行.
SQL: SHOW COLUMNS FROM `ur7_article` [ RunTime:0.0050s ]
SQL: SELECT * FROM `ur7_article` WHERE `cid` = 8 LIMIT 0,20   [ RunTime:0.0000s ]
NOTIC: [8] Undefined variable: group_id F:\xampp\htdocs\DreamCMSCN\Template\Admin\bootstrap\Layout\layout.php 第 76 行.
SQL: SELECT * FROM `ur7_category`  [ RunTime:0.0010s ]
INFO: [ view_filter ] --START--
INFO: Run Behavior\WriteHtmlCacheBehavior [ RunTime:0.000000s ]
INFO: [ view_filter ] --END-- [ RunTime:0.000000s ]
NOTIC: [8] Undefined variable: controller_id F:\xampp\htdocs\DreamCMSCN\Template\Admin\bootstrap\Layout\layout.php 第 344 行.
NOTIC: [8] Undefined variable: action_id F:\xampp\htdocs\DreamCMSCN\Template\Admin\bootstrap\Layout\layout.php 第 360 行.
INFO: [ view_filter ] --START--
INFO: Run Behavior\WriteHtmlCacheBehavior [ RunTime:0.000000s ]
INFO: [ view_filter ] --END-- [ RunTime:-0.001000s ]
INFO: [ app_end ] --START--
INFO: Run Behavior\ShowPageTraceBehavior [ RunTime:0.001000s ]
INFO: [ app_end ] --END-- [ RunTime:0.001000s ]

[ 2015-04-17T22:12:43+08:00 ] 127.0.0.1 /DreamCMSCN/admin.php/Content/Content/add/cid/8.html
INFO: [ app_init ] --START--
INFO: Run Behavior\BuildLiteBehavior [ RunTime:0.000000s ]
INFO: [ app_init ] --END-- [ RunTime:0.001000s ]
INFO: [ app_begin ] --START--
INFO: Run Behavior\ReadHtmlCacheBehavior [ RunTime:0.001000s ]
INFO: Run Behavior\FlChkLangBehavior [ RunTime:0.001000s ]
INFO: [ app_begin ] --END-- [ RunTime:0.002000s ]
NOTIC: [2048] Declaration of Auth\Controller\AuthbaseController::display() should be compatible with Think\Controller::display($templateFile = '', $charset = '', $contentType = '', $content = '', $prefix = '') F:\xampp\htdocs\DreamCMSCN\Admin\Auth\Controller\AuthbaseController.class.php 第 8 行.
NOTIC: [8] Use of undefined constant TMPL_PATH - assumed 'TMPL_PATH' F:\xampp\htdocs\DreamCMSCN\Admin\Common\Controller\AdminbaseController.class.php 第 14 行.
SQL: SHOW COLUMNS FROM `ur7_admin_auth_group` [ RunTime:0.0050s ]
SQL: SELECT * FROM `ur7_admin_auth_group` ORDER BY sort  [ RunTime:0.0010s ]
SQL: SHOW COLUMNS FROM `ur7_admin_auth_action` [ RunTime:0.0060s ]
SQL: SHOW COLUMNS FROM `ur7_category` [ RunTime:0.0050s ]
SQL: SELECT * FROM `ur7_category` WHERE `id` = 8 LIMIT 1   [ RunTime:0.0000s ]
SQL: SHOW COLUMNS FROM `ur7_model_field` [ RunTime:0.0050s ]
SQL: SELECT * FROM `ur7_model_field` WHERE `mid` = 30  [ RunTime:0.0000s ]
SQL: SELECT * FROM `ur7_category`  [ RunTime:0.0010s ]
INFO: [ view_filter ] --START--
INFO: Run Behavior\WriteHtmlCacheBehavior [ RunTime:0.001000s ]
INFO: [ view_filter ] --END-- [ RunTime:0.001000s ]
NOTIC: [8] Undefined index: content F:\xampp\htdocs\DreamCMSCN\Core\Library\Org\Helper\CForm.class.php 第 51 行.
NOTIC: [8] Undefined index: content F:\xampp\htdocs\DreamCMSCN\Core\Library\Org\Helper\CForm.class.php 第 51 行.
NOTIC: [8] Undefined index: content F:\xampp\htdocs\DreamCMSCN\Core\Library\Org\Helper\CForm.class.php 第 61 行.
SQL: SELECT * FROM `ur7_category` WHERE `id` = 8 LIMIT 1   [ RunTime:0.0010s ]
NOTIC: [8] Use of undefined constant ADMIN_OR_SITE - assumed 'ADMIN_OR_SITE' F:\xampp\htdocs\DreamCMSCN\Config\functions.php 第 246 行.
NOTIC: [2048] Declaration of Common\Controller\SitevhookController::display() should be compatible with Think\Controller::display($templateFile = '', $charset = '', $contentType = '', $content = '', $prefix = '') F:\xampp\htdocs\DreamCMSCN\Plugin\Common\Controller\SitevhookController.class.php 第 38 行.
NOTIC: [8] Undefined index: Webupload\Hook\Vhook F:\xampp\htdocs\DreamCMSCN\Config\functions.php 第 260 行.
NOTIC: [8] Undefined index: content F:\xampp\htdocs\DreamCMSCN\Template\Plugin\WebUpload\Hook\thumbupload.php 第 18 行.
NOTIC: [8] Undefined index: content F:\xampp\htdocs\DreamCMSCN\Template\Plugin\WebUpload\Hook\thumbupload.php 第 32 行.
NOTIC: [8] Undefined index: content F:\xampp\htdocs\DreamCMSCN\Template\Plugin\WebUpload\Hook\thumbupload.php 第 33 行.
NOTIC: [8] Undefined index: content F:\xampp\htdocs\DreamCMSCN\Template\Plugin\WebUpload\Hook\thumbupload.php 第 45 行.
INFO: [ view_filter ] --START--
INFO: Run Behavior\WriteHtmlCacheBehavior [ RunTime:0.000000s ]
INFO: [ view_filter ] --END-- [ RunTime:-0.040002s ]
NOTIC: [8] Use of undefined constant ADMIN_OR_SITE - assumed 'ADMIN_OR_SITE' F:\xampp\htdocs\DreamCMSCN\Config\functions.php 第 246 行.
NOTIC: [8] Undefined index: Ueditor\Hook\Vhook F:\xampp\htdocs\DreamCMSCN\Config\functions.php 第 260 行.
NOTIC: [8] Undefined index: content F:\xampp\htdocs\DreamCMSCN\Template\Plugin\Ueditor\Hook\ueditor.php 第 6 行.
INFO: [ view_filter ] --START--
INFO: Run Behavior\WriteHtmlCacheBehavior [ RunTime:0.000000s ]
INFO: [ view_filter ] --END-- [ RunTime:-0.059003s ]
SQL: SHOW COLUMNS FROM `ur7_position` [ RunTime:0.0050s ]
SQL: SELECT * FROM `ur7_position`  [ RunTime:0.0010s ]
NOTIC: [8] Undefined index: content F:\xampp\htdocs\DreamCMSCN\Core\Library\Org\Helper\CForm.class.php 第 72 行.
NOTIC: [8] Undefined variable: mid F:\xampp\htdocs\DreamCMSCN\Template\Admin\bootstrap\Content\Content\add.php 第 43 行.
INFO: [ view_filter ] --START--
INFO: Run Behavior\WriteHtmlCacheBehavior [ RunTime:0.000000s ]
INFO: [ view_filter ] --END-- [ RunTime:-0.070004s ]
INFO: [ app_end ] --START--
INFO: Run Behavior\ShowPageTraceBehavior [ RunTime:0.001000s ]
INFO: [ app_end ] --END-- [ RunTime:0.001000s ]

[ 2015-04-17T22:13:29+08:00 ] 127.0.0.1 /DreamCMSCN/admin.php/Content/Position/positionlist.html
INFO: [ app_init ] --START--
INFO: Run Behavior\BuildLiteBehavior [ RunTime:0.000000s ]
INFO: [ app_init ] --END-- [ RunTime:0.001000s ]
INFO: [ app_begin ] --START--
INFO: Run Behavior\ReadHtmlCacheBehavior [ RunTime:0.000000s ]
INFO: Run Behavior\FlChkLangBehavior [ RunTime:0.007000s ]
INFO: [ app_begin ] --END-- [ RunTime:0.007000s ]
NOTIC: [2048] Declaration of Auth\Controller\AuthbaseController::display() should be compatible with Think\Controller::display($templateFile = '', $charset = '', $contentType = '', $content = '', $prefix = '') F:\xampp\htdocs\DreamCMSCN\Admin\Auth\Controller\AuthbaseController.class.php 第 8 行.
NOTIC: [8] Use of undefined constant TMPL_PATH - assumed 'TMPL_PATH' F:\xampp\htdocs\DreamCMSCN\Admin\Common\Controller\AdminbaseController.class.php 第 14 行.
SQL: SHOW COLUMNS FROM `ur7_admin_auth_group` [ RunTime:0.0210s ]
SQL: SELECT * FROM `ur7_admin_auth_group` ORDER BY sort  [ RunTime:0.0000s ]
SQL: SHOW COLUMNS FROM `ur7_admin_auth_action` [ RunTime:0.0610s ]
SQL: SELECT * FROM `ur7_admin_auth_action` WHERE `group` = 'Content' AND `controller` = 'Position' AND `action` = 'positionlist' LIMIT 1   [ RunTime:0.0010s ]
SQL: SHOW COLUMNS FROM `ur7_position` [ RunTime:0.0050s ]
SQL: SELECT * FROM `ur7_position`  [ RunTime:0.0020s ]
INFO: [ view_filter ] --START--
INFO: Run Behavior\WriteHtmlCacheBehavior [ RunTime:0.001000s ]
INFO: [ view_filter ] --END-- [ RunTime:0.001000s ]
INFO: [ app_end ] --START--
INFO: Run Behavior\ShowPageTraceBehavior [ RunTime:0.001000s ]
INFO: [ app_end ] --END-- [ RunTime:0.001000s ]

[ 2015-04-17T22:13:34+08:00 ] 127.0.0.1 /DreamCMSCN/admin.php/Content/Content/index.html
INFO: [ app_init ] --START--
INFO: Run Behavior\BuildLiteBehavior [ RunTime:0.000000s ]
INFO: [ app_init ] --END-- [ RunTime:0.000000s ]
INFO: [ app_begin ] --START--
INFO: Run Behavior\ReadHtmlCacheBehavior [ RunTime:0.000000s ]
INFO: Run Behavior\FlChkLangBehavior [ RunTime:0.002000s ]
INFO: [ app_begin ] --END-- [ RunTime:0.002000s ]
NOTIC: [2048] Declaration of Auth\Controller\AuthbaseController::display() should be compatible with Think\Controller::display($templateFile = '', $charset = '', $contentType = '', $content = '', $prefix = '') F:\xampp\htdocs\DreamCMSCN\Admin\Auth\Controller\AuthbaseController.class.php 第 8 行.
NOTIC: [8] Use of undefined constant TMPL_PATH - assumed 'TMPL_PATH' F:\xampp\htdocs\DreamCMSCN\Admin\Common\Controller\AdminbaseController.class.php 第 14 行.
SQL: SHOW COLUMNS FROM `ur7_admin_auth_group` [ RunTime:0.0070s ]
SQL: SELECT * FROM `ur7_admin_auth_group` ORDER BY sort  [ RunTime:0.0000s ]
SQL: SHOW COLUMNS FROM `ur7_admin_auth_action` [ RunTime:0.0060s ]
SQL: SHOW COLUMNS FROM `ur7_model` [ RunTime:0.0040s ]
SQL: SELECT * FROM `ur7_model`  [ RunTime:0.0000s ]
SQL: SHOW COLUMNS FROM `ur7_category` [ RunTime:0.0040s ]
SQL: SELECT * FROM `ur7_category`  [ RunTime:0.0010s ]
INFO: [ view_filter ] --START--
INFO: Run Behavior\WriteHtmlCacheBehavior [ RunTime:0.001000s ]
INFO: [ view_filter ] --END-- [ RunTime:0.001000s ]
INFO: [ view_filter ] --START--
INFO: Run Behavior\WriteHtmlCacheBehavior [ RunTime:0.000000s ]
INFO: [ view_filter ] --END-- [ RunTime:-0.001000s ]
INFO: [ app_end ] --START--
INFO: Run Behavior\ShowPageTraceBehavior [ RunTime:0.001000s ]
INFO: [ app_end ] --END-- [ RunTime:0.002000s ]

[ 2015-04-17T22:20:32+08:00 ] 127.0.0.1 /DreamCMSCN/admin.php/Content/Content/index.html
INFO: [ app_init ] --START--
INFO: Run Behavior\BuildLiteBehavior [ RunTime:0.000000s ]
INFO: [ app_init ] --END-- [ RunTime:0.000000s ]
INFO: [ app_begin ] --START--
INFO: Run Behavior\ReadHtmlCacheBehavior [ RunTime:0.001000s ]
INFO: Run Behavior\FlChkLangBehavior [ RunTime:0.002000s ]
INFO: [ app_begin ] --END-- [ RunTime:0.003000s ]
NOTIC: [2048] Declaration of Auth\Controller\AuthbaseController::display() should be compatible with Think\Controller::display($templateFile = '', $charset = '', $contentType = '', $content = '', $prefix = '') F:\xampp\htdocs\DreamCMSCN\Admin\Auth\Controller\AuthbaseController.class.php 第 8 行.
NOTIC: [8] Use of undefined constant TMPL_PATH - assumed 'TMPL_PATH' F:\xampp\htdocs\DreamCMSCN\Admin\Common\Controller\AdminbaseController.class.php 第 14 行.
SQL: SHOW COLUMNS FROM `ur7_admin_auth_group` [ RunTime:0.0040s ]
SQL: SELECT * FROM `ur7_admin_auth_group` ORDER BY sort  [ RunTime:0.0000s ]
SQL: SHOW COLUMNS FROM `ur7_admin_auth_action` [ RunTime:0.0040s ]
SQL: SHOW COLUMNS FROM `ur7_model` [ RunTime:0.0040s ]
SQL: SELECT * FROM `ur7_model`  [ RunTime:0.0000s ]
SQL: SHOW COLUMNS FROM `ur7_category` [ RunTime:0.0050s ]
SQL: SELECT * FROM `ur7_category`  [ RunTime:0.0010s ]
INFO: [ view_filter ] --START--
INFO: Run Behavior\WriteHtmlCacheBehavior [ RunTime:0.001000s ]
INFO: [ view_filter ] --END-- [ RunTime:0.001000s ]
INFO: [ view_filter ] --START--
INFO: Run Behavior\WriteHtmlCacheBehavior [ RunTime:0.000000s ]
INFO: [ view_filter ] --END-- [ RunTime:-0.001000s ]
INFO: [ app_end ] --START--
INFO: Run Behavior\ShowPageTraceBehavior [ RunTime:0.001000s ]
INFO: [ app_end ] --END-- [ RunTime:0.001000s ]

[ 2015-04-17T22:20:34+08:00 ] 127.0.0.1 /DreamCMSCN/admin.php/Content/Content/contentlist/mid/30/cid/6.html
INFO: [ app_init ] --START--
INFO: Run Behavior\BuildLiteBehavior [ RunTime:0.000000s ]
INFO: [ app_init ] --END-- [ RunTime:0.001000s ]
INFO: [ app_begin ] --START--
INFO: Run Behavior\ReadHtmlCacheBehavior [ RunTime:0.001000s ]
INFO: Run Behavior\FlChkLangBehavior [ RunTime:0.002001s ]
INFO: [ app_begin ] --END-- [ RunTime:0.003001s ]
NOTIC: [2048] Declaration of Auth\Controller\AuthbaseController::display() should be compatible with Think\Controller::display($templateFile = '', $charset = '', $contentType = '', $content = '', $prefix = '') F:\xampp\htdocs\DreamCMSCN\Admin\Auth\Controller\AuthbaseController.class.php 第 8 行.
NOTIC: [8] Use of undefined constant TMPL_PATH - assumed 'TMPL_PATH' F:\xampp\htdocs\DreamCMSCN\Admin\Common\Controller\AdminbaseController.class.php 第 14 行.
SQL: SHOW COLUMNS FROM `ur7_admin_auth_group` [ RunTime:0.0040s ]
SQL: SELECT * FROM `ur7_admin_auth_group` ORDER BY sort  [ RunTime:0.0010s ]
SQL: SHOW COLUMNS FROM `ur7_admin_auth_action` [ RunTime:0.0050s ]
SQL: SELECT * FROM `ur7_admin_auth_action` WHERE `group` = 'Content' AND `controller` = 'Content' AND `action` = 'contentlist' LIMIT 1   [ RunTime:0.0000s ]
SQL: SHOW COLUMNS FROM `ur7_category` [ RunTime:0.0040s ]
SQL: SELECT * FROM `ur7_category` WHERE `id` = 6 LIMIT 1   [ RunTime:0.0010s ]
SQL: SHOW COLUMNS FROM `ur7_model` [ RunTime:0.0050s ]
SQL: SELECT * FROM `ur7_model` WHERE `id` = 30 LIMIT 1   [ RunTime:0.0010s ]
NOTIC: [2048] Declaration of Model\ContentModel::add() should be compatible with Think\Model::add($data = '', $options = Array, $replace = false) F:\xampp\htdocs\DreamCMSCN\Model\ContentModel.class.php 第 9 行.
SQL: SHOW COLUMNS FROM `ur7_article` [ RunTime:0.0050s ]
SQL: SELECT * FROM `ur7_article` WHERE `cid` = 6 LIMIT 0,20   [ RunTime:0.0010s ]
NOTIC: [8] Undefined variable: group_id F:\xampp\htdocs\DreamCMSCN\Template\Admin\bootstrap\Layout\layout.php 第 76 行.
SQL: SELECT * FROM `ur7_category`  [ RunTime:0.0010s ]
INFO: [ view_filter ] --START--
INFO: Run Behavior\WriteHtmlCacheBehavior [ RunTime:0.000000s ]
INFO: [ view_filter ] --END-- [ RunTime:0.000000s ]
NOTIC: [8] Undefined variable: controller_id F:\xampp\htdocs\DreamCMSCN\Template\Admin\bootstrap\Layout\layout.php 第 344 行.
NOTIC: [8] Undefined variable: action_id F:\xampp\htdocs\DreamCMSCN\Template\Admin\bootstrap\Layout\layout.php 第 360 行.
INFO: [ view_filter ] --START--
INFO: Run Behavior\WriteHtmlCacheBehavior [ RunTime:0.000000s ]
INFO: [ view_filter ] --END-- [ RunTime:-0.002000s ]
INFO: [ app_end ] --START--
INFO: Run Behavior\ShowPageTraceBehavior [ RunTime:0.001000s ]
INFO: [ app_end ] --END-- [ RunTime:0.001000s ]

[ 2015-04-17T22:20:36+08:00 ] 127.0.0.1 /DreamCMSCN/admin.php/Content/Content/add/cid/6.html
INFO: [ app_init ] --START--
INFO: Run Behavior\BuildLiteBehavior [ RunTime:0.000000s ]
INFO: [ app_init ] --END-- [ RunTime:0.001000s ]
INFO: [ app_begin ] --START--
INFO: Run Behavior\ReadHtmlCacheBehavior [ RunTime:0.001000s ]
INFO: Run Behavior\FlChkLangBehavior [ RunTime:0.002000s ]
INFO: [ app_begin ] --END-- [ RunTime:0.003000s ]
NOTIC: [2048] Declaration of Auth\Controller\AuthbaseController::display() should be compatible with Think\Controller::display($templateFile = '', $charset = '', $contentType = '', $content = '', $prefix = '') F:\xampp\htdocs\DreamCMSCN\Admin\Auth\Controller\AuthbaseController.class.php 第 8 行.
NOTIC: [8] Use of undefined constant TMPL_PATH - assumed 'TMPL_PATH' F:\xampp\htdocs\DreamCMSCN\Admin\Common\Controller\AdminbaseController.class.php 第 14 行.
SQL: SHOW COLUMNS FROM `ur7_admin_auth_group` [ RunTime:0.0050s ]
SQL: SELECT * FROM `ur7_admin_auth_group` ORDER BY sort  [ RunTime:0.0010s ]
SQL: SHOW COLUMNS FROM `ur7_admin_auth_action` [ RunTime:0.0070s ]
SQL: SHOW COLUMNS FROM `ur7_category` [ RunTime:0.0070s ]
SQL: SELECT * FROM `ur7_category` WHERE `id` = 6 LIMIT 1   [ RunTime:0.0010s ]
SQL: SHOW COLUMNS FROM `ur7_model_field` [ RunTime:0.0090s ]
SQL: SELECT * FROM `ur7_model_field` WHERE `mid` = 30  [ RunTime:0.0000s ]
SQL: SELECT * FROM `ur7_category`  [ RunTime:0.0000s ]
INFO: [ view_filter ] --START--
INFO: Run Behavior\WriteHtmlCacheBehavior [ RunTime:0.000000s ]
INFO: [ view_filter ] --END-- [ RunTime:0.001000s ]
NOTIC: [8] Undefined index: content F:\xampp\htdocs\DreamCMSCN\Core\Library\Org\Helper\CForm.class.php 第 51 行.
NOTIC: [8] Undefined index: content F:\xampp\htdocs\DreamCMSCN\Core\Library\Org\Helper\CForm.class.php 第 51 行.
NOTIC: [8] Undefined index: content F:\xampp\htdocs\DreamCMSCN\Core\Library\Org\Helper\CForm.class.php 第 61 行.
SQL: SELECT * FROM `ur7_category` WHERE `id` = 6 LIMIT 1   [ RunTime:0.0000s ]
NOTIC: [8] Use of undefined constant ADMIN_OR_SITE - assumed 'ADMIN_OR_SITE' F:\xampp\htdocs\DreamCMSCN\Config\functions.php 第 246 行.
NOTIC: [2048] Declaration of Common\Controller\SitevhookController::display() should be compatible with Think\Controller::display($templateFile = '', $charset = '', $contentType = '', $content = '', $prefix = '') F:\xampp\htdocs\DreamCMSCN\Plugin\Common\Controller\SitevhookController.class.php 第 38 行.
NOTIC: [8] Undefined index: Webupload\Hook\Vhook F:\xampp\htdocs\DreamCMSCN\Config\functions.php 第 260 行.
NOTIC: [8] Undefined index: content F:\xampp\htdocs\DreamCMSCN\Template\Plugin\WebUpload\Hook\thumbupload.php 第 18 行.
NOTIC: [8] Undefined index: content F:\xampp\htdocs\DreamCMSCN\Template\Plugin\WebUpload\Hook\thumbupload.php 第 32 行.
NOTIC: [8] Undefined index: content F:\xampp\htdocs\DreamCMSCN\Template\Plugin\WebUpload\Hook\thumbupload.php 第 33 行.
NOTIC: [8] Undefined index: content F:\xampp\htdocs\DreamCMSCN\Template\Plugin\WebUpload\Hook\thumbupload.php 第 45 行.
INFO: [ view_filter ] --START--
INFO: Run Behavior\WriteHtmlCacheBehavior [ RunTime:0.000000s ]
INFO: [ view_filter ] --END-- [ RunTime:-0.007001s ]
NOTIC: [8] Use of undefined constant ADMIN_OR_SITE - assumed 'ADMIN_OR_SITE' F:\xampp\htdocs\DreamCMSCN\Config\functions.php 第 246 行.
NOTIC: [8] Undefined index: Ueditor\Hook\Vhook F:\xampp\htdocs\DreamCMSCN\Config\functions.php 第 260 行.
NOTIC: [8] Undefined index: content F:\xampp\htdocs\DreamCMSCN\Template\Plugin\Ueditor\Hook\ueditor.php 第 6 行.
INFO: [ view_filter ] --START--
INFO: Run Behavior\WriteHtmlCacheBehavior [ RunTime:0.000000s ]
INFO: [ view_filter ] --END-- [ RunTime:-0.010001s ]
SQL: SHOW COLUMNS FROM `ur7_position` [ RunTime:0.0050s ]
SQL: SELECT * FROM `ur7_position`  [ RunTime:0.0010s ]
NOTIC: [8] Undefined index: content F:\xampp\htdocs\DreamCMSCN\Core\Library\Org\Helper\CForm.class.php 第 72 行.
NOTIC: [8] Undefined variable: mid F:\xampp\htdocs\DreamCMSCN\Template\Admin\bootstrap\Content\Content\add.php 第 43 行.
INFO: [ view_filter ] --START--
INFO: Run Behavior\WriteHtmlCacheBehavior [ RunTime:0.000000s ]
INFO: [ view_filter ] --END-- [ RunTime:-0.017001s ]
INFO: [ app_end ] --START--
INFO: Run Behavior\ShowPageTraceBehavior [ RunTime:0.001000s ]
INFO: [ app_end ] --END-- [ RunTime:0.001000s ]

[ 2015-04-17T22:20:41+08:00 ] 127.0.0.1 /DreamCMSCN/admin.php/Content/Category/add.html
INFO: [ app_init ] --START--
INFO: Run Behavior\BuildLiteBehavior [ RunTime:0.000000s ]
INFO: [ app_init ] --END-- [ RunTime:0.001000s ]
INFO: [ app_begin ] --START--
INFO: Run Behavior\ReadHtmlCacheBehavior [ RunTime:0.001001s ]
INFO: Run Behavior\FlChkLangBehavior [ RunTime:0.006000s ]
INFO: [ app_begin ] --END-- [ RunTime:0.007001s ]
NOTIC: [2048] Declaration of Auth\Controller\AuthbaseController::display() should be compatible with Think\Controller::display($templateFile = '', $charset = '', $contentType = '', $content = '', $prefix = '') F:\xampp\htdocs\DreamCMSCN\Admin\Auth\Controller\AuthbaseController.class.php 第 8 行.
NOTIC: [8] Use of undefined constant TMPL_PATH - assumed 'TMPL_PATH' F:\xampp\htdocs\DreamCMSCN\Admin\Common\Controller\AdminbaseController.class.php 第 14 行.
SQL: SHOW COLUMNS FROM `ur7_admin_auth_group` [ RunTime:0.0040s ]
SQL: SELECT * FROM `ur7_admin_auth_group` ORDER BY sort  [ RunTime:0.0010s ]
SQL: SHOW COLUMNS FROM `ur7_admin_auth_action` [ RunTime:0.0050s ]
NOTIC: [8] unserialize(): Error at offset 0 of 222 bytes F:\xampp\htdocs\DreamCMSCN\Core\Library\Think\Cache\Driver\File.class.php 第 104 行.
SQL: SELECT * FROM `ur7_admin_auth_action` WHERE `group` = 'Content' AND `controller` = 'Category' AND `action` = 'add' LIMIT 1   [ RunTime:0.0010s ]
SQL: SHOW COLUMNS FROM `ur7_model` [ RunTime:0.0050s ]
NOTIC: [8] Undefined index: id F:\xampp\htdocs\DreamCMSCN\Admin\Content\Controller\CategoryController.class.php 第 115 行.
SQL: SELECT * FROM `ur7_model`  [ RunTime:0.0000s ]
SQL: SHOW COLUMNS FROM `ur7_category` [ RunTime:0.0040s ]
NOTIC: [8] Undefined index: id F:\xampp\htdocs\DreamCMSCN\Admin\Content\Controller\CategoryController.class.php 第 119 行.
SQL: SELECT * FROM `ur7_category` ORDER BY sort  [ RunTime:0.0010s ]
NOTIC: [8] Undefined index: tmpl F:\xampp\htdocs\DreamCMSCN\Admin\Content\Controller\CategoryController.class.php 第 125 行.
NOTIC: [2] Invalid argument supplied for foreach() F:\xampp\htdocs\DreamCMSCN\Admin\Content\Controller\CategoryController.class.php 第 131 行.
INFO: [ view_filter ] --START--
INFO: Run Behavior\WriteHtmlCacheBehavior [ RunTime:0.001000s ]
INFO: [ view_filter ] --END-- [ RunTime:0.001000s ]
INFO: [ app_end ] --START--
INFO: Run Behavior\ShowPageTraceBehavior [ RunTime:0.001000s ]
INFO: [ app_end ] --END-- [ RunTime:0.001000s ]

[ 2015-04-17T22:20:43+08:00 ] 127.0.0.1 /DreamCMSCN/admin.php/Content/Category/index.html
INFO: [ app_init ] --START--
INFO: Run Behavior\BuildLiteBehavior [ RunTime:0.000000s ]
INFO: [ app_init ] --END-- [ RunTime:0.001000s ]
INFO: [ app_begin ] --START--
INFO: Run Behavior\ReadHtmlCacheBehavior [ RunTime:0.001000s ]
INFO: Run Behavior\FlChkLangBehavior [ RunTime:0.001000s ]
INFO: [ app_begin ] --END-- [ RunTime:0.003000s ]
NOTIC: [2048] Declaration of Auth\Controller\AuthbaseController::display() should be compatible with Think\Controller::display($templateFile = '', $charset = '', $contentType = '', $content = '', $prefix = '') F:\xampp\htdocs\DreamCMSCN\Admin\Auth\Controller\AuthbaseController.class.php 第 8 行.
NOTIC: [8] Use of undefined constant TMPL_PATH - assumed 'TMPL_PATH' F:\xampp\htdocs\DreamCMSCN\Admin\Common\Controller\AdminbaseController.class.php 第 14 行.
SQL: SHOW COLUMNS FROM `ur7_admin_auth_group` [ RunTime:0.0060s ]
SQL: SELECT * FROM `ur7_admin_auth_group` ORDER BY sort  [ RunTime:0.0010s ]
SQL: SHOW COLUMNS FROM `ur7_admin_auth_action` [ RunTime:0.0050s ]
NOTIC: [8] unserialize(): Error at offset 0 of 225 bytes F:\xampp\htdocs\DreamCMSCN\Core\Library\Think\Cache\Driver\File.class.php 第 104 行.
SQL: SELECT * FROM `ur7_admin_auth_action` WHERE `group` = 'Content' AND `controller` = 'Category' AND `action` = 'index' LIMIT 1   [ RunTime:0.0000s ]
SQL: SHOW COLUMNS FROM `ur7_category` [ RunTime:0.0040s ]
SQL: SELECT * FROM `ur7_category`  [ RunTime:0.0000s ]
INFO: [ view_filter ] --START--
INFO: Run Behavior\WriteHtmlCacheBehavior [ RunTime:0.001000s ]
INFO: [ view_filter ] --END-- [ RunTime:0.001000s ]
INFO: [ app_end ] --START--
INFO: Run Behavior\ShowPageTraceBehavior [ RunTime:0.001000s ]
INFO: [ app_end ] --END-- [ RunTime:0.001000s ]

[ 2015-04-17T22:20:47+08:00 ] 127.0.0.1 /DreamCMSCN/admin.php/Content/Model/index.html
INFO: [ app_init ] --START--
INFO: Run Behavior\BuildLiteBehavior [ RunTime:0.000000s ]
INFO: [ app_init ] --END-- [ RunTime:0.001000s ]
INFO: [ app_begin ] --START--
INFO: Run Behavior\ReadHtmlCacheBehavior [ RunTime:0.001000s ]
INFO: Run Behavior\FlChkLangBehavior [ RunTime:0.024001s ]
INFO: [ app_begin ] --END-- [ RunTime:0.026001s ]
NOTIC: [2048] Declaration of Auth\Controller\AuthbaseController::display() should be compatible with Think\Controller::display($templateFile = '', $charset = '', $contentType = '', $content = '', $prefix = '') F:\xampp\htdocs\DreamCMSCN\Admin\Auth\Controller\AuthbaseController.class.php 第 8 行.
NOTIC: [8] Use of undefined constant TMPL_PATH - assumed 'TMPL_PATH' F:\xampp\htdocs\DreamCMSCN\Admin\Common\Controller\AdminbaseController.class.php 第 14 行.
SQL: SHOW COLUMNS FROM `ur7_admin_auth_group` [ RunTime:0.0050s ]
SQL: SELECT * FROM `ur7_admin_auth_group` ORDER BY sort  [ RunTime:0.0010s ]
SQL: SHOW COLUMNS FROM `ur7_admin_auth_action` [ RunTime:0.0040s ]
SQL: SELECT * FROM `ur7_admin_auth_action` WHERE `group` = 'Content' AND `controller` = 'Model' AND `action` = 'index' LIMIT 1   [ RunTime:0.0000s ]
SQL: SHOW COLUMNS FROM `ur7_model` [ RunTime:0.0040s ]
SQL: SELECT * FROM `ur7_model`  [ RunTime:0.0010s ]
INFO: [ view_filter ] --START--
INFO: Run Behavior\WriteHtmlCacheBehavior [ RunTime:0.001000s ]
INFO: [ view_filter ] --END-- [ RunTime:0.001000s ]
INFO: [ app_end ] --START--
INFO: Run Behavior\ShowPageTraceBehavior [ RunTime:0.001000s ]
INFO: [ app_end ] --END-- [ RunTime:0.001000s ]

[ 2015-04-17T22:20:49+08:00 ] 127.0.0.1 /DreamCMSCN/admin.php/Content/Model/addmodel.html
INFO: [ app_init ] --START--
INFO: Run Behavior\BuildLiteBehavior [ RunTime:0.000000s ]
INFO: [ app_init ] --END-- [ RunTime:0.000000s ]
INFO: [ app_begin ] --START--
INFO: Run Behavior\ReadHtmlCacheBehavior [ RunTime:0.002000s ]
INFO: Run Behavior\FlChkLangBehavior [ RunTime:0.002000s ]
INFO: [ app_begin ] --END-- [ RunTime:0.004000s ]
NOTIC: [2048] Declaration of Auth\Controller\AuthbaseController::display() should be compatible with Think\Controller::display($templateFile = '', $charset = '', $contentType = '', $content = '', $prefix = '') F:\xampp\htdocs\DreamCMSCN\Admin\Auth\Controller\AuthbaseController.class.php 第 8 行.
NOTIC: [8] Use of undefined constant TMPL_PATH - assumed 'TMPL_PATH' F:\xampp\htdocs\DreamCMSCN\Admin\Common\Controller\AdminbaseController.class.php 第 14 行.
SQL: SHOW COLUMNS FROM `ur7_admin_auth_group` [ RunTime:0.0080s ]
SQL: SELECT * FROM `ur7_admin_auth_group` ORDER BY sort  [ RunTime:0.0010s ]
SQL: SHOW COLUMNS FROM `ur7_admin_auth_action` [ RunTime:0.0080s ]
SQL: SELECT * FROM `ur7_admin_auth_action` WHERE `group` = 'Content' AND `controller` = 'Model' AND `action` = 'addmodel' LIMIT 1   [ RunTime:0.0000s ]
INFO: [ view_filter ] --START--
INFO: Run Behavior\WriteHtmlCacheBehavior [ RunTime:0.001000s ]
INFO: [ view_filter ] --END-- [ RunTime:0.001000s ]
INFO: [ app_end ] --START--
INFO: Run Behavior\ShowPageTraceBehavior [ RunTime:0.001000s ]
INFO: [ app_end ] --END-- [ RunTime:0.001000s ]

[ 2015-04-17T22:20:55+08:00 ] 127.0.0.1 /DreamCMSCN/admin.php/Content/Model/addmodel.html
INFO: [ app_init ] --START--
INFO: Run Behavior\BuildLiteBehavior [ RunTime:0.000000s ]
INFO: [ app_init ] --END-- [ RunTime:0.000000s ]
INFO: [ app_begin ] --START--
INFO: Run Behavior\ReadHtmlCacheBehavior [ RunTime:0.001000s ]
INFO: Run Behavior\FlChkLangBehavior [ RunTime:0.002000s ]
INFO: [ app_begin ] --END-- [ RunTime:0.003000s ]
NOTIC: [2048] Declaration of Auth\Controller\AuthbaseController::display() should be compatible with Think\Controller::display($templateFile = '', $charset = '', $contentType = '', $content = '', $prefix = '') F:\xampp\htdocs\DreamCMSCN\Admin\Auth\Controller\AuthbaseController.class.php 第 8 行.
NOTIC: [8] Use of undefined constant TMPL_PATH - assumed 'TMPL_PATH' F:\xampp\htdocs\DreamCMSCN\Admin\Common\Controller\AdminbaseController.class.php 第 14 行.
SQL: SHOW COLUMNS FROM `ur7_admin_auth_group` [ RunTime:0.0060s ]
SQL: SELECT * FROM `ur7_admin_auth_group` ORDER BY sort  [ RunTime:0.0020s ]
SQL: SHOW COLUMNS FROM `ur7_admin_auth_action` [ RunTime:0.0060s ]
SQL: SHOW COLUMNS FROM `ur7_model` [ RunTime:0.0070s ]
SQL: SHOW COLUMNS FROM `ur7_model_field` [ RunTime:0.0300s ]
SQL: INSERT INTO `ur7_model` (`table`,`title`) VALUES ('','') [ RunTime:0.3140s ]
SQL: CREATE TABLE `ur7_` (`id` int(11) NOT NULL AUTO_INCREMENT,`cid` int(11) NOT NULL,`title` varchar(255) NOT NULL,`keyword` varchar(255),`desc` varchar(255),`thumb` varchar(255),`position` varchar(100), PRIMARY KEY (`id`)) ENGINE=InnoDB AUTO_INCREMENT=1 DEFAULT CHARSET=utf8; [ RunTime:2.1301s ]
SQL: CREATE TABLE `ur7__data` (`id` int(11) NOT NULL AUTO_INCREMENT,`aid` int(11) NOT NULL ,`content` text NOT NULL, PRIMARY KEY (`id`)) ENGINE=InnoDB AUTO_INCREMENT=1 DEFAULT CHARSET=utf8; [ RunTime:0.6970s ]
SQL: INSERT INTO `ur7_model_field` (`fieldname`,`type`,`reg`,`fieldvalue`,`isnull`,`tackattr`,`mid`,`plugin`,`issys`) VALUES ('title','text','','','1','style=\"width:100%\"','32','','1'),('keyword','text','','','0','style=\"width:100%\"','32','','1'),('desc','textarea','','','0','','32','','1'),('cid','cate','','','0','','32','','1'),('thumb','','','','0','','32','Webupload/Hook/Vhook/thumbupload','1'),('content','editor','','','0','','32','Ueditor/Hook/Vhook/ueditor','1'),('position','position','','','0','','32','','1') [ RunTime:0.1820s ]

