[ 2015-04-18T11:25:23+08:00 ] 127.0.0.1 /DreamCMSCN/Plugin.php/Collection/Admin/add.html
INFO: [ app_init ] --START--
INFO: Run Behavior\BuildLiteBehavior [ RunTime:0.000000s ]
INFO: [ app_init ] --END-- [ RunTime:0.000000s ]
INFO: [ app_begin ] --START--
INFO: Run Behavior\ReadHtmlCacheBehavior [ RunTime:0.001000s ]
INFO: Run Behavior\FlChkLangBehavior [ RunTime:0.001000s ]
INFO: [ app_begin ] --END-- [ RunTime:0.002000s ]
NOTIC: [2048] Declaration of Auth\Controller\AuthbaseController::display() should be compatible with Think\Controller::display($templateFile = '', $charset = '', $contentType = '', $content = '', $prefix = '') F:\xampp\htdocs\DreamCMSCN\Admin\Auth\Controller\AuthbaseController.class.php 第 8 行.
NOTIC: [2048] Declaration of Common\Controller\AdminpluginController::display() should be compatible with Auth\Controller\AuthbaseController::display($view = '') F:\xampp\htdocs\DreamCMSCN\Plugin\Common\Controller\AdminpluginController.class.php 第 8 行.
NOTIC: [8] Use of undefined constant TMPL_PATH - assumed 'TMPL_PATH' F:\xampp\htdocs\DreamCMSCN\Admin\Common\Controller\AdminbaseController.class.php 第 14 行.
SQL: SHOW COLUMNS FROM `ur7_admin_auth_group` [ RunTime:0.0030s ]
SQL: SELECT * FROM `ur7_admin_auth_group` ORDER BY sort  [ RunTime:0.0010s ]
SQL: SHOW COLUMNS FROM `ur7_admin_auth_action` [ RunTime:0.0040s ]
NOTIC: [8] unserialize(): Error at offset 0 of 227 bytes F:\xampp\htdocs\DreamCMSCN\Core\Library\Think\Cache\Driver\File.class.php 第 104 行.
SQL: SELECT * FROM `ur7_admin_auth_action` WHERE `group` = 'Collection' AND `controller` = 'Admin' AND `action` = 'add' LIMIT 1   [ RunTime:0.0000s ]
SQL: SHOW COLUMNS FROM `ur7_category` [ RunTime:0.1010s ]
SQL: SELECT * FROM `ur7_category` ORDER BY sort  [ RunTime:0.0000s ]
INFO: [ view_filter ] --START--
INFO: Run Behavior\WriteHtmlCacheBehavior [ RunTime:0.000000s ]
INFO: [ view_filter ] --END-- [ RunTime:0.000000s ]
INFO: [ app_end ] --START--
INFO: Run Behavior\ShowPageTraceBehavior [ RunTime:0.001000s ]
INFO: [ app_end ] --END-- [ RunTime:0.001000s ]

[ 2015-04-18T11:26:10+08:00 ] 127.0.0.1 /DreamCMSCN/plugin.php/Collection/Admin/testlist.html
INFO: [ app_init ] --START--
INFO: Run Behavior\BuildLiteBehavior [ RunTime:0.000000s ]
INFO: [ app_init ] --END-- [ RunTime:0.000000s ]
INFO: [ app_begin ] --START--
INFO: Run Behavior\ReadHtmlCacheBehavior [ RunTime:0.000000s ]
INFO: Run Behavior\FlChkLangBehavior [ RunTime:0.001000s ]
INFO: [ app_begin ] --END-- [ RunTime:0.002000s ]
NOTIC: [2048] Declaration of Auth\Controller\AuthbaseController::display() should be compatible with Think\Controller::display($templateFile = '', $charset = '', $contentType = '', $content = '', $prefix = '') F:\xampp\htdocs\DreamCMSCN\Admin\Auth\Controller\AuthbaseController.class.php 第 8 行.
NOTIC: [2048] Declaration of Common\Controller\AdminpluginController::display() should be compatible with Auth\Controller\AuthbaseController::display($view = '') F:\xampp\htdocs\DreamCMSCN\Plugin\Common\Controller\AdminpluginController.class.php 第 8 行.
NOTIC: [8] Use of undefined constant TMPL_PATH - assumed 'TMPL_PATH' F:\xampp\htdocs\DreamCMSCN\Admin\Common\Controller\AdminbaseController.class.php 第 14 行.
SQL: SHOW COLUMNS FROM `ur7_admin_auth_group` [ RunTime:0.0030s ]
SQL: SELECT * FROM `ur7_admin_auth_group` ORDER BY sort  [ RunTime:0.0000s ]
SQL: SHOW COLUMNS FROM `ur7_admin_auth_action` [ RunTime:0.0030s ]
SQL: SELECT * FROM `ur7_admin_auth_action` WHERE `group` = 'Collection' AND `controller` = 'Admin' AND `action` = 'testlist' LIMIT 1   [ RunTime:0.0010s ]
NOTIC: [8] Undefined index: listobj F:\xampp\htdocs\DreamCMSCN\Plugin\Collection\Controller\AdminController.class.php 第 108 行.
NOTIC: [2] file_get_contents(): Filename cannot be empty F:\xampp\htdocs\DreamCMSCN\Core\Library\Vendor\phpQuery\phpQuery.class.php 第 4767 行.
INFO: [ app_end ] --START--
INFO: Run Behavior\ShowPageTraceBehavior [ RunTime:0.003000s ]
INFO: [ app_end ] --END-- [ RunTime:0.003000s ]

